Symlinking /home/mataiyuan/ASD-SLAM/devel/share/aslam_cv_common/cmake/aslam_cv_commonConfig.cmake
Symlinking /home/mataiyuan/ASD-SLAM/devel/share/aslam_cv_common/cmake/aslam_cv_commonConfig-version.cmake
Symlinking /home/mataiyuan/ASD-SLAM/devel/include/aslam/common/channel-declaration.h
Symlinking /home/mataiyuan/ASD-SLAM/devel/include/aslam/common/yaml-serialization-eigen.h
Symlinking /home/mataiyuan/ASD-SLAM/devel/include/aslam/common/reader-writer-lock.h
Symlinking /home/mataiyuan/ASD-SLAM/devel/include/aslam/common/pose-types.h
Symlinking /home/mataiyuan/ASD-SLAM/devel/include/aslam/common/time.h
Symlinking /home/mataiyuan/ASD-SLAM/devel/include/aslam/common/entrypoint.h
Symlinking /home/mataiyuan/ASD-SLAM/devel/include/aslam/common/timer.h
Symlinking /home/mataiyuan/ASD-SLAM/devel/include/aslam/common/crtp-clone.h
Symlinking /home/mataiyuan/ASD-SLAM/devel/include/aslam/common/macros.h
Symlinking /home/mataiyuan/ASD-SLAM/devel/include/aslam/common/occupancy-grid.h
Symlinking /home/mataiyuan/ASD-SLAM/devel/include/aslam/common/types.h
Symlinking /home/mataiyuan/ASD-SLAM/devel/include/aslam/common/predicates.h
Symlinking /home/mataiyuan/ASD-SLAM/devel/include/aslam/common/feature-descriptor-ref-inl.h
Symlinking /home/mataiyuan/ASD-SLAM/devel/include/aslam/common/meta.h
Symlinking /home/mataiyuan/ASD-SLAM/devel/include/aslam/common/stl-helpers-inl.h
Symlinking /home/mataiyuan/ASD-SLAM/devel/include/aslam/common/opencv-predicates.h
Symlinking /home/mataiyuan/ASD-SLAM/devel/include/aslam/common/yaml-serialization.h
Symlinking /home/mataiyuan/ASD-SLAM/devel/include/aslam/common/hash-id.h
Symlinking /home/mataiyuan/ASD-SLAM/devel/include/aslam/common/thread-pool.h
Symlinking /home/mataiyuan/ASD-SLAM/devel/include/aslam/common/feature-descriptor-ref.h
Symlinking /home/mataiyuan/ASD-SLAM/devel/include/aslam/common/hamming.h
Symlinking /home/mataiyuan/ASD-SLAM/devel/include/aslam/common/occupancy-grid-inl.h
Symlinking /home/mataiyuan/ASD-SLAM/devel/include/aslam/common/channel-external-declaration.h
Symlinking /home/mataiyuan/ASD-SLAM/devel/include/aslam/common/numdiff-jacobian-tester.h
Symlinking /home/mataiyuan/ASD-SLAM/devel/include/aslam/common/channel.h
Symlinking /home/mataiyuan/ASD-SLAM/devel/include/aslam/common/descriptor-utils.h
Symlinking /home/mataiyuan/ASD-SLAM/devel/include/aslam/common/undistort-helpers.h
Symlinking /home/mataiyuan/ASD-SLAM/devel/include/aslam/common/reader-first-reader-writer-lock.h
Symlinking /home/mataiyuan/ASD-SLAM/devel/include/aslam/common/channel-definitions.h
Symlinking /home/mataiyuan/ASD-SLAM/devel/include/aslam/common/channel-serialization.h
Symlinking /home/mataiyuan/ASD-SLAM/devel/include/aslam/common/eigen-hash.h
Symlinking /home/mataiyuan/ASD-SLAM/devel/include/aslam/common/hamming-inl.h
Symlinking /home/mataiyuan/ASD-SLAM/devel/include/aslam/common/memory.h
Symlinking /home/mataiyuan/ASD-SLAM/devel/include/aslam/common/stl-helpers.h
Symlinking /home/mataiyuan/ASD-SLAM/devel/include/aslam/common/unique-id.h
Symlinking /home/mataiyuan/ASD-SLAM/devel/include/aslam/common/neon-helpers.h
Symlinking /home/mataiyuan/ASD-SLAM/devel/include/aslam/common/statistics/accumulator.h
Symlinking /home/mataiyuan/ASD-SLAM/devel/include/aslam/common/statistics/statistics.h
Symlinking /home/mataiyuan/ASD-SLAM/devel/lib/libaslam_cv_common.so
Symlinking /home/mataiyuan/ASD-SLAM/devel/lib/pkgconfig/aslam_cv_common.pc
