Linked: (/home/mataiyuan/ASD-SLAM/devel/.private/aslam_cv_common/share/aslam_cv_common/cmake/aslam_cv_commonConfig.cmake, /home/mataiyuan/ASD-SLAM/devel/share/aslam_cv_common/cmake/aslam_cv_commonConfig.cmake)
Linked: (/home/mataiyuan/ASD-SLAM/devel/.private/aslam_cv_common/share/aslam_cv_common/cmake/aslam_cv_commonConfig-version.cmake, /home/mataiyuan/ASD-SLAM/devel/share/aslam_cv_common/cmake/aslam_cv_commonConfig-version.cmake)
Linked: (/home/mataiyuan/ASD-SLAM/devel/.private/aslam_cv_common/include/aslam/common/channel-declaration.h, /home/mataiyuan/ASD-SLAM/devel/include/aslam/common/channel-declaration.h)
Linked: (/home/mataiyuan/ASD-SLAM/devel/.private/aslam_cv_common/include/aslam/common/yaml-serialization-eigen.h, /home/mataiyuan/ASD-SLAM/devel/include/aslam/common/yaml-serialization-eigen.h)
Linked: (/home/mataiyuan/ASD-SLAM/devel/.private/aslam_cv_common/include/aslam/common/reader-writer-lock.h, /home/mataiyuan/ASD-SLAM/devel/include/aslam/common/reader-writer-lock.h)
Linked: (/home/mataiyuan/ASD-SLAM/devel/.private/aslam_cv_common/include/aslam/common/pose-types.h, /home/mataiyuan/ASD-SLAM/devel/include/aslam/common/pose-types.h)
Linked: (/home/mataiyuan/ASD-SLAM/devel/.private/aslam_cv_common/include/aslam/common/time.h, /home/mataiyuan/ASD-SLAM/devel/include/aslam/common/time.h)
Linked: (/home/mataiyuan/ASD-SLAM/devel/.private/aslam_cv_common/include/aslam/common/entrypoint.h, /home/mataiyuan/ASD-SLAM/devel/include/aslam/common/entrypoint.h)
Linked: (/home/mataiyuan/ASD-SLAM/devel/.private/aslam_cv_common/include/aslam/common/timer.h, /home/mataiyuan/ASD-SLAM/devel/include/aslam/common/timer.h)
Linked: (/home/mataiyuan/ASD-SLAM/devel/.private/aslam_cv_common/include/aslam/common/crtp-clone.h, /home/mataiyuan/ASD-SLAM/devel/include/aslam/common/crtp-clone.h)
Linked: (/home/mataiyuan/ASD-SLAM/devel/.private/aslam_cv_common/include/aslam/common/macros.h, /home/mataiyuan/ASD-SLAM/devel/include/aslam/common/macros.h)
Linked: (/home/mataiyuan/ASD-SLAM/devel/.private/aslam_cv_common/include/aslam/common/occupancy-grid.h, /home/mataiyuan/ASD-SLAM/devel/include/aslam/common/occupancy-grid.h)
Linked: (/home/mataiyuan/ASD-SLAM/devel/.private/aslam_cv_common/include/aslam/common/types.h, /home/mataiyuan/ASD-SLAM/devel/include/aslam/common/types.h)
Linked: (/home/mataiyuan/ASD-SLAM/devel/.private/aslam_cv_common/include/aslam/common/predicates.h, /home/mataiyuan/ASD-SLAM/devel/include/aslam/common/predicates.h)
Linked: (/home/mataiyuan/ASD-SLAM/devel/.private/aslam_cv_common/include/aslam/common/feature-descriptor-ref-inl.h, /home/mataiyuan/ASD-SLAM/devel/include/aslam/common/feature-descriptor-ref-inl.h)
Linked: (/home/mataiyuan/ASD-SLAM/devel/.private/aslam_cv_common/include/aslam/common/meta.h, /home/mataiyuan/ASD-SLAM/devel/include/aslam/common/meta.h)
Linked: (/home/mataiyuan/ASD-SLAM/devel/.private/aslam_cv_common/include/aslam/common/stl-helpers-inl.h, /home/mataiyuan/ASD-SLAM/devel/include/aslam/common/stl-helpers-inl.h)
Linked: (/home/mataiyuan/ASD-SLAM/devel/.private/aslam_cv_common/include/aslam/common/opencv-predicates.h, /home/mataiyuan/ASD-SLAM/devel/include/aslam/common/opencv-predicates.h)
Linked: (/home/mataiyuan/ASD-SLAM/devel/.private/aslam_cv_common/include/aslam/common/yaml-serialization.h, /home/mataiyuan/ASD-SLAM/devel/include/aslam/common/yaml-serialization.h)
Linked: (/home/mataiyuan/ASD-SLAM/devel/.private/aslam_cv_common/include/aslam/common/hash-id.h, /home/mataiyuan/ASD-SLAM/devel/include/aslam/common/hash-id.h)
Linked: (/home/mataiyuan/ASD-SLAM/devel/.private/aslam_cv_common/include/aslam/common/thread-pool.h, /home/mataiyuan/ASD-SLAM/devel/include/aslam/common/thread-pool.h)
Linked: (/home/mataiyuan/ASD-SLAM/devel/.private/aslam_cv_common/include/aslam/common/feature-descriptor-ref.h, /home/mataiyuan/ASD-SLAM/devel/include/aslam/common/feature-descriptor-ref.h)
Linked: (/home/mataiyuan/ASD-SLAM/devel/.private/aslam_cv_common/include/aslam/common/hamming.h, /home/mataiyuan/ASD-SLAM/devel/include/aslam/common/hamming.h)
Linked: (/home/mataiyuan/ASD-SLAM/devel/.private/aslam_cv_common/include/aslam/common/occupancy-grid-inl.h, /home/mataiyuan/ASD-SLAM/devel/include/aslam/common/occupancy-grid-inl.h)
Linked: (/home/mataiyuan/ASD-SLAM/devel/.private/aslam_cv_common/include/aslam/common/channel-external-declaration.h, /home/mataiyuan/ASD-SLAM/devel/include/aslam/common/channel-external-declaration.h)
Linked: (/home/mataiyuan/ASD-SLAM/devel/.private/aslam_cv_common/include/aslam/common/numdiff-jacobian-tester.h, /home/mataiyuan/ASD-SLAM/devel/include/aslam/common/numdiff-jacobian-tester.h)
Linked: (/home/mataiyuan/ASD-SLAM/devel/.private/aslam_cv_common/include/aslam/common/channel.h, /home/mataiyuan/ASD-SLAM/devel/include/aslam/common/channel.h)
Linked: (/home/mataiyuan/ASD-SLAM/devel/.private/aslam_cv_common/include/aslam/common/descriptor-utils.h, /home/mataiyuan/ASD-SLAM/devel/include/aslam/common/descriptor-utils.h)
Linked: (/home/mataiyuan/ASD-SLAM/devel/.private/aslam_cv_common/include/aslam/common/undistort-helpers.h, /home/mataiyuan/ASD-SLAM/devel/include/aslam/common/undistort-helpers.h)
Linked: (/home/mataiyuan/ASD-SLAM/devel/.private/aslam_cv_common/include/aslam/common/reader-first-reader-writer-lock.h, /home/mataiyuan/ASD-SLAM/devel/include/aslam/common/reader-first-reader-writer-lock.h)
Linked: (/home/mataiyuan/ASD-SLAM/devel/.private/aslam_cv_common/include/aslam/common/channel-definitions.h, /home/mataiyuan/ASD-SLAM/devel/include/aslam/common/channel-definitions.h)
Linked: (/home/mataiyuan/ASD-SLAM/devel/.private/aslam_cv_common/include/aslam/common/channel-serialization.h, /home/mataiyuan/ASD-SLAM/devel/include/aslam/common/channel-serialization.h)
Linked: (/home/mataiyuan/ASD-SLAM/devel/.private/aslam_cv_common/include/aslam/common/eigen-hash.h, /home/mataiyuan/ASD-SLAM/devel/include/aslam/common/eigen-hash.h)
Linked: (/home/mataiyuan/ASD-SLAM/devel/.private/aslam_cv_common/include/aslam/common/hamming-inl.h, /home/mataiyuan/ASD-SLAM/devel/include/aslam/common/hamming-inl.h)
Linked: (/home/mataiyuan/ASD-SLAM/devel/.private/aslam_cv_common/include/aslam/common/memory.h, /home/mataiyuan/ASD-SLAM/devel/include/aslam/common/memory.h)
Linked: (/home/mataiyuan/ASD-SLAM/devel/.private/aslam_cv_common/include/aslam/common/stl-helpers.h, /home/mataiyuan/ASD-SLAM/devel/include/aslam/common/stl-helpers.h)
Linked: (/home/mataiyuan/ASD-SLAM/devel/.private/aslam_cv_common/include/aslam/common/unique-id.h, /home/mataiyuan/ASD-SLAM/devel/include/aslam/common/unique-id.h)
Linked: (/home/mataiyuan/ASD-SLAM/devel/.private/aslam_cv_common/include/aslam/common/neon-helpers.h, /home/mataiyuan/ASD-SLAM/devel/include/aslam/common/neon-helpers.h)
Linked: (/home/mataiyuan/ASD-SLAM/devel/.private/aslam_cv_common/include/aslam/common/statistics/accumulator.h, /home/mataiyuan/ASD-SLAM/devel/include/aslam/common/statistics/accumulator.h)
Linked: (/home/mataiyuan/ASD-SLAM/devel/.private/aslam_cv_common/include/aslam/common/statistics/statistics.h, /home/mataiyuan/ASD-SLAM/devel/include/aslam/common/statistics/statistics.h)
Linked: (/home/mataiyuan/ASD-SLAM/devel/.private/aslam_cv_common/lib/libaslam_cv_common.so, /home/mataiyuan/ASD-SLAM/devel/lib/libaslam_cv_common.so)
Linked: (/home/mataiyuan/ASD-SLAM/devel/.private/aslam_cv_common/lib/pkgconfig/aslam_cv_common.pc, /home/mataiyuan/ASD-SLAM/devel/lib/pkgconfig/aslam_cv_common.pc)
