Linked: (/home/mataiyuan/ASD-SLAM/devel/.private/yaml_cpp_catkin/share/yaml_cpp_catkin/cmake/yaml_cpp_catkinConfig.cmake, /home/mataiyuan/ASD-SLAM/devel/share/yaml_cpp_catkin/cmake/yaml_cpp_catkinConfig.cmake)
Linked: (/home/mataiyuan/ASD-SLAM/devel/.private/yaml_cpp_catkin/share/yaml_cpp_catkin/cmake/yaml-cpp-extras.cmake, /home/mataiyuan/ASD-SLAM/devel/share/yaml_cpp_catkin/cmake/yaml-cpp-extras.cmake)
Linked: (/home/mataiyuan/ASD-SLAM/devel/.private/yaml_cpp_catkin/share/yaml_cpp_catkin/cmake/yaml_cpp_catkinConfig-version.cmake, /home/mataiyuan/ASD-SLAM/devel/share/yaml_cpp_catkin/cmake/yaml_cpp_catkinConfig-version.cmake)
Linked: (/home/mataiyuan/ASD-SLAM/devel/.private/yaml_cpp_catkin/include/yaml-cpp/noncopyable.h, /home/mataiyuan/ASD-SLAM/devel/include/yaml-cpp/noncopyable.h)
Linked: (/home/mataiyuan/ASD-SLAM/devel/.private/yaml_cpp_catkin/include/yaml-cpp/traits.h, /home/mataiyuan/ASD-SLAM/devel/include/yaml-cpp/traits.h)
Linked: (/home/mataiyuan/ASD-SLAM/devel/.private/yaml_cpp_catkin/include/yaml-cpp/emitterdef.h, /home/mataiyuan/ASD-SLAM/devel/include/yaml-cpp/emitterdef.h)
Linked: (/home/mataiyuan/ASD-SLAM/devel/.private/yaml_cpp_catkin/include/yaml-cpp/stlemitter.h, /home/mataiyuan/ASD-SLAM/devel/include/yaml-cpp/stlemitter.h)
Linked: (/home/mataiyuan/ASD-SLAM/devel/.private/yaml_cpp_catkin/include/yaml-cpp/emitter.h, /home/mataiyuan/ASD-SLAM/devel/include/yaml-cpp/emitter.h)
Linked: (/home/mataiyuan/ASD-SLAM/devel/.private/yaml_cpp_catkin/include/yaml-cpp/ostream_wrapper.h, /home/mataiyuan/ASD-SLAM/devel/include/yaml-cpp/ostream_wrapper.h)
Linked: (/home/mataiyuan/ASD-SLAM/devel/.private/yaml_cpp_catkin/include/yaml-cpp/yaml.h, /home/mataiyuan/ASD-SLAM/devel/include/yaml-cpp/yaml.h)
Linked: (/home/mataiyuan/ASD-SLAM/devel/.private/yaml_cpp_catkin/include/yaml-cpp/emitterstyle.h, /home/mataiyuan/ASD-SLAM/devel/include/yaml-cpp/emitterstyle.h)
Linked: (/home/mataiyuan/ASD-SLAM/devel/.private/yaml_cpp_catkin/include/yaml-cpp/exceptions.h, /home/mataiyuan/ASD-SLAM/devel/include/yaml-cpp/exceptions.h)
Linked: (/home/mataiyuan/ASD-SLAM/devel/.private/yaml_cpp_catkin/include/yaml-cpp/parser.h, /home/mataiyuan/ASD-SLAM/devel/include/yaml-cpp/parser.h)
Linked: (/home/mataiyuan/ASD-SLAM/devel/.private/yaml_cpp_catkin/include/yaml-cpp/mark.h, /home/mataiyuan/ASD-SLAM/devel/include/yaml-cpp/mark.h)
Linked: (/home/mataiyuan/ASD-SLAM/devel/.private/yaml_cpp_catkin/include/yaml-cpp/binary.h, /home/mataiyuan/ASD-SLAM/devel/include/yaml-cpp/binary.h)
Linked: (/home/mataiyuan/ASD-SLAM/devel/.private/yaml_cpp_catkin/include/yaml-cpp/anchor.h, /home/mataiyuan/ASD-SLAM/devel/include/yaml-cpp/anchor.h)
Linked: (/home/mataiyuan/ASD-SLAM/devel/.private/yaml_cpp_catkin/include/yaml-cpp/null.h, /home/mataiyuan/ASD-SLAM/devel/include/yaml-cpp/null.h)
Linked: (/home/mataiyuan/ASD-SLAM/devel/.private/yaml_cpp_catkin/include/yaml-cpp/eventhandler.h, /home/mataiyuan/ASD-SLAM/devel/include/yaml-cpp/eventhandler.h)
Linked: (/home/mataiyuan/ASD-SLAM/devel/.private/yaml_cpp_catkin/include/yaml-cpp/emitfromevents.h, /home/mataiyuan/ASD-SLAM/devel/include/yaml-cpp/emitfromevents.h)
Linked: (/home/mataiyuan/ASD-SLAM/devel/.private/yaml_cpp_catkin/include/yaml-cpp/emittermanip.h, /home/mataiyuan/ASD-SLAM/devel/include/yaml-cpp/emittermanip.h)
Linked: (/home/mataiyuan/ASD-SLAM/devel/.private/yaml_cpp_catkin/include/yaml-cpp/dll.h, /home/mataiyuan/ASD-SLAM/devel/include/yaml-cpp/dll.h)
Linked: (/home/mataiyuan/ASD-SLAM/devel/.private/yaml_cpp_catkin/include/yaml-cpp/node/parse.h, /home/mataiyuan/ASD-SLAM/devel/include/yaml-cpp/node/parse.h)
Linked: (/home/mataiyuan/ASD-SLAM/devel/.private/yaml_cpp_catkin/include/yaml-cpp/node/convert.h, /home/mataiyuan/ASD-SLAM/devel/include/yaml-cpp/node/convert.h)
Linked: (/home/mataiyuan/ASD-SLAM/devel/.private/yaml_cpp_catkin/include/yaml-cpp/node/emit.h, /home/mataiyuan/ASD-SLAM/devel/include/yaml-cpp/node/emit.h)
Linked: (/home/mataiyuan/ASD-SLAM/devel/.private/yaml_cpp_catkin/include/yaml-cpp/node/type.h, /home/mataiyuan/ASD-SLAM/devel/include/yaml-cpp/node/type.h)
Linked: (/home/mataiyuan/ASD-SLAM/devel/.private/yaml_cpp_catkin/include/yaml-cpp/node/impl.h, /home/mataiyuan/ASD-SLAM/devel/include/yaml-cpp/node/impl.h)
Linked: (/home/mataiyuan/ASD-SLAM/devel/.private/yaml_cpp_catkin/include/yaml-cpp/node/ptr.h, /home/mataiyuan/ASD-SLAM/devel/include/yaml-cpp/node/ptr.h)
Linked: (/home/mataiyuan/ASD-SLAM/devel/.private/yaml_cpp_catkin/include/yaml-cpp/node/node.h, /home/mataiyuan/ASD-SLAM/devel/include/yaml-cpp/node/node.h)
Linked: (/home/mataiyuan/ASD-SLAM/devel/.private/yaml_cpp_catkin/include/yaml-cpp/node/iterator.h, /home/mataiyuan/ASD-SLAM/devel/include/yaml-cpp/node/iterator.h)
Linked: (/home/mataiyuan/ASD-SLAM/devel/.private/yaml_cpp_catkin/include/yaml-cpp/node/detail/iterator_fwd.h, /home/mataiyuan/ASD-SLAM/devel/include/yaml-cpp/node/detail/iterator_fwd.h)
Linked: (/home/mataiyuan/ASD-SLAM/devel/.private/yaml_cpp_catkin/include/yaml-cpp/node/detail/impl.h, /home/mataiyuan/ASD-SLAM/devel/include/yaml-cpp/node/detail/impl.h)
Linked: (/home/mataiyuan/ASD-SLAM/devel/.private/yaml_cpp_catkin/include/yaml-cpp/node/detail/node.h, /home/mataiyuan/ASD-SLAM/devel/include/yaml-cpp/node/detail/node.h)
Linked: (/home/mataiyuan/ASD-SLAM/devel/.private/yaml_cpp_catkin/include/yaml-cpp/node/detail/bool_type.h, /home/mataiyuan/ASD-SLAM/devel/include/yaml-cpp/node/detail/bool_type.h)
Linked: (/home/mataiyuan/ASD-SLAM/devel/.private/yaml_cpp_catkin/include/yaml-cpp/node/detail/node_data.h, /home/mataiyuan/ASD-SLAM/devel/include/yaml-cpp/node/detail/node_data.h)
Linked: (/home/mataiyuan/ASD-SLAM/devel/.private/yaml_cpp_catkin/include/yaml-cpp/node/detail/iterator.h, /home/mataiyuan/ASD-SLAM/devel/include/yaml-cpp/node/detail/iterator.h)
Linked: (/home/mataiyuan/ASD-SLAM/devel/.private/yaml_cpp_catkin/include/yaml-cpp/node/detail/memory.h, /home/mataiyuan/ASD-SLAM/devel/include/yaml-cpp/node/detail/memory.h)
Linked: (/home/mataiyuan/ASD-SLAM/devel/.private/yaml_cpp_catkin/include/yaml-cpp/node/detail/node_ref.h, /home/mataiyuan/ASD-SLAM/devel/include/yaml-cpp/node/detail/node_ref.h)
Linked: (/home/mataiyuan/ASD-SLAM/devel/.private/yaml_cpp_catkin/include/yaml-cpp/node/detail/node_iterator.h, /home/mataiyuan/ASD-SLAM/devel/include/yaml-cpp/node/detail/node_iterator.h)
Linked: (/home/mataiyuan/ASD-SLAM/devel/.private/yaml_cpp_catkin/include/yaml-cpp/contrib/graphbuilder.h, /home/mataiyuan/ASD-SLAM/devel/include/yaml-cpp/contrib/graphbuilder.h)
Linked: (/home/mataiyuan/ASD-SLAM/devel/.private/yaml_cpp_catkin/include/yaml-cpp/contrib/anchordict.h, /home/mataiyuan/ASD-SLAM/devel/include/yaml-cpp/contrib/anchordict.h)
Linked: (/home/mataiyuan/ASD-SLAM/devel/.private/yaml_cpp_catkin/lib/libyaml_cpp_catkin.so, /home/mataiyuan/ASD-SLAM/devel/lib/libyaml_cpp_catkin.so)
Linked: (/home/mataiyuan/ASD-SLAM/devel/.private/yaml_cpp_catkin/lib/libyaml-cpp0.5.so, /home/mataiyuan/ASD-SLAM/devel/lib/libyaml-cpp0.5.so)
Linked: (/home/mataiyuan/ASD-SLAM/devel/.private/yaml_cpp_catkin/lib/libyaml-cpp0.5.so.0.5.3, /home/mataiyuan/ASD-SLAM/devel/lib/libyaml-cpp0.5.so.0.5.3)
Linked: (/home/mataiyuan/ASD-SLAM/devel/.private/yaml_cpp_catkin/lib/libyaml-cpp0.5.so.0.5, /home/mataiyuan/ASD-SLAM/devel/lib/libyaml-cpp0.5.so.0.5)
Linked: (/home/mataiyuan/ASD-SLAM/devel/.private/yaml_cpp_catkin/lib/cmake/yaml-cpp/yaml-cpp0.5-config.cmake, /home/mataiyuan/ASD-SLAM/devel/lib/cmake/yaml-cpp/yaml-cpp0.5-config.cmake)
Linked: (/home/mataiyuan/ASD-SLAM/devel/.private/yaml_cpp_catkin/lib/cmake/yaml-cpp/yaml-cpp0.5-targets.cmake, /home/mataiyuan/ASD-SLAM/devel/lib/cmake/yaml-cpp/yaml-cpp0.5-targets.cmake)
Linked: (/home/mataiyuan/ASD-SLAM/devel/.private/yaml_cpp_catkin/lib/cmake/yaml-cpp/yaml-cpp0.5-targets-release.cmake, /home/mataiyuan/ASD-SLAM/devel/lib/cmake/yaml-cpp/yaml-cpp0.5-targets-release.cmake)
Linked: (/home/mataiyuan/ASD-SLAM/devel/.private/yaml_cpp_catkin/lib/cmake/yaml-cpp/yaml-cpp0.5-config-version.cmake, /home/mataiyuan/ASD-SLAM/devel/lib/cmake/yaml-cpp/yaml-cpp0.5-config-version.cmake)
Linked: (/home/mataiyuan/ASD-SLAM/devel/.private/yaml_cpp_catkin/lib/pkgconfig/yaml_cpp_catkin.pc, /home/mataiyuan/ASD-SLAM/devel/lib/pkgconfig/yaml_cpp_catkin.pc)
Linked: (/home/mataiyuan/ASD-SLAM/devel/.private/yaml_cpp_catkin/lib/pkgconfig/yaml-cpp0.5.pc, /home/mataiyuan/ASD-SLAM/devel/lib/pkgconfig/yaml-cpp0.5.pc)
