[36m--[0m Using CATKIN_DEVEL_PREFIX: /home/mataiyuan/ASD-SLAM/devel/.private/vslam
[36m--[0m Using CMAKE_PREFIX_PATH: /home/mataiyuan/ASD-SLAM/devel;/home/mataiyuan/catkin_ws/devel;/opt/ros/kinetic
[36m--[0m This workspace overlays: /home/mataiyuan/ASD-SLAM/devel;/home/mataiyuan/catkin_ws/devel;/opt/ros/kinetic
[36m--[0m Using PYTHON_EXECUTABLE: /usr/bin/python
[36m--[0m Using Debian Python package layout
[36m--[0m Using empy: /usr/bin/empy
[36m--[0m Using CATKIN_ENABLE_TESTING: ON
[36m--[0m Call enable_testing()
[36m--[0m Using CATKIN_TEST_RESULTS_DIR: /home/mataiyuan/ASD-SLAM/build/vslam/test_results
[36m--[0m Found gmock sources under '/usr/src/gmock': gmock will be built
[36m--[0m Found gtest sources under '/usr/src/gmock': gtests will be built
[36m--[0m Using Python nosetests: /usr/bin/nosetests-2.7
[36m--[0m catkin 0.7.11
[36m--[0m Using these message generators: gencpp;geneus;genlisp;gennodejs;genpy
[36m--[0m Timers enabled? FALSE
[36m--[0m Statistics enabled? FALSE
[36m--[0m Caffe2: CUDA detected: 9.0
[36m--[0m Caffe2: CUDA nvcc is: /usr/local/cuda/bin/nvcc
[36m--[0m Caffe2: CUDA toolkit directory: /usr/local/cuda
[36m--[0m Caffe2: Header version is: 9.0
[36m--[0m Found cuDNN: v7.0.5  (include: /usr/local/cuda/include, library: /usr/local/cuda/lib64/libcudnn.so)
[36m--[0m Autodetected CUDA architecture(s):  6.1
[36m--[0m Added CUDA NVCC flags for: -gencode;arch=compute_61,code=sm_61
[36m--[0m Marking SHARED_LIBRARY "vslam" of package "vslam" for installation
[36m--[0m Marking EXECUTABLE "euroc" of package "vslam" for installation
[36m--[0m Marking EXECUTABLE "kitti" of package "vslam" for installation
[36m--[0m Marking HEADER FILES in "include" folder of package "vslam" for installation
[36m--[0m Configuring done
[36m--[0m Generating done
[36m--[0m Build files have been written to: /home/mataiyuan/ASD-SLAM/build/vslam
