Not searching for unused variables given on the command line.
[36m--[0m The C compiler identification is GNU 5.4.0
[36m--[0m The CXX compiler identification is GNU 5.4.0
[36m--[0m Check for working C compiler: /usr/bin/cc
[36m--[0m Check for working C compiler: /usr/bin/cc -- works
[36m--[0m Detecting C compiler ABI info
[36m--[0m Detecting C compiler ABI info - done
[36m--[0m Detecting C compile features
[36m--[0m Detecting C compile features - done
[36m--[0m Check for working CXX compiler: /usr/bin/c++
[36m--[0m Check for working CXX compiler: /usr/bin/c++ -- works
[36m--[0m Detecting CXX compiler ABI info
[36m--[0m Detecting CXX compiler ABI info - done
[36m--[0m Detecting CXX compile features
[36m--[0m Detecting CXX compile features - done
[36m--[0m Using CATKIN_DEVEL_PREFIX: /home/mataiyuan/ASD-SLAM/devel/.private/vslam
[36m--[0m Using CMAKE_PREFIX_PATH: /home/mataiyuan/ASD-SLAM/devel;/home/mataiyuan/catkin_ws/devel;/opt/ros/kinetic
[36m--[0m This workspace overlays: /home/mataiyuan/ASD-SLAM/devel;/home/mataiyuan/catkin_ws/devel;/opt/ros/kinetic
[36m--[0m Found PythonInterp: /usr/bin/python (found version "2.7.12")
[36m--[0m Using PYTHON_EXECUTABLE: /usr/bin/python
[36m--[0m Using Debian Python package layout
[36m--[0m Using empy: /usr/bin/empy
[36m--[0m Using CATKIN_ENABLE_TESTING: ON
[36m--[0m Call enable_testing()
[36m--[0m Using CATKIN_TEST_RESULTS_DIR: /home/mataiyuan/ASD-SLAM/build/vslam/test_results
[36m--[0m Found gmock sources under '/usr/src/gmock': gmock will be built
[36m--[0m Looking for pthread.h
[36m--[0m Looking for pthread.h - found
[36m--[0m Looking for pthread_create
[36m--[0m Looking for pthread_create - not found
[36m--[0m Looking for pthread_create in pthreads
[36m--[0m Looking for pthread_create in pthreads - not found
[36m--[0m Looking for pthread_create in pthread
[36m--[0m Looking for pthread_create in pthread - found
[36m--[0m Found Threads: TRUE
[36m--[0m Found gtest sources under '/usr/src/gmock': gtests will be built
[36m--[0m Using Python nosetests: /usr/bin/nosetests-2.7
[36m--[0m catkin 0.7.11
[36m--[0m Using these message generators: gencpp;geneus;genlisp;gennodejs;genpy
[36m--[0m Timers enabled? FALSE
[36m--[0m Statistics enabled? FALSE
[36m--[0m Found CUDA: /usr/local/cuda (found version "9.0")
[36m--[0m Caffe2: CUDA detected: 9.0
[36m--[0m Caffe2: CUDA nvcc is: /usr/local/cuda/bin/nvcc
[36m--[0m Caffe2: CUDA toolkit directory: /usr/local/cuda
[36m--[0m Caffe2: Header version is: 9.0
[36m--[0m Found CUDNN: /usr/local/cuda/lib64/libcudnn.so
[36m--[0m Found cuDNN: v7.0.5  (include: /usr/local/cuda/include, library: /usr/local/cuda/lib64/libcudnn.so)
[36m--[0m Autodetected CUDA architecture(s):  6.1
[36m--[0m Added CUDA NVCC flags for: -gencode;arch=compute_61,code=sm_61
[31m[1mCMake Error[0m at /home/mataiyuan/ASD-SLAM/src/vslam/cmake_modules/Caffe2/Caffe2Targets.cmake:90 (message):
  The imported target "c10_cuda" references the file

     "/home/mataiyuan/ASD-SLAM/src/lib/libc10_cuda.so"

  but this file does not exist.  Possible reasons include:

  * The file was deleted, renamed, or moved to another location.

  * An install or uninstall procedure did not complete successfully.

  * The installation package was faulty and contained

     "/home/mataiyuan/ASD-SLAM/src/vslam/cmake_modules/Caffe2/Caffe2Targets.cmake"

  but not all the files it references.

[36mCall Stack (most recent call first):[0m
  cmake_modules/Caffe2/Caffe2Config.cmake:116 (include)
  cmake_modules/Torch/TorchConfig.cmake:40 (find_package)
  CMakeLists.txt:28 (find_package)


[36m--[0m Configuring incomplete, errors occurred!
See also "/home/mataiyuan/ASD-SLAM/build/vslam/CMakeFiles/CMakeOutput.log".
See also "/home/mataiyuan/ASD-SLAM/build/vslam/CMakeFiles/CMakeError.log".
