Not searching for unused variables given on the command line.
[36m--[0m The C compiler identification is GNU 5.4.0
[36m--[0m The CXX compiler identification is GNU 5.4.0
[36m--[0m Check for working C compiler: /usr/bin/cc
[36m--[0m Check for working C compiler: /usr/bin/cc -- works
[36m--[0m Detecting C compiler ABI info
[36m--[0m Detecting C compiler ABI info - done
[36m--[0m Detecting C compile features
[36m--[0m Detecting C compile features - done
[36m--[0m Check for working CXX compiler: /usr/bin/c++
[36m--[0m Check for working CXX compiler: /usr/bin/c++ -- works
[36m--[0m Detecting CXX compiler ABI info
[36m--[0m Detecting CXX compiler ABI info - done
[36m--[0m Detecting CXX compile features
[36m--[0m Detecting CXX compile features - done
[36m--[0m Using CATKIN_DEVEL_PREFIX: /home/mataiyuan/ASD-SLAM/devel/.private/pcl_catkin
[36m--[0m Using CMAKE_PREFIX_PATH: /home/mataiyuan/ASD-SLAM/devel;/home/mataiyuan/catkin_ws/devel;/opt/ros/kinetic
[36m--[0m This workspace overlays: /home/mataiyuan/ASD-SLAM/devel;/home/mataiyuan/catkin_ws/devel;/opt/ros/kinetic
[36m--[0m Found PythonInterp: /usr/bin/python (found version "2.7.12")
[36m--[0m Using PYTHON_EXECUTABLE: /usr/bin/python
[36m--[0m Using Debian Python package layout
[36m--[0m Using empy: /usr/bin/empy
[36m--[0m Using CATKIN_ENABLE_TESTING: ON
[36m--[0m Call enable_testing()
[36m--[0m Using CATKIN_TEST_RESULTS_DIR: /home/mataiyuan/ASD-SLAM/build/pcl_catkin/test_results
[36m--[0m Found gmock sources under '/usr/src/gmock': gmock will be built
[36m--[0m Looking for pthread.h
[36m--[0m Looking for pthread.h - found
[36m--[0m Looking for pthread_create
[36m--[0m Looking for pthread_create - not found
[36m--[0m Looking for pthread_create in pthreads
[36m--[0m Looking for pthread_create in pthreads - not found
[36m--[0m Looking for pthread_create in pthread
[36m--[0m Looking for pthread_create in pthread - found
[36m--[0m Found Threads: TRUE
[36m--[0m Found gtest sources under '/usr/src/gmock': gtests will be built
[36m--[0m Using Python nosetests: /usr/bin/nosetests-2.7
[36m--[0m catkin 0.7.11
[31m[1mCMake Error[0m at /home/mataiyuan/ASD-SLAM/src/3rd_party/pcl_catkin/CMakeLists.txt:14 (MESSAGE):
  CMAKE_BUILD_TYPE must not be empty!


[36m--[0m Configuring incomplete, errors occurred!
See also "/home/mataiyuan/ASD-SLAM/build/pcl_catkin/CMakeFiles/CMakeOutput.log".
See also "/home/mataiyuan/ASD-SLAM/build/pcl_catkin/CMakeFiles/CMakeError.log".
