CMake Warning at cmake/OpenCVFindLAPACK.cmake:29 (message):
  LAPACK(OpenBLAS): CBLAS/LAPACK headers are not found in '/usr/include'
Call Stack (most recent call first):
  cmake/OpenCVFindLAPACK.cmake:89 (ocv_lapack_check)
  CMakeLists.txt:559 (include)


CMake Warning at cmake/OpenCVFindLAPACK.cmake:29 (message):
  LAPACK(OpenBLAS): CBLAS/LAPACK headers are not found in '/usr/include'
Call Stack (most recent call first):
  cmake/OpenCVFindLAPACK.cmake:151 (ocv_lapack_check)
  CMakeLists.txt:559 (include)


CMake Warning at CMakeLists.txt:1356 (message):
  The source directory is the same as binary directory.  "make clean" may
  damage the source tree


make[3]: warning: -jN forced in submake: disabling jobserver mode.
SKIP:bool read(FileNode node)	 due to ARG typeFileNode/I
SKIP:void getNames(vector_String names)	 due to ARG typevector_String/I
duplicated: CONST CALIB_FIX_PRINCIPAL_POINT=1 << 9
SKIP:BOWImgDescriptorExtractor(Ptr_DescriptorExtractor dextractor, Ptr_DescriptorMatcher dmatcher)	 due to ARG typePtr_DescriptorExtractor/I
SKIP:uchar Params::blobColor	 due to RET typeuchar
SKIP:void Params::blobColor	 due to ARG typeuchar/I
make[3]: warning: -jN forced in submake: disabling jobserver mode.
