Linked: (/home/mataiyuan/ASD-SLAM/devel/.private/opencv3_catkin/share/OpenCV/OpenCVConfig.cmake, /home/mataiyuan/ASD-SLAM/devel/share/OpenCV/OpenCVConfig.cmake)
Linked: (/home/mataiyuan/ASD-SLAM/devel/.private/opencv3_catkin/share/OpenCV/OpenCVModules-release.cmake, /home/mataiyuan/ASD-SLAM/devel/share/OpenCV/OpenCVModules-release.cmake)
Linked: (/home/mataiyuan/ASD-SLAM/devel/.private/opencv3_catkin/share/OpenCV/OpenCVConfig-version.cmake, /home/mataiyuan/ASD-SLAM/devel/share/OpenCV/OpenCVConfig-version.cmake)
Linked: (/home/mataiyuan/ASD-SLAM/devel/.private/opencv3_catkin/share/OpenCV/OpenCVModules.cmake, /home/mataiyuan/ASD-SLAM/devel/share/OpenCV/OpenCVModules.cmake)
Linked: (/home/mataiyuan/ASD-SLAM/devel/.private/opencv3_catkin/share/OpenCV/haarcascades/haarcascade_eye.xml, /home/mataiyuan/ASD-SLAM/devel/share/OpenCV/haarcascades/haarcascade_eye.xml)
Linked: (/home/mataiyuan/ASD-SLAM/devel/.private/opencv3_catkin/share/OpenCV/haarcascades/haarcascade_lefteye_2splits.xml, /home/mataiyuan/ASD-SLAM/devel/share/OpenCV/haarcascades/haarcascade_lefteye_2splits.xml)
Linked: (/home/mataiyuan/ASD-SLAM/devel/.private/opencv3_catkin/share/OpenCV/haarcascades/haarcascade_frontalface_alt_tree.xml, /home/mataiyuan/ASD-SLAM/devel/share/OpenCV/haarcascades/haarcascade_frontalface_alt_tree.xml)
Linked: (/home/mataiyuan/ASD-SLAM/devel/.private/opencv3_catkin/share/OpenCV/haarcascades/haarcascade_eye_tree_eyeglasses.xml, /home/mataiyuan/ASD-SLAM/devel/share/OpenCV/haarcascades/haarcascade_eye_tree_eyeglasses.xml)
Linked: (/home/mataiyuan/ASD-SLAM/devel/.private/opencv3_catkin/share/OpenCV/haarcascades/haarcascade_frontalcatface.xml, /home/mataiyuan/ASD-SLAM/devel/share/OpenCV/haarcascades/haarcascade_frontalcatface.xml)
Linked: (/home/mataiyuan/ASD-SLAM/devel/.private/opencv3_catkin/share/OpenCV/haarcascades/haarcascade_smile.xml, /home/mataiyuan/ASD-SLAM/devel/share/OpenCV/haarcascades/haarcascade_smile.xml)
Linked: (/home/mataiyuan/ASD-SLAM/devel/.private/opencv3_catkin/share/OpenCV/haarcascades/haarcascade_russian_plate_number.xml, /home/mataiyuan/ASD-SLAM/devel/share/OpenCV/haarcascades/haarcascade_russian_plate_number.xml)
Linked: (/home/mataiyuan/ASD-SLAM/devel/.private/opencv3_catkin/share/OpenCV/haarcascades/haarcascade_profileface.xml, /home/mataiyuan/ASD-SLAM/devel/share/OpenCV/haarcascades/haarcascade_profileface.xml)
Linked: (/home/mataiyuan/ASD-SLAM/devel/.private/opencv3_catkin/share/OpenCV/haarcascades/haarcascade_upperbody.xml, /home/mataiyuan/ASD-SLAM/devel/share/OpenCV/haarcascades/haarcascade_upperbody.xml)
Linked: (/home/mataiyuan/ASD-SLAM/devel/.private/opencv3_catkin/share/OpenCV/haarcascades/haarcascade_righteye_2splits.xml, /home/mataiyuan/ASD-SLAM/devel/share/OpenCV/haarcascades/haarcascade_righteye_2splits.xml)
Linked: (/home/mataiyuan/ASD-SLAM/devel/.private/opencv3_catkin/share/OpenCV/haarcascades/haarcascade_frontalface_default.xml, /home/mataiyuan/ASD-SLAM/devel/share/OpenCV/haarcascades/haarcascade_frontalface_default.xml)
Linked: (/home/mataiyuan/ASD-SLAM/devel/.private/opencv3_catkin/share/OpenCV/haarcascades/haarcascade_fullbody.xml, /home/mataiyuan/ASD-SLAM/devel/share/OpenCV/haarcascades/haarcascade_fullbody.xml)
Linked: (/home/mataiyuan/ASD-SLAM/devel/.private/opencv3_catkin/share/OpenCV/haarcascades/haarcascade_lowerbody.xml, /home/mataiyuan/ASD-SLAM/devel/share/OpenCV/haarcascades/haarcascade_lowerbody.xml)
Linked: (/home/mataiyuan/ASD-SLAM/devel/.private/opencv3_catkin/share/OpenCV/haarcascades/haarcascade_licence_plate_rus_16stages.xml, /home/mataiyuan/ASD-SLAM/devel/share/OpenCV/haarcascades/haarcascade_licence_plate_rus_16stages.xml)
Linked: (/home/mataiyuan/ASD-SLAM/devel/.private/opencv3_catkin/share/OpenCV/haarcascades/haarcascade_frontalface_alt2.xml, /home/mataiyuan/ASD-SLAM/devel/share/OpenCV/haarcascades/haarcascade_frontalface_alt2.xml)
Linked: (/home/mataiyuan/ASD-SLAM/devel/.private/opencv3_catkin/share/OpenCV/haarcascades/haarcascade_frontalface_alt.xml, /home/mataiyuan/ASD-SLAM/devel/share/OpenCV/haarcascades/haarcascade_frontalface_alt.xml)
Linked: (/home/mataiyuan/ASD-SLAM/devel/.private/opencv3_catkin/share/OpenCV/haarcascades/haarcascade_frontalcatface_extended.xml, /home/mataiyuan/ASD-SLAM/devel/share/OpenCV/haarcascades/haarcascade_frontalcatface_extended.xml)
Linked: (/home/mataiyuan/ASD-SLAM/devel/.private/opencv3_catkin/share/OpenCV/lbpcascades/lbpcascade_profileface.xml, /home/mataiyuan/ASD-SLAM/devel/share/OpenCV/lbpcascades/lbpcascade_profileface.xml)
Linked: (/home/mataiyuan/ASD-SLAM/devel/.private/opencv3_catkin/share/OpenCV/lbpcascades/lbpcascade_silverware.xml, /home/mataiyuan/ASD-SLAM/devel/share/OpenCV/lbpcascades/lbpcascade_silverware.xml)
Linked: (/home/mataiyuan/ASD-SLAM/devel/.private/opencv3_catkin/share/OpenCV/lbpcascades/lbpcascade_frontalcatface.xml, /home/mataiyuan/ASD-SLAM/devel/share/OpenCV/lbpcascades/lbpcascade_frontalcatface.xml)
Linked: (/home/mataiyuan/ASD-SLAM/devel/.private/opencv3_catkin/share/OpenCV/lbpcascades/lbpcascade_frontalface.xml, /home/mataiyuan/ASD-SLAM/devel/share/OpenCV/lbpcascades/lbpcascade_frontalface.xml)
Linked: (/home/mataiyuan/ASD-SLAM/devel/.private/opencv3_catkin/share/OpenCV/java/opencv-320.jar, /home/mataiyuan/ASD-SLAM/devel/share/OpenCV/java/opencv-320.jar)
Linked: (/home/mataiyuan/ASD-SLAM/devel/.private/opencv3_catkin/share/OpenCV/java/libopencv_java320.so, /home/mataiyuan/ASD-SLAM/devel/share/OpenCV/java/libopencv_java320.so)
Linked: (/home/mataiyuan/ASD-SLAM/devel/.private/opencv3_catkin/share/opencv3_catkin/cmake/opencv3_catkinConfig-version.cmake, /home/mataiyuan/ASD-SLAM/devel/share/opencv3_catkin/cmake/opencv3_catkinConfig-version.cmake)
Linked: (/home/mataiyuan/ASD-SLAM/devel/.private/opencv3_catkin/share/opencv3_catkin/cmake/opencv3_catkinConfig.cmake, /home/mataiyuan/ASD-SLAM/devel/share/opencv3_catkin/cmake/opencv3_catkinConfig.cmake)
Linked: (/home/mataiyuan/ASD-SLAM/devel/.private/opencv3_catkin/share/opencv3_catkin/cmake/opencv3-extras.cmake, /home/mataiyuan/ASD-SLAM/devel/share/opencv3_catkin/cmake/opencv3-extras.cmake)
Linked: (/home/mataiyuan/ASD-SLAM/devel/.private/opencv3_catkin/bin/opencv_visualisation, /home/mataiyuan/ASD-SLAM/devel/bin/opencv_visualisation)
Linked: (/home/mataiyuan/ASD-SLAM/devel/.private/opencv3_catkin/bin/opencv_annotation, /home/mataiyuan/ASD-SLAM/devel/bin/opencv_annotation)
Linked: (/home/mataiyuan/ASD-SLAM/devel/.private/opencv3_catkin/bin/opencv_createsamples, /home/mataiyuan/ASD-SLAM/devel/bin/opencv_createsamples)
Linked: (/home/mataiyuan/ASD-SLAM/devel/.private/opencv3_catkin/bin/opencv_version, /home/mataiyuan/ASD-SLAM/devel/bin/opencv_version)
Linked: (/home/mataiyuan/ASD-SLAM/devel/.private/opencv3_catkin/bin/opencv_traincascade, /home/mataiyuan/ASD-SLAM/devel/bin/opencv_traincascade)
Linked: (/home/mataiyuan/ASD-SLAM/devel/.private/opencv3_catkin/include/opencv2/saliency.hpp, /home/mataiyuan/ASD-SLAM/devel/include/opencv2/saliency.hpp)
Linked: (/home/mataiyuan/ASD-SLAM/devel/.private/opencv3_catkin/include/opencv2/highgui.hpp, /home/mataiyuan/ASD-SLAM/devel/include/opencv2/highgui.hpp)
Linked: (/home/mataiyuan/ASD-SLAM/devel/.private/opencv3_catkin/include/opencv2/rgbd.hpp, /home/mataiyuan/ASD-SLAM/devel/include/opencv2/rgbd.hpp)
Linked: (/home/mataiyuan/ASD-SLAM/devel/.private/opencv3_catkin/include/opencv2/core.hpp, /home/mataiyuan/ASD-SLAM/devel/include/opencv2/core.hpp)
Linked: (/home/mataiyuan/ASD-SLAM/devel/.private/opencv3_catkin/include/opencv2/ml.hpp, /home/mataiyuan/ASD-SLAM/devel/include/opencv2/ml.hpp)
Linked: (/home/mataiyuan/ASD-SLAM/devel/.private/opencv3_catkin/include/opencv2/calib3d.hpp, /home/mataiyuan/ASD-SLAM/devel/include/opencv2/calib3d.hpp)
Linked: (/home/mataiyuan/ASD-SLAM/devel/.private/opencv3_catkin/include/opencv2/imgcodecs.hpp, /home/mataiyuan/ASD-SLAM/devel/include/opencv2/imgcodecs.hpp)
Linked: (/home/mataiyuan/ASD-SLAM/devel/.private/opencv3_catkin/include/opencv2/phase_unwrapping.hpp, /home/mataiyuan/ASD-SLAM/devel/include/opencv2/phase_unwrapping.hpp)
Linked: (/home/mataiyuan/ASD-SLAM/devel/.private/opencv3_catkin/include/opencv2/objdetect.hpp, /home/mataiyuan/ASD-SLAM/devel/include/opencv2/objdetect.hpp)
Linked: (/home/mataiyuan/ASD-SLAM/devel/.private/opencv3_catkin/include/opencv2/opencv_modules.hpp, /home/mataiyuan/ASD-SLAM/devel/include/opencv2/opencv_modules.hpp)
Linked: (/home/mataiyuan/ASD-SLAM/devel/.private/opencv3_catkin/include/opencv2/photo.hpp, /home/mataiyuan/ASD-SLAM/devel/include/opencv2/photo.hpp)
Linked: (/home/mataiyuan/ASD-SLAM/devel/.private/opencv3_catkin/include/opencv2/videostab.hpp, /home/mataiyuan/ASD-SLAM/devel/include/opencv2/videostab.hpp)
Linked: (/home/mataiyuan/ASD-SLAM/devel/.private/opencv3_catkin/include/opencv2/cvconfig.h, /home/mataiyuan/ASD-SLAM/devel/include/opencv2/cvconfig.h)
Linked: (/home/mataiyuan/ASD-SLAM/devel/.private/opencv3_catkin/include/opencv2/stitching.hpp, /home/mataiyuan/ASD-SLAM/devel/include/opencv2/stitching.hpp)
Linked: (/home/mataiyuan/ASD-SLAM/devel/.private/opencv3_catkin/include/opencv2/superres.hpp, /home/mataiyuan/ASD-SLAM/devel/include/opencv2/superres.hpp)
Linked: (/home/mataiyuan/ASD-SLAM/devel/.private/opencv3_catkin/include/opencv2/xfeatures2d.hpp, /home/mataiyuan/ASD-SLAM/devel/include/opencv2/xfeatures2d.hpp)
Linked: (/home/mataiyuan/ASD-SLAM/devel/.private/opencv3_catkin/include/opencv2/viz.hpp, /home/mataiyuan/ASD-SLAM/devel/include/opencv2/viz.hpp)
Linked: (/home/mataiyuan/ASD-SLAM/devel/.private/opencv3_catkin/include/opencv2/features2d.hpp, /home/mataiyuan/ASD-SLAM/devel/include/opencv2/features2d.hpp)
Linked: (/home/mataiyuan/ASD-SLAM/devel/.private/opencv3_catkin/include/opencv2/videoio.hpp, /home/mataiyuan/ASD-SLAM/devel/include/opencv2/videoio.hpp)
Linked: (/home/mataiyuan/ASD-SLAM/devel/.private/opencv3_catkin/include/opencv2/opencv.hpp, /home/mataiyuan/ASD-SLAM/devel/include/opencv2/opencv.hpp)
Linked: (/home/mataiyuan/ASD-SLAM/devel/.private/opencv3_catkin/include/opencv2/video.hpp, /home/mataiyuan/ASD-SLAM/devel/include/opencv2/video.hpp)
Linked: (/home/mataiyuan/ASD-SLAM/devel/.private/opencv3_catkin/include/opencv2/flann.hpp, /home/mataiyuan/ASD-SLAM/devel/include/opencv2/flann.hpp)
Linked: (/home/mataiyuan/ASD-SLAM/devel/.private/opencv3_catkin/include/opencv2/imgproc.hpp, /home/mataiyuan/ASD-SLAM/devel/include/opencv2/imgproc.hpp)
Linked: (/home/mataiyuan/ASD-SLAM/devel/.private/opencv3_catkin/include/opencv2/shape.hpp, /home/mataiyuan/ASD-SLAM/devel/include/opencv2/shape.hpp)
Linked: (/home/mataiyuan/ASD-SLAM/devel/.private/opencv3_catkin/include/opencv2/imgproc/imgproc_c.h, /home/mataiyuan/ASD-SLAM/devel/include/opencv2/imgproc/imgproc_c.h)
Linked: (/home/mataiyuan/ASD-SLAM/devel/.private/opencv3_catkin/include/opencv2/imgproc/types_c.h, /home/mataiyuan/ASD-SLAM/devel/include/opencv2/imgproc/types_c.h)
Linked: (/home/mataiyuan/ASD-SLAM/devel/.private/opencv3_catkin/include/opencv2/imgproc/imgproc.hpp, /home/mataiyuan/ASD-SLAM/devel/include/opencv2/imgproc/imgproc.hpp)
Linked: (/home/mataiyuan/ASD-SLAM/devel/.private/opencv3_catkin/include/opencv2/imgproc/detail/distortion_model.hpp, /home/mataiyuan/ASD-SLAM/devel/include/opencv2/imgproc/detail/distortion_model.hpp)
Linked: (/home/mataiyuan/ASD-SLAM/devel/.private/opencv3_catkin/include/opencv2/imgproc/hal/hal.hpp, /home/mataiyuan/ASD-SLAM/devel/include/opencv2/imgproc/hal/hal.hpp)
Linked: (/home/mataiyuan/ASD-SLAM/devel/.private/opencv3_catkin/include/opencv2/imgproc/hal/interface.h, /home/mataiyuan/ASD-SLAM/devel/include/opencv2/imgproc/hal/interface.h)
Linked: (/home/mataiyuan/ASD-SLAM/devel/.private/opencv3_catkin/include/opencv2/imgcodecs/imgcodecs.hpp, /home/mataiyuan/ASD-SLAM/devel/include/opencv2/imgcodecs/imgcodecs.hpp)
Linked: (/home/mataiyuan/ASD-SLAM/devel/.private/opencv3_catkin/include/opencv2/imgcodecs/ios.h, /home/mataiyuan/ASD-SLAM/devel/include/opencv2/imgcodecs/ios.h)
Linked: (/home/mataiyuan/ASD-SLAM/devel/.private/opencv3_catkin/include/opencv2/imgcodecs/imgcodecs_c.h, /home/mataiyuan/ASD-SLAM/devel/include/opencv2/imgcodecs/imgcodecs_c.h)
Linked: (/home/mataiyuan/ASD-SLAM/devel/.private/opencv3_catkin/include/opencv2/shape/emdL1.hpp, /home/mataiyuan/ASD-SLAM/devel/include/opencv2/shape/emdL1.hpp)
Linked: (/home/mataiyuan/ASD-SLAM/devel/.private/opencv3_catkin/include/opencv2/shape/shape_transformer.hpp, /home/mataiyuan/ASD-SLAM/devel/include/opencv2/shape/shape_transformer.hpp)
Linked: (/home/mataiyuan/ASD-SLAM/devel/.private/opencv3_catkin/include/opencv2/shape/shape_distance.hpp, /home/mataiyuan/ASD-SLAM/devel/include/opencv2/shape/shape_distance.hpp)
Linked: (/home/mataiyuan/ASD-SLAM/devel/.private/opencv3_catkin/include/opencv2/shape/hist_cost.hpp, /home/mataiyuan/ASD-SLAM/devel/include/opencv2/shape/hist_cost.hpp)
Linked: (/home/mataiyuan/ASD-SLAM/devel/.private/opencv3_catkin/include/opencv2/shape/shape.hpp, /home/mataiyuan/ASD-SLAM/devel/include/opencv2/shape/shape.hpp)
Linked: (/home/mataiyuan/ASD-SLAM/devel/.private/opencv3_catkin/include/opencv2/highgui/highgui.hpp, /home/mataiyuan/ASD-SLAM/devel/include/opencv2/highgui/highgui.hpp)
Linked: (/home/mataiyuan/ASD-SLAM/devel/.private/opencv3_catkin/include/opencv2/highgui/highgui_c.h, /home/mataiyuan/ASD-SLAM/devel/include/opencv2/highgui/highgui_c.h)
Linked: (/home/mataiyuan/ASD-SLAM/devel/.private/opencv3_catkin/include/opencv2/stitching/warpers.hpp, /home/mataiyuan/ASD-SLAM/devel/include/opencv2/stitching/warpers.hpp)
Linked: (/home/mataiyuan/ASD-SLAM/devel/.private/opencv3_catkin/include/opencv2/stitching/detail/warpers.hpp, /home/mataiyuan/ASD-SLAM/devel/include/opencv2/stitching/detail/warpers.hpp)
Linked: (/home/mataiyuan/ASD-SLAM/devel/.private/opencv3_catkin/include/opencv2/stitching/detail/seam_finders.hpp, /home/mataiyuan/ASD-SLAM/devel/include/opencv2/stitching/detail/seam_finders.hpp)
Linked: (/home/mataiyuan/ASD-SLAM/devel/.private/opencv3_catkin/include/opencv2/stitching/detail/util_inl.hpp, /home/mataiyuan/ASD-SLAM/devel/include/opencv2/stitching/detail/util_inl.hpp)
Linked: (/home/mataiyuan/ASD-SLAM/devel/.private/opencv3_catkin/include/opencv2/stitching/detail/camera.hpp, /home/mataiyuan/ASD-SLAM/devel/include/opencv2/stitching/detail/camera.hpp)
Linked: (/home/mataiyuan/ASD-SLAM/devel/.private/opencv3_catkin/include/opencv2/stitching/detail/util.hpp, /home/mataiyuan/ASD-SLAM/devel/include/opencv2/stitching/detail/util.hpp)
Linked: (/home/mataiyuan/ASD-SLAM/devel/.private/opencv3_catkin/include/opencv2/stitching/detail/blenders.hpp, /home/mataiyuan/ASD-SLAM/devel/include/opencv2/stitching/detail/blenders.hpp)
Linked: (/home/mataiyuan/ASD-SLAM/devel/.private/opencv3_catkin/include/opencv2/stitching/detail/autocalib.hpp, /home/mataiyuan/ASD-SLAM/devel/include/opencv2/stitching/detail/autocalib.hpp)
Linked: (/home/mataiyuan/ASD-SLAM/devel/.private/opencv3_catkin/include/opencv2/stitching/detail/exposure_compensate.hpp, /home/mataiyuan/ASD-SLAM/devel/include/opencv2/stitching/detail/exposure_compensate.hpp)
Linked: (/home/mataiyuan/ASD-SLAM/devel/.private/opencv3_catkin/include/opencv2/stitching/detail/matchers.hpp, /home/mataiyuan/ASD-SLAM/devel/include/opencv2/stitching/detail/matchers.hpp)
Linked: (/home/mataiyuan/ASD-SLAM/devel/.private/opencv3_catkin/include/opencv2/stitching/detail/motion_estimators.hpp, /home/mataiyuan/ASD-SLAM/devel/include/opencv2/stitching/detail/motion_estimators.hpp)
Linked: (/home/mataiyuan/ASD-SLAM/devel/.private/opencv3_catkin/include/opencv2/stitching/detail/warpers_inl.hpp, /home/mataiyuan/ASD-SLAM/devel/include/opencv2/stitching/detail/warpers_inl.hpp)
Linked: (/home/mataiyuan/ASD-SLAM/devel/.private/opencv3_catkin/include/opencv2/stitching/detail/timelapsers.hpp, /home/mataiyuan/ASD-SLAM/devel/include/opencv2/stitching/detail/timelapsers.hpp)
Linked: (/home/mataiyuan/ASD-SLAM/devel/.private/opencv3_catkin/include/opencv2/ml/ml.hpp, /home/mataiyuan/ASD-SLAM/devel/include/opencv2/ml/ml.hpp)
Linked: (/home/mataiyuan/ASD-SLAM/devel/.private/opencv3_catkin/include/opencv2/photo/cuda.hpp, /home/mataiyuan/ASD-SLAM/devel/include/opencv2/photo/cuda.hpp)
Linked: (/home/mataiyuan/ASD-SLAM/devel/.private/opencv3_catkin/include/opencv2/photo/photo.hpp, /home/mataiyuan/ASD-SLAM/devel/include/opencv2/photo/photo.hpp)
Linked: (/home/mataiyuan/ASD-SLAM/devel/.private/opencv3_catkin/include/opencv2/photo/photo_c.h, /home/mataiyuan/ASD-SLAM/devel/include/opencv2/photo/photo_c.h)
Linked: (/home/mataiyuan/ASD-SLAM/devel/.private/opencv3_catkin/include/opencv2/viz/viz3d.hpp, /home/mataiyuan/ASD-SLAM/devel/include/opencv2/viz/viz3d.hpp)
Linked: (/home/mataiyuan/ASD-SLAM/devel/.private/opencv3_catkin/include/opencv2/viz/widget_accessor.hpp, /home/mataiyuan/ASD-SLAM/devel/include/opencv2/viz/widget_accessor.hpp)
Linked: (/home/mataiyuan/ASD-SLAM/devel/.private/opencv3_catkin/include/opencv2/viz/vizcore.hpp, /home/mataiyuan/ASD-SLAM/devel/include/opencv2/viz/vizcore.hpp)
Linked: (/home/mataiyuan/ASD-SLAM/devel/.private/opencv3_catkin/include/opencv2/viz/types.hpp, /home/mataiyuan/ASD-SLAM/devel/include/opencv2/viz/types.hpp)
Linked: (/home/mataiyuan/ASD-SLAM/devel/.private/opencv3_catkin/include/opencv2/viz/widgets.hpp, /home/mataiyuan/ASD-SLAM/devel/include/opencv2/viz/widgets.hpp)
Linked: (/home/mataiyuan/ASD-SLAM/devel/.private/opencv3_catkin/include/opencv2/videostab/deblurring.hpp, /home/mataiyuan/ASD-SLAM/devel/include/opencv2/videostab/deblurring.hpp)
Linked: (/home/mataiyuan/ASD-SLAM/devel/.private/opencv3_catkin/include/opencv2/videostab/wobble_suppression.hpp, /home/mataiyuan/ASD-SLAM/devel/include/opencv2/videostab/wobble_suppression.hpp)
Linked: (/home/mataiyuan/ASD-SLAM/devel/.private/opencv3_catkin/include/opencv2/videostab/inpainting.hpp, /home/mataiyuan/ASD-SLAM/devel/include/opencv2/videostab/inpainting.hpp)
Linked: (/home/mataiyuan/ASD-SLAM/devel/.private/opencv3_catkin/include/opencv2/videostab/motion_stabilizing.hpp, /home/mataiyuan/ASD-SLAM/devel/include/opencv2/videostab/motion_stabilizing.hpp)
Linked: (/home/mataiyuan/ASD-SLAM/devel/.private/opencv3_catkin/include/opencv2/videostab/log.hpp, /home/mataiyuan/ASD-SLAM/devel/include/opencv2/videostab/log.hpp)
Linked: (/home/mataiyuan/ASD-SLAM/devel/.private/opencv3_catkin/include/opencv2/videostab/global_motion.hpp, /home/mataiyuan/ASD-SLAM/devel/include/opencv2/videostab/global_motion.hpp)
Linked: (/home/mataiyuan/ASD-SLAM/devel/.private/opencv3_catkin/include/opencv2/videostab/fast_marching_inl.hpp, /home/mataiyuan/ASD-SLAM/devel/include/opencv2/videostab/fast_marching_inl.hpp)
Linked: (/home/mataiyuan/ASD-SLAM/devel/.private/opencv3_catkin/include/opencv2/videostab/stabilizer.hpp, /home/mataiyuan/ASD-SLAM/devel/include/opencv2/videostab/stabilizer.hpp)
Linked: (/home/mataiyuan/ASD-SLAM/devel/.private/opencv3_catkin/include/opencv2/videostab/fast_marching.hpp, /home/mataiyuan/ASD-SLAM/devel/include/opencv2/videostab/fast_marching.hpp)
Linked: (/home/mataiyuan/ASD-SLAM/devel/.private/opencv3_catkin/include/opencv2/videostab/outlier_rejection.hpp, /home/mataiyuan/ASD-SLAM/devel/include/opencv2/videostab/outlier_rejection.hpp)
Linked: (/home/mataiyuan/ASD-SLAM/devel/.private/opencv3_catkin/include/opencv2/videostab/ring_buffer.hpp, /home/mataiyuan/ASD-SLAM/devel/include/opencv2/videostab/ring_buffer.hpp)
Linked: (/home/mataiyuan/ASD-SLAM/devel/.private/opencv3_catkin/include/opencv2/videostab/optical_flow.hpp, /home/mataiyuan/ASD-SLAM/devel/include/opencv2/videostab/optical_flow.hpp)
Linked: (/home/mataiyuan/ASD-SLAM/devel/.private/opencv3_catkin/include/opencv2/videostab/motion_core.hpp, /home/mataiyuan/ASD-SLAM/devel/include/opencv2/videostab/motion_core.hpp)
Linked: (/home/mataiyuan/ASD-SLAM/devel/.private/opencv3_catkin/include/opencv2/videostab/frame_source.hpp, /home/mataiyuan/ASD-SLAM/devel/include/opencv2/videostab/frame_source.hpp)
Linked: (/home/mataiyuan/ASD-SLAM/devel/.private/opencv3_catkin/include/opencv2/rgbd/linemod.hpp, /home/mataiyuan/ASD-SLAM/devel/include/opencv2/rgbd/linemod.hpp)
Linked: (/home/mataiyuan/ASD-SLAM/devel/.private/opencv3_catkin/include/opencv2/videoio/videoio_c.h, /home/mataiyuan/ASD-SLAM/devel/include/opencv2/videoio/videoio_c.h)
Linked: (/home/mataiyuan/ASD-SLAM/devel/.private/opencv3_catkin/include/opencv2/videoio/cap_ios.h, /home/mataiyuan/ASD-SLAM/devel/include/opencv2/videoio/cap_ios.h)
Linked: (/home/mataiyuan/ASD-SLAM/devel/.private/opencv3_catkin/include/opencv2/videoio/videoio.hpp, /home/mataiyuan/ASD-SLAM/devel/include/opencv2/videoio/videoio.hpp)
Linked: (/home/mataiyuan/ASD-SLAM/devel/.private/opencv3_catkin/include/opencv2/xfeatures2d/cuda.hpp, /home/mataiyuan/ASD-SLAM/devel/include/opencv2/xfeatures2d/cuda.hpp)
Linked: (/home/mataiyuan/ASD-SLAM/devel/.private/opencv3_catkin/include/opencv2/xfeatures2d/nonfree.hpp, /home/mataiyuan/ASD-SLAM/devel/include/opencv2/xfeatures2d/nonfree.hpp)
Linked: (/home/mataiyuan/ASD-SLAM/devel/.private/opencv3_catkin/include/opencv2/phase_unwrapping/histogramphaseunwrapping.hpp, /home/mataiyuan/ASD-SLAM/devel/include/opencv2/phase_unwrapping/histogramphaseunwrapping.hpp)
Linked: (/home/mataiyuan/ASD-SLAM/devel/.private/opencv3_catkin/include/opencv2/phase_unwrapping/phase_unwrapping.hpp, /home/mataiyuan/ASD-SLAM/devel/include/opencv2/phase_unwrapping/phase_unwrapping.hpp)
Linked: (/home/mataiyuan/ASD-SLAM/devel/.private/opencv3_catkin/include/opencv2/calib3d/calib3d.hpp, /home/mataiyuan/ASD-SLAM/devel/include/opencv2/calib3d/calib3d.hpp)
Linked: (/home/mataiyuan/ASD-SLAM/devel/.private/opencv3_catkin/include/opencv2/calib3d/calib3d_c.h, /home/mataiyuan/ASD-SLAM/devel/include/opencv2/calib3d/calib3d_c.h)
Linked: (/home/mataiyuan/ASD-SLAM/devel/.private/opencv3_catkin/include/opencv2/objdetect/detection_based_tracker.hpp, /home/mataiyuan/ASD-SLAM/devel/include/opencv2/objdetect/detection_based_tracker.hpp)
Linked: (/home/mataiyuan/ASD-SLAM/devel/.private/opencv3_catkin/include/opencv2/objdetect/objdetect_c.h, /home/mataiyuan/ASD-SLAM/devel/include/opencv2/objdetect/objdetect_c.h)
Linked: (/home/mataiyuan/ASD-SLAM/devel/.private/opencv3_catkin/include/opencv2/objdetect/objdetect.hpp, /home/mataiyuan/ASD-SLAM/devel/include/opencv2/objdetect/objdetect.hpp)
Linked: (/home/mataiyuan/ASD-SLAM/devel/.private/opencv3_catkin/include/opencv2/saliency/saliencySpecializedClasses.hpp, /home/mataiyuan/ASD-SLAM/devel/include/opencv2/saliency/saliencySpecializedClasses.hpp)
Linked: (/home/mataiyuan/ASD-SLAM/devel/.private/opencv3_catkin/include/opencv2/saliency/saliencyBaseClasses.hpp, /home/mataiyuan/ASD-SLAM/devel/include/opencv2/saliency/saliencyBaseClasses.hpp)
Linked: (/home/mataiyuan/ASD-SLAM/devel/.private/opencv3_catkin/include/opencv2/superres/optical_flow.hpp, /home/mataiyuan/ASD-SLAM/devel/include/opencv2/superres/optical_flow.hpp)
Linked: (/home/mataiyuan/ASD-SLAM/devel/.private/opencv3_catkin/include/opencv2/features2d/features2d.hpp, /home/mataiyuan/ASD-SLAM/devel/include/opencv2/features2d/features2d.hpp)
Linked: (/home/mataiyuan/ASD-SLAM/devel/.private/opencv3_catkin/include/opencv2/video/tracking_c.h, /home/mataiyuan/ASD-SLAM/devel/include/opencv2/video/tracking_c.h)
Linked: (/home/mataiyuan/ASD-SLAM/devel/.private/opencv3_catkin/include/opencv2/video/background_segm.hpp, /home/mataiyuan/ASD-SLAM/devel/include/opencv2/video/background_segm.hpp)
Linked: (/home/mataiyuan/ASD-SLAM/devel/.private/opencv3_catkin/include/opencv2/video/video.hpp, /home/mataiyuan/ASD-SLAM/devel/include/opencv2/video/video.hpp)
Linked: (/home/mataiyuan/ASD-SLAM/devel/.private/opencv3_catkin/include/opencv2/video/tracking.hpp, /home/mataiyuan/ASD-SLAM/devel/include/opencv2/video/tracking.hpp)
Linked: (/home/mataiyuan/ASD-SLAM/devel/.private/opencv3_catkin/include/opencv2/flann/logger.h, /home/mataiyuan/ASD-SLAM/devel/include/opencv2/flann/logger.h)
Linked: (/home/mataiyuan/ASD-SLAM/devel/.private/opencv3_catkin/include/opencv2/flann/ground_truth.h, /home/mataiyuan/ASD-SLAM/devel/include/opencv2/flann/ground_truth.h)
Linked: (/home/mataiyuan/ASD-SLAM/devel/.private/opencv3_catkin/include/opencv2/flann/kdtree_single_index.h, /home/mataiyuan/ASD-SLAM/devel/include/opencv2/flann/kdtree_single_index.h)
Linked: (/home/mataiyuan/ASD-SLAM/devel/.private/opencv3_catkin/include/opencv2/flann/object_factory.h, /home/mataiyuan/ASD-SLAM/devel/include/opencv2/flann/object_factory.h)
Linked: (/home/mataiyuan/ASD-SLAM/devel/.private/opencv3_catkin/include/opencv2/flann/config.h, /home/mataiyuan/ASD-SLAM/devel/include/opencv2/flann/config.h)
Linked: (/home/mataiyuan/ASD-SLAM/devel/.private/opencv3_catkin/include/opencv2/flann/timer.h, /home/mataiyuan/ASD-SLAM/devel/include/opencv2/flann/timer.h)
Linked: (/home/mataiyuan/ASD-SLAM/devel/.private/opencv3_catkin/include/opencv2/flann/defines.h, /home/mataiyuan/ASD-SLAM/devel/include/opencv2/flann/defines.h)
Linked: (/home/mataiyuan/ASD-SLAM/devel/.private/opencv3_catkin/include/opencv2/flann/simplex_downhill.h, /home/mataiyuan/ASD-SLAM/devel/include/opencv2/flann/simplex_downhill.h)
Linked: (/home/mataiyuan/ASD-SLAM/devel/.private/opencv3_catkin/include/opencv2/flann/dynamic_bitset.h, /home/mataiyuan/ASD-SLAM/devel/include/opencv2/flann/dynamic_bitset.h)
Linked: (/home/mataiyuan/ASD-SLAM/devel/.private/opencv3_catkin/include/opencv2/flann/dummy.h, /home/mataiyuan/ASD-SLAM/devel/include/opencv2/flann/dummy.h)
Linked: (/home/mataiyuan/ASD-SLAM/devel/.private/opencv3_catkin/include/opencv2/flann/params.h, /home/mataiyuan/ASD-SLAM/devel/include/opencv2/flann/params.h)
Linked: (/home/mataiyuan/ASD-SLAM/devel/.private/opencv3_catkin/include/opencv2/flann/dist.h, /home/mataiyuan/ASD-SLAM/devel/include/opencv2/flann/dist.h)
Linked: (/home/mataiyuan/ASD-SLAM/devel/.private/opencv3_catkin/include/opencv2/flann/flann_base.hpp, /home/mataiyuan/ASD-SLAM/devel/include/opencv2/flann/flann_base.hpp)
Linked: (/home/mataiyuan/ASD-SLAM/devel/.private/opencv3_catkin/include/opencv2/flann/random.h, /home/mataiyuan/ASD-SLAM/devel/include/opencv2/flann/random.h)
Linked: (/home/mataiyuan/ASD-SLAM/devel/.private/opencv3_catkin/include/opencv2/flann/hdf5.h, /home/mataiyuan/ASD-SLAM/devel/include/opencv2/flann/hdf5.h)
Linked: (/home/mataiyuan/ASD-SLAM/devel/.private/opencv3_catkin/include/opencv2/flann/kmeans_index.h, /home/mataiyuan/ASD-SLAM/devel/include/opencv2/flann/kmeans_index.h)
Linked: (/home/mataiyuan/ASD-SLAM/devel/.private/opencv3_catkin/include/opencv2/flann/lsh_table.h, /home/mataiyuan/ASD-SLAM/devel/include/opencv2/flann/lsh_table.h)
Linked: (/home/mataiyuan/ASD-SLAM/devel/.private/opencv3_catkin/include/opencv2/flann/kdtree_index.h, /home/mataiyuan/ASD-SLAM/devel/include/opencv2/flann/kdtree_index.h)
Linked: (/home/mataiyuan/ASD-SLAM/devel/.private/opencv3_catkin/include/opencv2/flann/nn_index.h, /home/mataiyuan/ASD-SLAM/devel/include/opencv2/flann/nn_index.h)
Linked: (/home/mataiyuan/ASD-SLAM/devel/.private/opencv3_catkin/include/opencv2/flann/result_set.h, /home/mataiyuan/ASD-SLAM/devel/include/opencv2/flann/result_set.h)
Linked: (/home/mataiyuan/ASD-SLAM/devel/.private/opencv3_catkin/include/opencv2/flann/heap.h, /home/mataiyuan/ASD-SLAM/devel/include/opencv2/flann/heap.h)
Linked: (/home/mataiyuan/ASD-SLAM/devel/.private/opencv3_catkin/include/opencv2/flann/index_testing.h, /home/mataiyuan/ASD-SLAM/devel/include/opencv2/flann/index_testing.h)
Linked: (/home/mataiyuan/ASD-SLAM/devel/.private/opencv3_catkin/include/opencv2/flann/composite_index.h, /home/mataiyuan/ASD-SLAM/devel/include/opencv2/flann/composite_index.h)
Linked: (/home/mataiyuan/ASD-SLAM/devel/.private/opencv3_catkin/include/opencv2/flann/general.h, /home/mataiyuan/ASD-SLAM/devel/include/opencv2/flann/general.h)
Linked: (/home/mataiyuan/ASD-SLAM/devel/.private/opencv3_catkin/include/opencv2/flann/hierarchical_clustering_index.h, /home/mataiyuan/ASD-SLAM/devel/include/opencv2/flann/hierarchical_clustering_index.h)
Linked: (/home/mataiyuan/ASD-SLAM/devel/.private/opencv3_catkin/include/opencv2/flann/allocator.h, /home/mataiyuan/ASD-SLAM/devel/include/opencv2/flann/allocator.h)
Linked: (/home/mataiyuan/ASD-SLAM/devel/.private/opencv3_catkin/include/opencv2/flann/flann.hpp, /home/mataiyuan/ASD-SLAM/devel/include/opencv2/flann/flann.hpp)
Linked: (/home/mataiyuan/ASD-SLAM/devel/.private/opencv3_catkin/include/opencv2/flann/saving.h, /home/mataiyuan/ASD-SLAM/devel/include/opencv2/flann/saving.h)
Linked: (/home/mataiyuan/ASD-SLAM/devel/.private/opencv3_catkin/include/opencv2/flann/any.h, /home/mataiyuan/ASD-SLAM/devel/include/opencv2/flann/any.h)
Linked: (/home/mataiyuan/ASD-SLAM/devel/.private/opencv3_catkin/include/opencv2/flann/linear_index.h, /home/mataiyuan/ASD-SLAM/devel/include/opencv2/flann/linear_index.h)
Linked: (/home/mataiyuan/ASD-SLAM/devel/.private/opencv3_catkin/include/opencv2/flann/miniflann.hpp, /home/mataiyuan/ASD-SLAM/devel/include/opencv2/flann/miniflann.hpp)
Linked: (/home/mataiyuan/ASD-SLAM/devel/.private/opencv3_catkin/include/opencv2/flann/all_indices.h, /home/mataiyuan/ASD-SLAM/devel/include/opencv2/flann/all_indices.h)
Linked: (/home/mataiyuan/ASD-SLAM/devel/.private/opencv3_catkin/include/opencv2/flann/autotuned_index.h, /home/mataiyuan/ASD-SLAM/devel/include/opencv2/flann/autotuned_index.h)
Linked: (/home/mataiyuan/ASD-SLAM/devel/.private/opencv3_catkin/include/opencv2/flann/sampling.h, /home/mataiyuan/ASD-SLAM/devel/include/opencv2/flann/sampling.h)
Linked: (/home/mataiyuan/ASD-SLAM/devel/.private/opencv3_catkin/include/opencv2/flann/matrix.h, /home/mataiyuan/ASD-SLAM/devel/include/opencv2/flann/matrix.h)
Linked: (/home/mataiyuan/ASD-SLAM/devel/.private/opencv3_catkin/include/opencv2/flann/lsh_index.h, /home/mataiyuan/ASD-SLAM/devel/include/opencv2/flann/lsh_index.h)
Linked: (/home/mataiyuan/ASD-SLAM/devel/.private/opencv3_catkin/include/opencv2/core/persistence.hpp, /home/mataiyuan/ASD-SLAM/devel/include/opencv2/core/persistence.hpp)
Linked: (/home/mataiyuan/ASD-SLAM/devel/.private/opencv3_catkin/include/opencv2/core/core_c.h, /home/mataiyuan/ASD-SLAM/devel/include/opencv2/core/core_c.h)
Linked: (/home/mataiyuan/ASD-SLAM/devel/.private/opencv3_catkin/include/opencv2/core/affine.hpp, /home/mataiyuan/ASD-SLAM/devel/include/opencv2/core/affine.hpp)
Linked: (/home/mataiyuan/ASD-SLAM/devel/.private/opencv3_catkin/include/opencv2/core/va_intel.hpp, /home/mataiyuan/ASD-SLAM/devel/include/opencv2/core/va_intel.hpp)
Linked: (/home/mataiyuan/ASD-SLAM/devel/.private/opencv3_catkin/include/opencv2/core/operations.hpp, /home/mataiyuan/ASD-SLAM/devel/include/opencv2/core/operations.hpp)
Linked: (/home/mataiyuan/ASD-SLAM/devel/.private/opencv3_catkin/include/opencv2/core/core.hpp, /home/mataiyuan/ASD-SLAM/devel/include/opencv2/core/core.hpp)
Linked: (/home/mataiyuan/ASD-SLAM/devel/.private/opencv3_catkin/include/opencv2/core/wimage.hpp, /home/mataiyuan/ASD-SLAM/devel/include/opencv2/core/wimage.hpp)
Linked: (/home/mataiyuan/ASD-SLAM/devel/.private/opencv3_catkin/include/opencv2/core/bufferpool.hpp, /home/mataiyuan/ASD-SLAM/devel/include/opencv2/core/bufferpool.hpp)
Linked: (/home/mataiyuan/ASD-SLAM/devel/.private/opencv3_catkin/include/opencv2/core/mat.inl.hpp, /home/mataiyuan/ASD-SLAM/devel/include/opencv2/core/mat.inl.hpp)
Linked: (/home/mataiyuan/ASD-SLAM/devel/.private/opencv3_catkin/include/opencv2/core/mat.hpp, /home/mataiyuan/ASD-SLAM/devel/include/opencv2/core/mat.hpp)
Linked: (/home/mataiyuan/ASD-SLAM/devel/.private/opencv3_catkin/include/opencv2/core/opengl.hpp, /home/mataiyuan/ASD-SLAM/devel/include/opencv2/core/opengl.hpp)
Linked: (/home/mataiyuan/ASD-SLAM/devel/.private/opencv3_catkin/include/opencv2/core/cuda.hpp, /home/mataiyuan/ASD-SLAM/devel/include/opencv2/core/cuda.hpp)
Linked: (/home/mataiyuan/ASD-SLAM/devel/.private/opencv3_catkin/include/opencv2/core/base.hpp, /home/mataiyuan/ASD-SLAM/devel/include/opencv2/core/base.hpp)
Linked: (/home/mataiyuan/ASD-SLAM/devel/.private/opencv3_catkin/include/opencv2/core/cvstd.hpp, /home/mataiyuan/ASD-SLAM/devel/include/opencv2/core/cvstd.hpp)
Linked: (/home/mataiyuan/ASD-SLAM/devel/.private/opencv3_catkin/include/opencv2/core/saturate.hpp, /home/mataiyuan/ASD-SLAM/devel/include/opencv2/core/saturate.hpp)
Linked: (/home/mataiyuan/ASD-SLAM/devel/.private/opencv3_catkin/include/opencv2/core/utility.hpp, /home/mataiyuan/ASD-SLAM/devel/include/opencv2/core/utility.hpp)
Linked: (/home/mataiyuan/ASD-SLAM/devel/.private/opencv3_catkin/include/opencv2/core/optim.hpp, /home/mataiyuan/ASD-SLAM/devel/include/opencv2/core/optim.hpp)
Linked: (/home/mataiyuan/ASD-SLAM/devel/.private/opencv3_catkin/include/opencv2/core/traits.hpp, /home/mataiyuan/ASD-SLAM/devel/include/opencv2/core/traits.hpp)
Linked: (/home/mataiyuan/ASD-SLAM/devel/.private/opencv3_catkin/include/opencv2/core/neon_utils.hpp, /home/mataiyuan/ASD-SLAM/devel/include/opencv2/core/neon_utils.hpp)
Linked: (/home/mataiyuan/ASD-SLAM/devel/.private/opencv3_catkin/include/opencv2/core/cvstd.inl.hpp, /home/mataiyuan/ASD-SLAM/devel/include/opencv2/core/cvstd.inl.hpp)
Linked: (/home/mataiyuan/ASD-SLAM/devel/.private/opencv3_catkin/include/opencv2/core/ippasync.hpp, /home/mataiyuan/ASD-SLAM/devel/include/opencv2/core/ippasync.hpp)
Linked: (/home/mataiyuan/ASD-SLAM/devel/.private/opencv3_catkin/include/opencv2/core/version.hpp, /home/mataiyuan/ASD-SLAM/devel/include/opencv2/core/version.hpp)
Linked: (/home/mataiyuan/ASD-SLAM/devel/.private/opencv3_catkin/include/opencv2/core/fast_math.hpp, /home/mataiyuan/ASD-SLAM/devel/include/opencv2/core/fast_math.hpp)
Linked: (/home/mataiyuan/ASD-SLAM/devel/.private/opencv3_catkin/include/opencv2/core/ocl.hpp, /home/mataiyuan/ASD-SLAM/devel/include/opencv2/core/ocl.hpp)
Linked: (/home/mataiyuan/ASD-SLAM/devel/.private/opencv3_catkin/include/opencv2/core/types.hpp, /home/mataiyuan/ASD-SLAM/devel/include/opencv2/core/types.hpp)
Linked: (/home/mataiyuan/ASD-SLAM/devel/.private/opencv3_catkin/include/opencv2/core/ovx.hpp, /home/mataiyuan/ASD-SLAM/devel/include/opencv2/core/ovx.hpp)
Linked: (/home/mataiyuan/ASD-SLAM/devel/.private/opencv3_catkin/include/opencv2/core/cvdef.h, /home/mataiyuan/ASD-SLAM/devel/include/opencv2/core/cvdef.h)
Linked: (/home/mataiyuan/ASD-SLAM/devel/.private/opencv3_catkin/include/opencv2/core/private.hpp, /home/mataiyuan/ASD-SLAM/devel/include/opencv2/core/private.hpp)
Linked: (/home/mataiyuan/ASD-SLAM/devel/.private/opencv3_catkin/include/opencv2/core/sse_utils.hpp, /home/mataiyuan/ASD-SLAM/devel/include/opencv2/core/sse_utils.hpp)
Linked: (/home/mataiyuan/ASD-SLAM/devel/.private/opencv3_catkin/include/opencv2/core/ocl_genbase.hpp, /home/mataiyuan/ASD-SLAM/devel/include/opencv2/core/ocl_genbase.hpp)
Linked: (/home/mataiyuan/ASD-SLAM/devel/.private/opencv3_catkin/include/opencv2/core/eigen.hpp, /home/mataiyuan/ASD-SLAM/devel/include/opencv2/core/eigen.hpp)
Linked: (/home/mataiyuan/ASD-SLAM/devel/.private/opencv3_catkin/include/opencv2/core/types_c.h, /home/mataiyuan/ASD-SLAM/devel/include/opencv2/core/types_c.h)
Linked: (/home/mataiyuan/ASD-SLAM/devel/.private/opencv3_catkin/include/opencv2/core/directx.hpp, /home/mataiyuan/ASD-SLAM/devel/include/opencv2/core/directx.hpp)
Linked: (/home/mataiyuan/ASD-SLAM/devel/.private/opencv3_catkin/include/opencv2/core/ptr.inl.hpp, /home/mataiyuan/ASD-SLAM/devel/include/opencv2/core/ptr.inl.hpp)
Linked: (/home/mataiyuan/ASD-SLAM/devel/.private/opencv3_catkin/include/opencv2/core/private.cuda.hpp, /home/mataiyuan/ASD-SLAM/devel/include/opencv2/core/private.cuda.hpp)
Linked: (/home/mataiyuan/ASD-SLAM/devel/.private/opencv3_catkin/include/opencv2/core/cuda_stream_accessor.hpp, /home/mataiyuan/ASD-SLAM/devel/include/opencv2/core/cuda_stream_accessor.hpp)
Linked: (/home/mataiyuan/ASD-SLAM/devel/.private/opencv3_catkin/include/opencv2/core/cuda_types.hpp, /home/mataiyuan/ASD-SLAM/devel/include/opencv2/core/cuda_types.hpp)
Linked: (/home/mataiyuan/ASD-SLAM/devel/.private/opencv3_catkin/include/opencv2/core/matx.hpp, /home/mataiyuan/ASD-SLAM/devel/include/opencv2/core/matx.hpp)
Linked: (/home/mataiyuan/ASD-SLAM/devel/.private/opencv3_catkin/include/opencv2/core/cuda.inl.hpp, /home/mataiyuan/ASD-SLAM/devel/include/opencv2/core/cuda.inl.hpp)
Linked: (/home/mataiyuan/ASD-SLAM/devel/.private/opencv3_catkin/include/opencv2/core/cuda/datamov_utils.hpp, /home/mataiyuan/ASD-SLAM/devel/include/opencv2/core/cuda/datamov_utils.hpp)
Linked: (/home/mataiyuan/ASD-SLAM/devel/.private/opencv3_catkin/include/opencv2/core/cuda/limits.hpp, /home/mataiyuan/ASD-SLAM/devel/include/opencv2/core/cuda/limits.hpp)
Linked: (/home/mataiyuan/ASD-SLAM/devel/.private/opencv3_catkin/include/opencv2/core/cuda/type_traits.hpp, /home/mataiyuan/ASD-SLAM/devel/include/opencv2/core/cuda/type_traits.hpp)
Linked: (/home/mataiyuan/ASD-SLAM/devel/.private/opencv3_catkin/include/opencv2/core/cuda/vec_traits.hpp, /home/mataiyuan/ASD-SLAM/devel/include/opencv2/core/cuda/vec_traits.hpp)
Linked: (/home/mataiyuan/ASD-SLAM/devel/.private/opencv3_catkin/include/opencv2/core/cuda/color.hpp, /home/mataiyuan/ASD-SLAM/devel/include/opencv2/core/cuda/color.hpp)
Linked: (/home/mataiyuan/ASD-SLAM/devel/.private/opencv3_catkin/include/opencv2/core/cuda/functional.hpp, /home/mataiyuan/ASD-SLAM/devel/include/opencv2/core/cuda/functional.hpp)
Linked: (/home/mataiyuan/ASD-SLAM/devel/.private/opencv3_catkin/include/opencv2/core/cuda/warp_reduce.hpp, /home/mataiyuan/ASD-SLAM/devel/include/opencv2/core/cuda/warp_reduce.hpp)
Linked: (/home/mataiyuan/ASD-SLAM/devel/.private/opencv3_catkin/include/opencv2/core/cuda/filters.hpp, /home/mataiyuan/ASD-SLAM/devel/include/opencv2/core/cuda/filters.hpp)
Linked: (/home/mataiyuan/ASD-SLAM/devel/.private/opencv3_catkin/include/opencv2/core/cuda/scan.hpp, /home/mataiyuan/ASD-SLAM/devel/include/opencv2/core/cuda/scan.hpp)
Linked: (/home/mataiyuan/ASD-SLAM/devel/.private/opencv3_catkin/include/opencv2/core/cuda/transform.hpp, /home/mataiyuan/ASD-SLAM/devel/include/opencv2/core/cuda/transform.hpp)
Linked: (/home/mataiyuan/ASD-SLAM/devel/.private/opencv3_catkin/include/opencv2/core/cuda/saturate_cast.hpp, /home/mataiyuan/ASD-SLAM/devel/include/opencv2/core/cuda/saturate_cast.hpp)
Linked: (/home/mataiyuan/ASD-SLAM/devel/.private/opencv3_catkin/include/opencv2/core/cuda/vec_math.hpp, /home/mataiyuan/ASD-SLAM/devel/include/opencv2/core/cuda/vec_math.hpp)
Linked: (/home/mataiyuan/ASD-SLAM/devel/.private/opencv3_catkin/include/opencv2/core/cuda/reduce.hpp, /home/mataiyuan/ASD-SLAM/devel/include/opencv2/core/cuda/reduce.hpp)
Linked: (/home/mataiyuan/ASD-SLAM/devel/.private/opencv3_catkin/include/opencv2/core/cuda/warp_shuffle.hpp, /home/mataiyuan/ASD-SLAM/devel/include/opencv2/core/cuda/warp_shuffle.hpp)
Linked: (/home/mataiyuan/ASD-SLAM/devel/.private/opencv3_catkin/include/opencv2/core/cuda/funcattrib.hpp, /home/mataiyuan/ASD-SLAM/devel/include/opencv2/core/cuda/funcattrib.hpp)
Linked: (/home/mataiyuan/ASD-SLAM/devel/.private/opencv3_catkin/include/opencv2/core/cuda/utility.hpp, /home/mataiyuan/ASD-SLAM/devel/include/opencv2/core/cuda/utility.hpp)
Linked: (/home/mataiyuan/ASD-SLAM/devel/.private/opencv3_catkin/include/opencv2/core/cuda/warp.hpp, /home/mataiyuan/ASD-SLAM/devel/include/opencv2/core/cuda/warp.hpp)
Linked: (/home/mataiyuan/ASD-SLAM/devel/.private/opencv3_catkin/include/opencv2/core/cuda/vec_distance.hpp, /home/mataiyuan/ASD-SLAM/devel/include/opencv2/core/cuda/vec_distance.hpp)
Linked: (/home/mataiyuan/ASD-SLAM/devel/.private/opencv3_catkin/include/opencv2/core/cuda/emulation.hpp, /home/mataiyuan/ASD-SLAM/devel/include/opencv2/core/cuda/emulation.hpp)
Linked: (/home/mataiyuan/ASD-SLAM/devel/.private/opencv3_catkin/include/opencv2/core/cuda/dynamic_smem.hpp, /home/mataiyuan/ASD-SLAM/devel/include/opencv2/core/cuda/dynamic_smem.hpp)
Linked: (/home/mataiyuan/ASD-SLAM/devel/.private/opencv3_catkin/include/opencv2/core/cuda/simd_functions.hpp, /home/mataiyuan/ASD-SLAM/devel/include/opencv2/core/cuda/simd_functions.hpp)
Linked: (/home/mataiyuan/ASD-SLAM/devel/.private/opencv3_catkin/include/opencv2/core/cuda/block.hpp, /home/mataiyuan/ASD-SLAM/devel/include/opencv2/core/cuda/block.hpp)
Linked: (/home/mataiyuan/ASD-SLAM/devel/.private/opencv3_catkin/include/opencv2/core/cuda/border_interpolate.hpp, /home/mataiyuan/ASD-SLAM/devel/include/opencv2/core/cuda/border_interpolate.hpp)
Linked: (/home/mataiyuan/ASD-SLAM/devel/.private/opencv3_catkin/include/opencv2/core/cuda/common.hpp, /home/mataiyuan/ASD-SLAM/devel/include/opencv2/core/cuda/common.hpp)
Linked: (/home/mataiyuan/ASD-SLAM/devel/.private/opencv3_catkin/include/opencv2/core/cuda/detail/transform_detail.hpp, /home/mataiyuan/ASD-SLAM/devel/include/opencv2/core/cuda/detail/transform_detail.hpp)
Linked: (/home/mataiyuan/ASD-SLAM/devel/.private/opencv3_catkin/include/opencv2/core/cuda/detail/color_detail.hpp, /home/mataiyuan/ASD-SLAM/devel/include/opencv2/core/cuda/detail/color_detail.hpp)
Linked: (/home/mataiyuan/ASD-SLAM/devel/.private/opencv3_catkin/include/opencv2/core/cuda/detail/reduce.hpp, /home/mataiyuan/ASD-SLAM/devel/include/opencv2/core/cuda/detail/reduce.hpp)
Linked: (/home/mataiyuan/ASD-SLAM/devel/.private/opencv3_catkin/include/opencv2/core/cuda/detail/type_traits_detail.hpp, /home/mataiyuan/ASD-SLAM/devel/include/opencv2/core/cuda/detail/type_traits_detail.hpp)
Linked: (/home/mataiyuan/ASD-SLAM/devel/.private/opencv3_catkin/include/opencv2/core/cuda/detail/reduce_key_val.hpp, /home/mataiyuan/ASD-SLAM/devel/include/opencv2/core/cuda/detail/reduce_key_val.hpp)
Linked: (/home/mataiyuan/ASD-SLAM/devel/.private/opencv3_catkin/include/opencv2/core/cuda/detail/vec_distance_detail.hpp, /home/mataiyuan/ASD-SLAM/devel/include/opencv2/core/cuda/detail/vec_distance_detail.hpp)
Linked: (/home/mataiyuan/ASD-SLAM/devel/.private/opencv3_catkin/include/opencv2/core/hal/intrin.hpp, /home/mataiyuan/ASD-SLAM/devel/include/opencv2/core/hal/intrin.hpp)
Linked: (/home/mataiyuan/ASD-SLAM/devel/.private/opencv3_catkin/include/opencv2/core/hal/intrin_sse.hpp, /home/mataiyuan/ASD-SLAM/devel/include/opencv2/core/hal/intrin_sse.hpp)
Linked: (/home/mataiyuan/ASD-SLAM/devel/.private/opencv3_catkin/include/opencv2/core/hal/hal.hpp, /home/mataiyuan/ASD-SLAM/devel/include/opencv2/core/hal/hal.hpp)
Linked: (/home/mataiyuan/ASD-SLAM/devel/.private/opencv3_catkin/include/opencv2/core/hal/intrin_cpp.hpp, /home/mataiyuan/ASD-SLAM/devel/include/opencv2/core/hal/intrin_cpp.hpp)
Linked: (/home/mataiyuan/ASD-SLAM/devel/.private/opencv3_catkin/include/opencv2/core/hal/interface.h, /home/mataiyuan/ASD-SLAM/devel/include/opencv2/core/hal/interface.h)
Linked: (/home/mataiyuan/ASD-SLAM/devel/.private/opencv3_catkin/include/opencv2/core/hal/intrin_neon.hpp, /home/mataiyuan/ASD-SLAM/devel/include/opencv2/core/hal/intrin_neon.hpp)
Linked: (/home/mataiyuan/ASD-SLAM/devel/.private/opencv3_catkin/include/opencv/cxcore.hpp, /home/mataiyuan/ASD-SLAM/devel/include/opencv/cxcore.hpp)
Linked: (/home/mataiyuan/ASD-SLAM/devel/.private/opencv3_catkin/include/opencv/cxcore.h, /home/mataiyuan/ASD-SLAM/devel/include/opencv/cxcore.h)
Linked: (/home/mataiyuan/ASD-SLAM/devel/.private/opencv3_catkin/include/opencv/cvaux.hpp, /home/mataiyuan/ASD-SLAM/devel/include/opencv/cvaux.hpp)
Linked: (/home/mataiyuan/ASD-SLAM/devel/.private/opencv3_catkin/include/opencv/highgui.h, /home/mataiyuan/ASD-SLAM/devel/include/opencv/highgui.h)
Linked: (/home/mataiyuan/ASD-SLAM/devel/.private/opencv3_catkin/include/opencv/cvaux.h, /home/mataiyuan/ASD-SLAM/devel/include/opencv/cvaux.h)
Linked: (/home/mataiyuan/ASD-SLAM/devel/.private/opencv3_catkin/include/opencv/cv.h, /home/mataiyuan/ASD-SLAM/devel/include/opencv/cv.h)
Linked: (/home/mataiyuan/ASD-SLAM/devel/.private/opencv3_catkin/include/opencv/cxmisc.h, /home/mataiyuan/ASD-SLAM/devel/include/opencv/cxmisc.h)
Linked: (/home/mataiyuan/ASD-SLAM/devel/.private/opencv3_catkin/include/opencv/ml.h, /home/mataiyuan/ASD-SLAM/devel/include/opencv/ml.h)
Linked: (/home/mataiyuan/ASD-SLAM/devel/.private/opencv3_catkin/include/opencv/cxeigen.hpp, /home/mataiyuan/ASD-SLAM/devel/include/opencv/cxeigen.hpp)
Linked: (/home/mataiyuan/ASD-SLAM/devel/.private/opencv3_catkin/include/opencv/cv.hpp, /home/mataiyuan/ASD-SLAM/devel/include/opencv/cv.hpp)
Linked: (/home/mataiyuan/ASD-SLAM/devel/.private/opencv3_catkin/include/opencv/cvwimage.h, /home/mataiyuan/ASD-SLAM/devel/include/opencv/cvwimage.h)
Linked: (/home/mataiyuan/ASD-SLAM/devel/.private/opencv3_catkin/lib/libopencv_calib3d.so, /home/mataiyuan/ASD-SLAM/devel/lib/libopencv_calib3d.so)
Linked: (/home/mataiyuan/ASD-SLAM/devel/.private/opencv3_catkin/lib/libopencv_saliency.so.3.2, /home/mataiyuan/ASD-SLAM/devel/lib/libopencv_saliency.so.3.2)
Linked: (/home/mataiyuan/ASD-SLAM/devel/.private/opencv3_catkin/lib/libopencv_xfeatures2d.so, /home/mataiyuan/ASD-SLAM/devel/lib/libopencv_xfeatures2d.so)
Linked: (/home/mataiyuan/ASD-SLAM/devel/.private/opencv3_catkin/lib/libopencv3_catkin.so, /home/mataiyuan/ASD-SLAM/devel/lib/libopencv3_catkin.so)
Linked: (/home/mataiyuan/ASD-SLAM/devel/.private/opencv3_catkin/lib/libopencv_objdetect.so.3.2, /home/mataiyuan/ASD-SLAM/devel/lib/libopencv_objdetect.so.3.2)
Linked: (/home/mataiyuan/ASD-SLAM/devel/.private/opencv3_catkin/lib/libopencv_video.so.3.2, /home/mataiyuan/ASD-SLAM/devel/lib/libopencv_video.so.3.2)
Linked: (/home/mataiyuan/ASD-SLAM/devel/.private/opencv3_catkin/lib/libopencv_photo.so, /home/mataiyuan/ASD-SLAM/devel/lib/libopencv_photo.so)
Linked: (/home/mataiyuan/ASD-SLAM/devel/.private/opencv3_catkin/lib/libopencv_saliency.so, /home/mataiyuan/ASD-SLAM/devel/lib/libopencv_saliency.so)
Linked: (/home/mataiyuan/ASD-SLAM/devel/.private/opencv3_catkin/lib/libopencv_ml.so.3.2.0, /home/mataiyuan/ASD-SLAM/devel/lib/libopencv_ml.so.3.2.0)
Linked: (/home/mataiyuan/ASD-SLAM/devel/.private/opencv3_catkin/lib/libopencv_stitching.so.3.2.0, /home/mataiyuan/ASD-SLAM/devel/lib/libopencv_stitching.so.3.2.0)
Linked: (/home/mataiyuan/ASD-SLAM/devel/.private/opencv3_catkin/lib/libopencv_imgcodecs.so, /home/mataiyuan/ASD-SLAM/devel/lib/libopencv_imgcodecs.so)
Linked: (/home/mataiyuan/ASD-SLAM/devel/.private/opencv3_catkin/lib/libopencv_calib3d.so.3.2, /home/mataiyuan/ASD-SLAM/devel/lib/libopencv_calib3d.so.3.2)
Linked: (/home/mataiyuan/ASD-SLAM/devel/.private/opencv3_catkin/lib/libopencv_video.so.3.2.0, /home/mataiyuan/ASD-SLAM/devel/lib/libopencv_video.so.3.2.0)
Linked: (/home/mataiyuan/ASD-SLAM/devel/.private/opencv3_catkin/lib/libopencv_phase_unwrapping.so.3.2, /home/mataiyuan/ASD-SLAM/devel/lib/libopencv_phase_unwrapping.so.3.2)
Linked: (/home/mataiyuan/ASD-SLAM/devel/.private/opencv3_catkin/lib/libopencv_video.so, /home/mataiyuan/ASD-SLAM/devel/lib/libopencv_video.so)
Linked: (/home/mataiyuan/ASD-SLAM/devel/.private/opencv3_catkin/lib/libopencv_viz.so.3.2, /home/mataiyuan/ASD-SLAM/devel/lib/libopencv_viz.so.3.2)
Linked: (/home/mataiyuan/ASD-SLAM/devel/.private/opencv3_catkin/lib/libopencv_videostab.so.3.2.0, /home/mataiyuan/ASD-SLAM/devel/lib/libopencv_videostab.so.3.2.0)
Linked: (/home/mataiyuan/ASD-SLAM/devel/.private/opencv3_catkin/lib/libopencv_xfeatures2d.so.3.2, /home/mataiyuan/ASD-SLAM/devel/lib/libopencv_xfeatures2d.so.3.2)
Linked: (/home/mataiyuan/ASD-SLAM/devel/.private/opencv3_catkin/lib/libopencv_features2d.so, /home/mataiyuan/ASD-SLAM/devel/lib/libopencv_features2d.so)
Linked: (/home/mataiyuan/ASD-SLAM/devel/.private/opencv3_catkin/lib/libopencv_ml.so.3.2, /home/mataiyuan/ASD-SLAM/devel/lib/libopencv_ml.so.3.2)
Linked: (/home/mataiyuan/ASD-SLAM/devel/.private/opencv3_catkin/lib/libopencv_imgproc.so, /home/mataiyuan/ASD-SLAM/devel/lib/libopencv_imgproc.so)
Linked: (/home/mataiyuan/ASD-SLAM/devel/.private/opencv3_catkin/lib/libopencv_shape.so.3.2.0, /home/mataiyuan/ASD-SLAM/devel/lib/libopencv_shape.so.3.2.0)
Linked: (/home/mataiyuan/ASD-SLAM/devel/.private/opencv3_catkin/lib/libopencv_stitching.so.3.2, /home/mataiyuan/ASD-SLAM/devel/lib/libopencv_stitching.so.3.2)
Linked: (/home/mataiyuan/ASD-SLAM/devel/.private/opencv3_catkin/lib/libopencv_imgproc.so.3.2, /home/mataiyuan/ASD-SLAM/devel/lib/libopencv_imgproc.so.3.2)
Linked: (/home/mataiyuan/ASD-SLAM/devel/.private/opencv3_catkin/lib/libopencv_features2d.so.3.2.0, /home/mataiyuan/ASD-SLAM/devel/lib/libopencv_features2d.so.3.2.0)
Linked: (/home/mataiyuan/ASD-SLAM/devel/.private/opencv3_catkin/lib/libopencv_photo.so.3.2, /home/mataiyuan/ASD-SLAM/devel/lib/libopencv_photo.so.3.2)
Linked: (/home/mataiyuan/ASD-SLAM/devel/.private/opencv3_catkin/lib/libopencv_viz.so, /home/mataiyuan/ASD-SLAM/devel/lib/libopencv_viz.so)
Linked: (/home/mataiyuan/ASD-SLAM/devel/.private/opencv3_catkin/lib/libopencv_superres.so.3.2, /home/mataiyuan/ASD-SLAM/devel/lib/libopencv_superres.so.3.2)
Linked: (/home/mataiyuan/ASD-SLAM/devel/.private/opencv3_catkin/lib/libopencv_highgui.so.3.2.0, /home/mataiyuan/ASD-SLAM/devel/lib/libopencv_highgui.so.3.2.0)
Linked: (/home/mataiyuan/ASD-SLAM/devel/.private/opencv3_catkin/lib/libopencv_photo.so.3.2.0, /home/mataiyuan/ASD-SLAM/devel/lib/libopencv_photo.so.3.2.0)
Linked: (/home/mataiyuan/ASD-SLAM/devel/.private/opencv3_catkin/lib/libopencv_viz.so.3.2.0, /home/mataiyuan/ASD-SLAM/devel/lib/libopencv_viz.so.3.2.0)
Linked: (/home/mataiyuan/ASD-SLAM/devel/.private/opencv3_catkin/lib/libopencv_stitching.so, /home/mataiyuan/ASD-SLAM/devel/lib/libopencv_stitching.so)
Linked: (/home/mataiyuan/ASD-SLAM/devel/.private/opencv3_catkin/lib/libopencv_imgcodecs.so.3.2.0, /home/mataiyuan/ASD-SLAM/devel/lib/libopencv_imgcodecs.so.3.2.0)
Linked: (/home/mataiyuan/ASD-SLAM/devel/.private/opencv3_catkin/lib/libopencv_videoio.so.3.2.0, /home/mataiyuan/ASD-SLAM/devel/lib/libopencv_videoio.so.3.2.0)
Linked: (/home/mataiyuan/ASD-SLAM/devel/.private/opencv3_catkin/lib/libopencv_flann.so, /home/mataiyuan/ASD-SLAM/devel/lib/libopencv_flann.so)
Linked: (/home/mataiyuan/ASD-SLAM/devel/.private/opencv3_catkin/lib/libopencv_shape.so.3.2, /home/mataiyuan/ASD-SLAM/devel/lib/libopencv_shape.so.3.2)
Linked: (/home/mataiyuan/ASD-SLAM/devel/.private/opencv3_catkin/lib/libopencv_videostab.so.3.2, /home/mataiyuan/ASD-SLAM/devel/lib/libopencv_videostab.so.3.2)
Linked: (/home/mataiyuan/ASD-SLAM/devel/.private/opencv3_catkin/lib/libopencv_core.so, /home/mataiyuan/ASD-SLAM/devel/lib/libopencv_core.so)
Linked: (/home/mataiyuan/ASD-SLAM/devel/.private/opencv3_catkin/lib/libopencv_core.so.3.2.0, /home/mataiyuan/ASD-SLAM/devel/lib/libopencv_core.so.3.2.0)
Linked: (/home/mataiyuan/ASD-SLAM/devel/.private/opencv3_catkin/lib/libopencv_objdetect.so.3.2.0, /home/mataiyuan/ASD-SLAM/devel/lib/libopencv_objdetect.so.3.2.0)
Linked: (/home/mataiyuan/ASD-SLAM/devel/.private/opencv3_catkin/lib/libopencv_highgui.so, /home/mataiyuan/ASD-SLAM/devel/lib/libopencv_highgui.so)
Linked: (/home/mataiyuan/ASD-SLAM/devel/.private/opencv3_catkin/lib/libopencv_flann.so.3.2, /home/mataiyuan/ASD-SLAM/devel/lib/libopencv_flann.so.3.2)
Linked: (/home/mataiyuan/ASD-SLAM/devel/.private/opencv3_catkin/lib/libopencv_videoio.so, /home/mataiyuan/ASD-SLAM/devel/lib/libopencv_videoio.so)
Linked: (/home/mataiyuan/ASD-SLAM/devel/.private/opencv3_catkin/lib/libopencv_features2d.so.3.2, /home/mataiyuan/ASD-SLAM/devel/lib/libopencv_features2d.so.3.2)
Linked: (/home/mataiyuan/ASD-SLAM/devel/.private/opencv3_catkin/lib/libopencv_videoio.so.3.2, /home/mataiyuan/ASD-SLAM/devel/lib/libopencv_videoio.so.3.2)
Linked: (/home/mataiyuan/ASD-SLAM/devel/.private/opencv3_catkin/lib/libopencv_superres.so.3.2.0, /home/mataiyuan/ASD-SLAM/devel/lib/libopencv_superres.so.3.2.0)
Linked: (/home/mataiyuan/ASD-SLAM/devel/.private/opencv3_catkin/lib/libopencv_phase_unwrapping.so, /home/mataiyuan/ASD-SLAM/devel/lib/libopencv_phase_unwrapping.so)
Linked: (/home/mataiyuan/ASD-SLAM/devel/.private/opencv3_catkin/lib/libopencv_calib3d.so.3.2.0, /home/mataiyuan/ASD-SLAM/devel/lib/libopencv_calib3d.so.3.2.0)
Linked: (/home/mataiyuan/ASD-SLAM/devel/.private/opencv3_catkin/lib/libopencv_superres.so, /home/mataiyuan/ASD-SLAM/devel/lib/libopencv_superres.so)
Linked: (/home/mataiyuan/ASD-SLAM/devel/.private/opencv3_catkin/lib/libopencv_shape.so, /home/mataiyuan/ASD-SLAM/devel/lib/libopencv_shape.so)
Linked: (/home/mataiyuan/ASD-SLAM/devel/.private/opencv3_catkin/lib/libopencv_objdetect.so, /home/mataiyuan/ASD-SLAM/devel/lib/libopencv_objdetect.so)
Linked: (/home/mataiyuan/ASD-SLAM/devel/.private/opencv3_catkin/lib/libopencv_ml.so, /home/mataiyuan/ASD-SLAM/devel/lib/libopencv_ml.so)
Linked: (/home/mataiyuan/ASD-SLAM/devel/.private/opencv3_catkin/lib/libopencv_rgbd.so.3.2, /home/mataiyuan/ASD-SLAM/devel/lib/libopencv_rgbd.so.3.2)
Linked: (/home/mataiyuan/ASD-SLAM/devel/.private/opencv3_catkin/lib/libopencv_phase_unwrapping.so.3.2.0, /home/mataiyuan/ASD-SLAM/devel/lib/libopencv_phase_unwrapping.so.3.2.0)
Linked: (/home/mataiyuan/ASD-SLAM/devel/.private/opencv3_catkin/lib/libopencv_rgbd.so.3.2.0, /home/mataiyuan/ASD-SLAM/devel/lib/libopencv_rgbd.so.3.2.0)
Linked: (/home/mataiyuan/ASD-SLAM/devel/.private/opencv3_catkin/lib/libopencv_rgbd.so, /home/mataiyuan/ASD-SLAM/devel/lib/libopencv_rgbd.so)
Linked: (/home/mataiyuan/ASD-SLAM/devel/.private/opencv3_catkin/lib/libopencv_xfeatures2d.so.3.2.0, /home/mataiyuan/ASD-SLAM/devel/lib/libopencv_xfeatures2d.so.3.2.0)
Linked: (/home/mataiyuan/ASD-SLAM/devel/.private/opencv3_catkin/lib/libopencv_imgcodecs.so.3.2, /home/mataiyuan/ASD-SLAM/devel/lib/libopencv_imgcodecs.so.3.2)
Linked: (/home/mataiyuan/ASD-SLAM/devel/.private/opencv3_catkin/lib/libopencv_flann.so.3.2.0, /home/mataiyuan/ASD-SLAM/devel/lib/libopencv_flann.so.3.2.0)
Linked: (/home/mataiyuan/ASD-SLAM/devel/.private/opencv3_catkin/lib/libopencv_highgui.so.3.2, /home/mataiyuan/ASD-SLAM/devel/lib/libopencv_highgui.so.3.2)
Linked: (/home/mataiyuan/ASD-SLAM/devel/.private/opencv3_catkin/lib/libopencv_imgproc.so.3.2.0, /home/mataiyuan/ASD-SLAM/devel/lib/libopencv_imgproc.so.3.2.0)
Linked: (/home/mataiyuan/ASD-SLAM/devel/.private/opencv3_catkin/lib/libopencv_videostab.so, /home/mataiyuan/ASD-SLAM/devel/lib/libopencv_videostab.so)
Linked: (/home/mataiyuan/ASD-SLAM/devel/.private/opencv3_catkin/lib/libopencv_core.so.3.2, /home/mataiyuan/ASD-SLAM/devel/lib/libopencv_core.so.3.2)
Linked: (/home/mataiyuan/ASD-SLAM/devel/.private/opencv3_catkin/lib/libopencv_saliency.so.3.2.0, /home/mataiyuan/ASD-SLAM/devel/lib/libopencv_saliency.so.3.2.0)
Linked: (/home/mataiyuan/ASD-SLAM/devel/.private/opencv3_catkin/lib/pkgconfig/opencv.pc, /home/mataiyuan/ASD-SLAM/devel/lib/pkgconfig/opencv.pc)
Linked: (/home/mataiyuan/ASD-SLAM/devel/.private/opencv3_catkin/lib/pkgconfig/opencv3_catkin.pc, /home/mataiyuan/ASD-SLAM/devel/lib/pkgconfig/opencv3_catkin.pc)
Linked: (/home/mataiyuan/ASD-SLAM/devel/.private/opencv3_catkin/lib/python2.7/dist-packages/cv2.so, /home/mataiyuan/ASD-SLAM/devel/lib/python2.7/dist-packages/cv2.so)
