Symlinking /home/mataiyuan/ASD-SLAM/devel/share/OpenCV/OpenCVConfig.cmake
Symlinking /home/mataiyuan/ASD-SLAM/devel/share/OpenCV/OpenCVModules-release.cmake
Symlinking /home/mataiyuan/ASD-SLAM/devel/share/OpenCV/OpenCVConfig-version.cmake
Symlinking /home/mataiyuan/ASD-SLAM/devel/share/OpenCV/OpenCVModules.cmake
Symlinking /home/mataiyuan/ASD-SLAM/devel/share/OpenCV/haarcascades/haarcascade_eye.xml
Symlinking /home/mataiyuan/ASD-SLAM/devel/share/OpenCV/haarcascades/haarcascade_lefteye_2splits.xml
Symlinking /home/mataiyuan/ASD-SLAM/devel/share/OpenCV/haarcascades/haarcascade_frontalface_alt_tree.xml
Symlinking /home/mataiyuan/ASD-SLAM/devel/share/OpenCV/haarcascades/haarcascade_eye_tree_eyeglasses.xml
Symlinking /home/mataiyuan/ASD-SLAM/devel/share/OpenCV/haarcascades/haarcascade_frontalcatface.xml
Symlinking /home/mataiyuan/ASD-SLAM/devel/share/OpenCV/haarcascades/haarcascade_smile.xml
Symlinking /home/mataiyuan/ASD-SLAM/devel/share/OpenCV/haarcascades/haarcascade_russian_plate_number.xml
Symlinking /home/mataiyuan/ASD-SLAM/devel/share/OpenCV/haarcascades/haarcascade_profileface.xml
Symlinking /home/mataiyuan/ASD-SLAM/devel/share/OpenCV/haarcascades/haarcascade_upperbody.xml
Symlinking /home/mataiyuan/ASD-SLAM/devel/share/OpenCV/haarcascades/haarcascade_righteye_2splits.xml
Symlinking /home/mataiyuan/ASD-SLAM/devel/share/OpenCV/haarcascades/haarcascade_frontalface_default.xml
Symlinking /home/mataiyuan/ASD-SLAM/devel/share/OpenCV/haarcascades/haarcascade_fullbody.xml
Symlinking /home/mataiyuan/ASD-SLAM/devel/share/OpenCV/haarcascades/haarcascade_lowerbody.xml
Symlinking /home/mataiyuan/ASD-SLAM/devel/share/OpenCV/haarcascades/haarcascade_licence_plate_rus_16stages.xml
Symlinking /home/mataiyuan/ASD-SLAM/devel/share/OpenCV/haarcascades/haarcascade_frontalface_alt2.xml
Symlinking /home/mataiyuan/ASD-SLAM/devel/share/OpenCV/haarcascades/haarcascade_frontalface_alt.xml
Symlinking /home/mataiyuan/ASD-SLAM/devel/share/OpenCV/haarcascades/haarcascade_frontalcatface_extended.xml
Symlinking /home/mataiyuan/ASD-SLAM/devel/share/OpenCV/lbpcascades/lbpcascade_profileface.xml
Symlinking /home/mataiyuan/ASD-SLAM/devel/share/OpenCV/lbpcascades/lbpcascade_silverware.xml
Symlinking /home/mataiyuan/ASD-SLAM/devel/share/OpenCV/lbpcascades/lbpcascade_frontalcatface.xml
Symlinking /home/mataiyuan/ASD-SLAM/devel/share/OpenCV/lbpcascades/lbpcascade_frontalface.xml
Symlinking /home/mataiyuan/ASD-SLAM/devel/share/OpenCV/java/opencv-320.jar
Symlinking /home/mataiyuan/ASD-SLAM/devel/share/OpenCV/java/libopencv_java320.so
Symlinking /home/mataiyuan/ASD-SLAM/devel/share/opencv3_catkin/cmake/opencv3_catkinConfig-version.cmake
Symlinking /home/mataiyuan/ASD-SLAM/devel/share/opencv3_catkin/cmake/opencv3_catkinConfig.cmake
Symlinking /home/mataiyuan/ASD-SLAM/devel/share/opencv3_catkin/cmake/opencv3-extras.cmake
Symlinking /home/mataiyuan/ASD-SLAM/devel/bin/opencv_visualisation
Symlinking /home/mataiyuan/ASD-SLAM/devel/bin/opencv_annotation
Symlinking /home/mataiyuan/ASD-SLAM/devel/bin/opencv_createsamples
Symlinking /home/mataiyuan/ASD-SLAM/devel/bin/opencv_version
Symlinking /home/mataiyuan/ASD-SLAM/devel/bin/opencv_traincascade
Symlinking /home/mataiyuan/ASD-SLAM/devel/include/opencv2/saliency.hpp
Symlinking /home/mataiyuan/ASD-SLAM/devel/include/opencv2/highgui.hpp
Symlinking /home/mataiyuan/ASD-SLAM/devel/include/opencv2/rgbd.hpp
Symlinking /home/mataiyuan/ASD-SLAM/devel/include/opencv2/core.hpp
Symlinking /home/mataiyuan/ASD-SLAM/devel/include/opencv2/ml.hpp
Symlinking /home/mataiyuan/ASD-SLAM/devel/include/opencv2/calib3d.hpp
Symlinking /home/mataiyuan/ASD-SLAM/devel/include/opencv2/imgcodecs.hpp
Symlinking /home/mataiyuan/ASD-SLAM/devel/include/opencv2/phase_unwrapping.hpp
Symlinking /home/mataiyuan/ASD-SLAM/devel/include/opencv2/objdetect.hpp
Symlinking /home/mataiyuan/ASD-SLAM/devel/include/opencv2/opencv_modules.hpp
Symlinking /home/mataiyuan/ASD-SLAM/devel/include/opencv2/photo.hpp
Symlinking /home/mataiyuan/ASD-SLAM/devel/include/opencv2/videostab.hpp
Symlinking /home/mataiyuan/ASD-SLAM/devel/include/opencv2/cvconfig.h
Symlinking /home/mataiyuan/ASD-SLAM/devel/include/opencv2/stitching.hpp
Symlinking /home/mataiyuan/ASD-SLAM/devel/include/opencv2/superres.hpp
Symlinking /home/mataiyuan/ASD-SLAM/devel/include/opencv2/xfeatures2d.hpp
Symlinking /home/mataiyuan/ASD-SLAM/devel/include/opencv2/viz.hpp
Symlinking /home/mataiyuan/ASD-SLAM/devel/include/opencv2/features2d.hpp
Symlinking /home/mataiyuan/ASD-SLAM/devel/include/opencv2/videoio.hpp
Symlinking /home/mataiyuan/ASD-SLAM/devel/include/opencv2/opencv.hpp
Symlinking /home/mataiyuan/ASD-SLAM/devel/include/opencv2/video.hpp
Symlinking /home/mataiyuan/ASD-SLAM/devel/include/opencv2/flann.hpp
Symlinking /home/mataiyuan/ASD-SLAM/devel/include/opencv2/imgproc.hpp
Symlinking /home/mataiyuan/ASD-SLAM/devel/include/opencv2/shape.hpp
Symlinking /home/mataiyuan/ASD-SLAM/devel/include/opencv2/imgproc/imgproc_c.h
Symlinking /home/mataiyuan/ASD-SLAM/devel/include/opencv2/imgproc/types_c.h
Symlinking /home/mataiyuan/ASD-SLAM/devel/include/opencv2/imgproc/imgproc.hpp
Symlinking /home/mataiyuan/ASD-SLAM/devel/include/opencv2/imgproc/detail/distortion_model.hpp
Symlinking /home/mataiyuan/ASD-SLAM/devel/include/opencv2/imgproc/hal/hal.hpp
Symlinking /home/mataiyuan/ASD-SLAM/devel/include/opencv2/imgproc/hal/interface.h
Symlinking /home/mataiyuan/ASD-SLAM/devel/include/opencv2/imgcodecs/imgcodecs.hpp
Symlinking /home/mataiyuan/ASD-SLAM/devel/include/opencv2/imgcodecs/ios.h
Symlinking /home/mataiyuan/ASD-SLAM/devel/include/opencv2/imgcodecs/imgcodecs_c.h
Symlinking /home/mataiyuan/ASD-SLAM/devel/include/opencv2/shape/emdL1.hpp
Symlinking /home/mataiyuan/ASD-SLAM/devel/include/opencv2/shape/shape_transformer.hpp
Symlinking /home/mataiyuan/ASD-SLAM/devel/include/opencv2/shape/shape_distance.hpp
Symlinking /home/mataiyuan/ASD-SLAM/devel/include/opencv2/shape/hist_cost.hpp
Symlinking /home/mataiyuan/ASD-SLAM/devel/include/opencv2/shape/shape.hpp
Symlinking /home/mataiyuan/ASD-SLAM/devel/include/opencv2/highgui/highgui.hpp
Symlinking /home/mataiyuan/ASD-SLAM/devel/include/opencv2/highgui/highgui_c.h
Symlinking /home/mataiyuan/ASD-SLAM/devel/include/opencv2/stitching/warpers.hpp
Symlinking /home/mataiyuan/ASD-SLAM/devel/include/opencv2/stitching/detail/warpers.hpp
Symlinking /home/mataiyuan/ASD-SLAM/devel/include/opencv2/stitching/detail/seam_finders.hpp
Symlinking /home/mataiyuan/ASD-SLAM/devel/include/opencv2/stitching/detail/util_inl.hpp
Symlinking /home/mataiyuan/ASD-SLAM/devel/include/opencv2/stitching/detail/camera.hpp
Symlinking /home/mataiyuan/ASD-SLAM/devel/include/opencv2/stitching/detail/util.hpp
Symlinking /home/mataiyuan/ASD-SLAM/devel/include/opencv2/stitching/detail/blenders.hpp
Symlinking /home/mataiyuan/ASD-SLAM/devel/include/opencv2/stitching/detail/autocalib.hpp
Symlinking /home/mataiyuan/ASD-SLAM/devel/include/opencv2/stitching/detail/exposure_compensate.hpp
Symlinking /home/mataiyuan/ASD-SLAM/devel/include/opencv2/stitching/detail/matchers.hpp
Symlinking /home/mataiyuan/ASD-SLAM/devel/include/opencv2/stitching/detail/motion_estimators.hpp
Symlinking /home/mataiyuan/ASD-SLAM/devel/include/opencv2/stitching/detail/warpers_inl.hpp
Symlinking /home/mataiyuan/ASD-SLAM/devel/include/opencv2/stitching/detail/timelapsers.hpp
Symlinking /home/mataiyuan/ASD-SLAM/devel/include/opencv2/ml/ml.hpp
Symlinking /home/mataiyuan/ASD-SLAM/devel/include/opencv2/photo/cuda.hpp
Symlinking /home/mataiyuan/ASD-SLAM/devel/include/opencv2/photo/photo.hpp
Symlinking /home/mataiyuan/ASD-SLAM/devel/include/opencv2/photo/photo_c.h
Symlinking /home/mataiyuan/ASD-SLAM/devel/include/opencv2/viz/viz3d.hpp
Symlinking /home/mataiyuan/ASD-SLAM/devel/include/opencv2/viz/widget_accessor.hpp
Symlinking /home/mataiyuan/ASD-SLAM/devel/include/opencv2/viz/vizcore.hpp
Symlinking /home/mataiyuan/ASD-SLAM/devel/include/opencv2/viz/types.hpp
Symlinking /home/mataiyuan/ASD-SLAM/devel/include/opencv2/viz/widgets.hpp
Symlinking /home/mataiyuan/ASD-SLAM/devel/include/opencv2/videostab/deblurring.hpp
Symlinking /home/mataiyuan/ASD-SLAM/devel/include/opencv2/videostab/wobble_suppression.hpp
Symlinking /home/mataiyuan/ASD-SLAM/devel/include/opencv2/videostab/inpainting.hpp
Symlinking /home/mataiyuan/ASD-SLAM/devel/include/opencv2/videostab/motion_stabilizing.hpp
Symlinking /home/mataiyuan/ASD-SLAM/devel/include/opencv2/videostab/log.hpp
Symlinking /home/mataiyuan/ASD-SLAM/devel/include/opencv2/videostab/global_motion.hpp
Symlinking /home/mataiyuan/ASD-SLAM/devel/include/opencv2/videostab/fast_marching_inl.hpp
Symlinking /home/mataiyuan/ASD-SLAM/devel/include/opencv2/videostab/stabilizer.hpp
Symlinking /home/mataiyuan/ASD-SLAM/devel/include/opencv2/videostab/fast_marching.hpp
Symlinking /home/mataiyuan/ASD-SLAM/devel/include/opencv2/videostab/outlier_rejection.hpp
Symlinking /home/mataiyuan/ASD-SLAM/devel/include/opencv2/videostab/ring_buffer.hpp
Symlinking /home/mataiyuan/ASD-SLAM/devel/include/opencv2/videostab/optical_flow.hpp
Symlinking /home/mataiyuan/ASD-SLAM/devel/include/opencv2/videostab/motion_core.hpp
Symlinking /home/mataiyuan/ASD-SLAM/devel/include/opencv2/videostab/frame_source.hpp
Symlinking /home/mataiyuan/ASD-SLAM/devel/include/opencv2/rgbd/linemod.hpp
Symlinking /home/mataiyuan/ASD-SLAM/devel/include/opencv2/videoio/videoio_c.h
Symlinking /home/mataiyuan/ASD-SLAM/devel/include/opencv2/videoio/cap_ios.h
Symlinking /home/mataiyuan/ASD-SLAM/devel/include/opencv2/videoio/videoio.hpp
Symlinking /home/mataiyuan/ASD-SLAM/devel/include/opencv2/xfeatures2d/cuda.hpp
Symlinking /home/mataiyuan/ASD-SLAM/devel/include/opencv2/xfeatures2d/nonfree.hpp
Symlinking /home/mataiyuan/ASD-SLAM/devel/include/opencv2/phase_unwrapping/histogramphaseunwrapping.hpp
Symlinking /home/mataiyuan/ASD-SLAM/devel/include/opencv2/phase_unwrapping/phase_unwrapping.hpp
Symlinking /home/mataiyuan/ASD-SLAM/devel/include/opencv2/calib3d/calib3d.hpp
Symlinking /home/mataiyuan/ASD-SLAM/devel/include/opencv2/calib3d/calib3d_c.h
Symlinking /home/mataiyuan/ASD-SLAM/devel/include/opencv2/objdetect/detection_based_tracker.hpp
Symlinking /home/mataiyuan/ASD-SLAM/devel/include/opencv2/objdetect/objdetect_c.h
Symlinking /home/mataiyuan/ASD-SLAM/devel/include/opencv2/objdetect/objdetect.hpp
Symlinking /home/mataiyuan/ASD-SLAM/devel/include/opencv2/saliency/saliencySpecializedClasses.hpp
Symlinking /home/mataiyuan/ASD-SLAM/devel/include/opencv2/saliency/saliencyBaseClasses.hpp
Symlinking /home/mataiyuan/ASD-SLAM/devel/include/opencv2/superres/optical_flow.hpp
Symlinking /home/mataiyuan/ASD-SLAM/devel/include/opencv2/features2d/features2d.hpp
Symlinking /home/mataiyuan/ASD-SLAM/devel/include/opencv2/video/tracking_c.h
Symlinking /home/mataiyuan/ASD-SLAM/devel/include/opencv2/video/background_segm.hpp
Symlinking /home/mataiyuan/ASD-SLAM/devel/include/opencv2/video/video.hpp
Symlinking /home/mataiyuan/ASD-SLAM/devel/include/opencv2/video/tracking.hpp
Symlinking /home/mataiyuan/ASD-SLAM/devel/include/opencv2/flann/logger.h
Symlinking /home/mataiyuan/ASD-SLAM/devel/include/opencv2/flann/ground_truth.h
Symlinking /home/mataiyuan/ASD-SLAM/devel/include/opencv2/flann/kdtree_single_index.h
Symlinking /home/mataiyuan/ASD-SLAM/devel/include/opencv2/flann/object_factory.h
Symlinking /home/mataiyuan/ASD-SLAM/devel/include/opencv2/flann/config.h
Symlinking /home/mataiyuan/ASD-SLAM/devel/include/opencv2/flann/timer.h
Symlinking /home/mataiyuan/ASD-SLAM/devel/include/opencv2/flann/defines.h
Symlinking /home/mataiyuan/ASD-SLAM/devel/include/opencv2/flann/simplex_downhill.h
Symlinking /home/mataiyuan/ASD-SLAM/devel/include/opencv2/flann/dynamic_bitset.h
Symlinking /home/mataiyuan/ASD-SLAM/devel/include/opencv2/flann/dummy.h
Symlinking /home/mataiyuan/ASD-SLAM/devel/include/opencv2/flann/params.h
Symlinking /home/mataiyuan/ASD-SLAM/devel/include/opencv2/flann/dist.h
Symlinking /home/mataiyuan/ASD-SLAM/devel/include/opencv2/flann/flann_base.hpp
Symlinking /home/mataiyuan/ASD-SLAM/devel/include/opencv2/flann/random.h
Symlinking /home/mataiyuan/ASD-SLAM/devel/include/opencv2/flann/hdf5.h
Symlinking /home/mataiyuan/ASD-SLAM/devel/include/opencv2/flann/kmeans_index.h
Symlinking /home/mataiyuan/ASD-SLAM/devel/include/opencv2/flann/lsh_table.h
Symlinking /home/mataiyuan/ASD-SLAM/devel/include/opencv2/flann/kdtree_index.h
Symlinking /home/mataiyuan/ASD-SLAM/devel/include/opencv2/flann/nn_index.h
Symlinking /home/mataiyuan/ASD-SLAM/devel/include/opencv2/flann/result_set.h
Symlinking /home/mataiyuan/ASD-SLAM/devel/include/opencv2/flann/heap.h
Symlinking /home/mataiyuan/ASD-SLAM/devel/include/opencv2/flann/index_testing.h
Symlinking /home/mataiyuan/ASD-SLAM/devel/include/opencv2/flann/composite_index.h
Symlinking /home/mataiyuan/ASD-SLAM/devel/include/opencv2/flann/general.h
Symlinking /home/mataiyuan/ASD-SLAM/devel/include/opencv2/flann/hierarchical_clustering_index.h
Symlinking /home/mataiyuan/ASD-SLAM/devel/include/opencv2/flann/allocator.h
Symlinking /home/mataiyuan/ASD-SLAM/devel/include/opencv2/flann/flann.hpp
Symlinking /home/mataiyuan/ASD-SLAM/devel/include/opencv2/flann/saving.h
Symlinking /home/mataiyuan/ASD-SLAM/devel/include/opencv2/flann/any.h
Symlinking /home/mataiyuan/ASD-SLAM/devel/include/opencv2/flann/linear_index.h
Symlinking /home/mataiyuan/ASD-SLAM/devel/include/opencv2/flann/miniflann.hpp
Symlinking /home/mataiyuan/ASD-SLAM/devel/include/opencv2/flann/all_indices.h
Symlinking /home/mataiyuan/ASD-SLAM/devel/include/opencv2/flann/autotuned_index.h
Symlinking /home/mataiyuan/ASD-SLAM/devel/include/opencv2/flann/sampling.h
Symlinking /home/mataiyuan/ASD-SLAM/devel/include/opencv2/flann/matrix.h
Symlinking /home/mataiyuan/ASD-SLAM/devel/include/opencv2/flann/lsh_index.h
Symlinking /home/mataiyuan/ASD-SLAM/devel/include/opencv2/core/persistence.hpp
Symlinking /home/mataiyuan/ASD-SLAM/devel/include/opencv2/core/core_c.h
Symlinking /home/mataiyuan/ASD-SLAM/devel/include/opencv2/core/affine.hpp
Symlinking /home/mataiyuan/ASD-SLAM/devel/include/opencv2/core/va_intel.hpp
Symlinking /home/mataiyuan/ASD-SLAM/devel/include/opencv2/core/operations.hpp
Symlinking /home/mataiyuan/ASD-SLAM/devel/include/opencv2/core/core.hpp
Symlinking /home/mataiyuan/ASD-SLAM/devel/include/opencv2/core/wimage.hpp
Symlinking /home/mataiyuan/ASD-SLAM/devel/include/opencv2/core/bufferpool.hpp
Symlinking /home/mataiyuan/ASD-SLAM/devel/include/opencv2/core/mat.inl.hpp
Symlinking /home/mataiyuan/ASD-SLAM/devel/include/opencv2/core/mat.hpp
Symlinking /home/mataiyuan/ASD-SLAM/devel/include/opencv2/core/opengl.hpp
Symlinking /home/mataiyuan/ASD-SLAM/devel/include/opencv2/core/cuda.hpp
Symlinking /home/mataiyuan/ASD-SLAM/devel/include/opencv2/core/base.hpp
Symlinking /home/mataiyuan/ASD-SLAM/devel/include/opencv2/core/cvstd.hpp
Symlinking /home/mataiyuan/ASD-SLAM/devel/include/opencv2/core/saturate.hpp
Symlinking /home/mataiyuan/ASD-SLAM/devel/include/opencv2/core/utility.hpp
Symlinking /home/mataiyuan/ASD-SLAM/devel/include/opencv2/core/optim.hpp
Symlinking /home/mataiyuan/ASD-SLAM/devel/include/opencv2/core/traits.hpp
Symlinking /home/mataiyuan/ASD-SLAM/devel/include/opencv2/core/neon_utils.hpp
Symlinking /home/mataiyuan/ASD-SLAM/devel/include/opencv2/core/cvstd.inl.hpp
Symlinking /home/mataiyuan/ASD-SLAM/devel/include/opencv2/core/ippasync.hpp
Symlinking /home/mataiyuan/ASD-SLAM/devel/include/opencv2/core/version.hpp
Symlinking /home/mataiyuan/ASD-SLAM/devel/include/opencv2/core/fast_math.hpp
Symlinking /home/mataiyuan/ASD-SLAM/devel/include/opencv2/core/ocl.hpp
Symlinking /home/mataiyuan/ASD-SLAM/devel/include/opencv2/core/types.hpp
Symlinking /home/mataiyuan/ASD-SLAM/devel/include/opencv2/core/ovx.hpp
Symlinking /home/mataiyuan/ASD-SLAM/devel/include/opencv2/core/cvdef.h
Symlinking /home/mataiyuan/ASD-SLAM/devel/include/opencv2/core/private.hpp
Symlinking /home/mataiyuan/ASD-SLAM/devel/include/opencv2/core/sse_utils.hpp
Symlinking /home/mataiyuan/ASD-SLAM/devel/include/opencv2/core/ocl_genbase.hpp
Symlinking /home/mataiyuan/ASD-SLAM/devel/include/opencv2/core/eigen.hpp
Symlinking /home/mataiyuan/ASD-SLAM/devel/include/opencv2/core/types_c.h
Symlinking /home/mataiyuan/ASD-SLAM/devel/include/opencv2/core/directx.hpp
Symlinking /home/mataiyuan/ASD-SLAM/devel/include/opencv2/core/ptr.inl.hpp
Symlinking /home/mataiyuan/ASD-SLAM/devel/include/opencv2/core/private.cuda.hpp
Symlinking /home/mataiyuan/ASD-SLAM/devel/include/opencv2/core/cuda_stream_accessor.hpp
Symlinking /home/mataiyuan/ASD-SLAM/devel/include/opencv2/core/cuda_types.hpp
Symlinking /home/mataiyuan/ASD-SLAM/devel/include/opencv2/core/matx.hpp
Symlinking /home/mataiyuan/ASD-SLAM/devel/include/opencv2/core/cuda.inl.hpp
Symlinking /home/mataiyuan/ASD-SLAM/devel/include/opencv2/core/cuda/datamov_utils.hpp
Symlinking /home/mataiyuan/ASD-SLAM/devel/include/opencv2/core/cuda/limits.hpp
Symlinking /home/mataiyuan/ASD-SLAM/devel/include/opencv2/core/cuda/type_traits.hpp
Symlinking /home/mataiyuan/ASD-SLAM/devel/include/opencv2/core/cuda/vec_traits.hpp
Symlinking /home/mataiyuan/ASD-SLAM/devel/include/opencv2/core/cuda/color.hpp
Symlinking /home/mataiyuan/ASD-SLAM/devel/include/opencv2/core/cuda/functional.hpp
Symlinking /home/mataiyuan/ASD-SLAM/devel/include/opencv2/core/cuda/warp_reduce.hpp
Symlinking /home/mataiyuan/ASD-SLAM/devel/include/opencv2/core/cuda/filters.hpp
Symlinking /home/mataiyuan/ASD-SLAM/devel/include/opencv2/core/cuda/scan.hpp
Symlinking /home/mataiyuan/ASD-SLAM/devel/include/opencv2/core/cuda/transform.hpp
Symlinking /home/mataiyuan/ASD-SLAM/devel/include/opencv2/core/cuda/saturate_cast.hpp
Symlinking /home/mataiyuan/ASD-SLAM/devel/include/opencv2/core/cuda/vec_math.hpp
Symlinking /home/mataiyuan/ASD-SLAM/devel/include/opencv2/core/cuda/reduce.hpp
Symlinking /home/mataiyuan/ASD-SLAM/devel/include/opencv2/core/cuda/warp_shuffle.hpp
Symlinking /home/mataiyuan/ASD-SLAM/devel/include/opencv2/core/cuda/funcattrib.hpp
Symlinking /home/mataiyuan/ASD-SLAM/devel/include/opencv2/core/cuda/utility.hpp
Symlinking /home/mataiyuan/ASD-SLAM/devel/include/opencv2/core/cuda/warp.hpp
Symlinking /home/mataiyuan/ASD-SLAM/devel/include/opencv2/core/cuda/vec_distance.hpp
Symlinking /home/mataiyuan/ASD-SLAM/devel/include/opencv2/core/cuda/emulation.hpp
Symlinking /home/mataiyuan/ASD-SLAM/devel/include/opencv2/core/cuda/dynamic_smem.hpp
Symlinking /home/mataiyuan/ASD-SLAM/devel/include/opencv2/core/cuda/simd_functions.hpp
Symlinking /home/mataiyuan/ASD-SLAM/devel/include/opencv2/core/cuda/block.hpp
Symlinking /home/mataiyuan/ASD-SLAM/devel/include/opencv2/core/cuda/border_interpolate.hpp
Symlinking /home/mataiyuan/ASD-SLAM/devel/include/opencv2/core/cuda/common.hpp
Symlinking /home/mataiyuan/ASD-SLAM/devel/include/opencv2/core/cuda/detail/transform_detail.hpp
Symlinking /home/mataiyuan/ASD-SLAM/devel/include/opencv2/core/cuda/detail/color_detail.hpp
Symlinking /home/mataiyuan/ASD-SLAM/devel/include/opencv2/core/cuda/detail/reduce.hpp
Symlinking /home/mataiyuan/ASD-SLAM/devel/include/opencv2/core/cuda/detail/type_traits_detail.hpp
Symlinking /home/mataiyuan/ASD-SLAM/devel/include/opencv2/core/cuda/detail/reduce_key_val.hpp
Symlinking /home/mataiyuan/ASD-SLAM/devel/include/opencv2/core/cuda/detail/vec_distance_detail.hpp
Symlinking /home/mataiyuan/ASD-SLAM/devel/include/opencv2/core/hal/intrin.hpp
Symlinking /home/mataiyuan/ASD-SLAM/devel/include/opencv2/core/hal/intrin_sse.hpp
Symlinking /home/mataiyuan/ASD-SLAM/devel/include/opencv2/core/hal/hal.hpp
Symlinking /home/mataiyuan/ASD-SLAM/devel/include/opencv2/core/hal/intrin_cpp.hpp
Symlinking /home/mataiyuan/ASD-SLAM/devel/include/opencv2/core/hal/interface.h
Symlinking /home/mataiyuan/ASD-SLAM/devel/include/opencv2/core/hal/intrin_neon.hpp
Symlinking /home/mataiyuan/ASD-SLAM/devel/include/opencv/cxcore.hpp
Symlinking /home/mataiyuan/ASD-SLAM/devel/include/opencv/cxcore.h
Symlinking /home/mataiyuan/ASD-SLAM/devel/include/opencv/cvaux.hpp
Symlinking /home/mataiyuan/ASD-SLAM/devel/include/opencv/highgui.h
Symlinking /home/mataiyuan/ASD-SLAM/devel/include/opencv/cvaux.h
Symlinking /home/mataiyuan/ASD-SLAM/devel/include/opencv/cv.h
Symlinking /home/mataiyuan/ASD-SLAM/devel/include/opencv/cxmisc.h
Symlinking /home/mataiyuan/ASD-SLAM/devel/include/opencv/ml.h
Symlinking /home/mataiyuan/ASD-SLAM/devel/include/opencv/cxeigen.hpp
Symlinking /home/mataiyuan/ASD-SLAM/devel/include/opencv/cv.hpp
Symlinking /home/mataiyuan/ASD-SLAM/devel/include/opencv/cvwimage.h
Symlinking /home/mataiyuan/ASD-SLAM/devel/lib/libopencv_calib3d.so
Symlinking /home/mataiyuan/ASD-SLAM/devel/lib/libopencv_saliency.so.3.2
Symlinking /home/mataiyuan/ASD-SLAM/devel/lib/libopencv_xfeatures2d.so
Symlinking /home/mataiyuan/ASD-SLAM/devel/lib/libopencv3_catkin.so
Symlinking /home/mataiyuan/ASD-SLAM/devel/lib/libopencv_objdetect.so.3.2
Symlinking /home/mataiyuan/ASD-SLAM/devel/lib/libopencv_video.so.3.2
Symlinking /home/mataiyuan/ASD-SLAM/devel/lib/libopencv_photo.so
Symlinking /home/mataiyuan/ASD-SLAM/devel/lib/libopencv_saliency.so
Symlinking /home/mataiyuan/ASD-SLAM/devel/lib/libopencv_ml.so.3.2.0
Symlinking /home/mataiyuan/ASD-SLAM/devel/lib/libopencv_stitching.so.3.2.0
Symlinking /home/mataiyuan/ASD-SLAM/devel/lib/libopencv_imgcodecs.so
Symlinking /home/mataiyuan/ASD-SLAM/devel/lib/libopencv_calib3d.so.3.2
Symlinking /home/mataiyuan/ASD-SLAM/devel/lib/libopencv_video.so.3.2.0
Symlinking /home/mataiyuan/ASD-SLAM/devel/lib/libopencv_phase_unwrapping.so.3.2
Symlinking /home/mataiyuan/ASD-SLAM/devel/lib/libopencv_video.so
Symlinking /home/mataiyuan/ASD-SLAM/devel/lib/libopencv_viz.so.3.2
Symlinking /home/mataiyuan/ASD-SLAM/devel/lib/libopencv_videostab.so.3.2.0
Symlinking /home/mataiyuan/ASD-SLAM/devel/lib/libopencv_xfeatures2d.so.3.2
Symlinking /home/mataiyuan/ASD-SLAM/devel/lib/libopencv_features2d.so
Symlinking /home/mataiyuan/ASD-SLAM/devel/lib/libopencv_ml.so.3.2
Symlinking /home/mataiyuan/ASD-SLAM/devel/lib/libopencv_imgproc.so
Symlinking /home/mataiyuan/ASD-SLAM/devel/lib/libopencv_shape.so.3.2.0
Symlinking /home/mataiyuan/ASD-SLAM/devel/lib/libopencv_stitching.so.3.2
Symlinking /home/mataiyuan/ASD-SLAM/devel/lib/libopencv_imgproc.so.3.2
Symlinking /home/mataiyuan/ASD-SLAM/devel/lib/libopencv_features2d.so.3.2.0
Symlinking /home/mataiyuan/ASD-SLAM/devel/lib/libopencv_photo.so.3.2
Symlinking /home/mataiyuan/ASD-SLAM/devel/lib/libopencv_viz.so
Symlinking /home/mataiyuan/ASD-SLAM/devel/lib/libopencv_superres.so.3.2
Symlinking /home/mataiyuan/ASD-SLAM/devel/lib/libopencv_highgui.so.3.2.0
Symlinking /home/mataiyuan/ASD-SLAM/devel/lib/libopencv_photo.so.3.2.0
Symlinking /home/mataiyuan/ASD-SLAM/devel/lib/libopencv_viz.so.3.2.0
Symlinking /home/mataiyuan/ASD-SLAM/devel/lib/libopencv_stitching.so
Symlinking /home/mataiyuan/ASD-SLAM/devel/lib/libopencv_imgcodecs.so.3.2.0
Symlinking /home/mataiyuan/ASD-SLAM/devel/lib/libopencv_videoio.so.3.2.0
Symlinking /home/mataiyuan/ASD-SLAM/devel/lib/libopencv_flann.so
Symlinking /home/mataiyuan/ASD-SLAM/devel/lib/libopencv_shape.so.3.2
Symlinking /home/mataiyuan/ASD-SLAM/devel/lib/libopencv_videostab.so.3.2
Symlinking /home/mataiyuan/ASD-SLAM/devel/lib/libopencv_core.so
Symlinking /home/mataiyuan/ASD-SLAM/devel/lib/libopencv_core.so.3.2.0
Symlinking /home/mataiyuan/ASD-SLAM/devel/lib/libopencv_objdetect.so.3.2.0
Symlinking /home/mataiyuan/ASD-SLAM/devel/lib/libopencv_highgui.so
Symlinking /home/mataiyuan/ASD-SLAM/devel/lib/libopencv_flann.so.3.2
Symlinking /home/mataiyuan/ASD-SLAM/devel/lib/libopencv_videoio.so
Symlinking /home/mataiyuan/ASD-SLAM/devel/lib/libopencv_features2d.so.3.2
Symlinking /home/mataiyuan/ASD-SLAM/devel/lib/libopencv_videoio.so.3.2
Symlinking /home/mataiyuan/ASD-SLAM/devel/lib/libopencv_superres.so.3.2.0
Symlinking /home/mataiyuan/ASD-SLAM/devel/lib/libopencv_phase_unwrapping.so
Symlinking /home/mataiyuan/ASD-SLAM/devel/lib/libopencv_calib3d.so.3.2.0
Symlinking /home/mataiyuan/ASD-SLAM/devel/lib/libopencv_superres.so
Symlinking /home/mataiyuan/ASD-SLAM/devel/lib/libopencv_shape.so
Symlinking /home/mataiyuan/ASD-SLAM/devel/lib/libopencv_objdetect.so
Symlinking /home/mataiyuan/ASD-SLAM/devel/lib/libopencv_ml.so
Symlinking /home/mataiyuan/ASD-SLAM/devel/lib/libopencv_rgbd.so.3.2
Symlinking /home/mataiyuan/ASD-SLAM/devel/lib/libopencv_phase_unwrapping.so.3.2.0
Symlinking /home/mataiyuan/ASD-SLAM/devel/lib/libopencv_rgbd.so.3.2.0
Symlinking /home/mataiyuan/ASD-SLAM/devel/lib/libopencv_rgbd.so
Symlinking /home/mataiyuan/ASD-SLAM/devel/lib/libopencv_xfeatures2d.so.3.2.0
Symlinking /home/mataiyuan/ASD-SLAM/devel/lib/libopencv_imgcodecs.so.3.2
Symlinking /home/mataiyuan/ASD-SLAM/devel/lib/libopencv_flann.so.3.2.0
Symlinking /home/mataiyuan/ASD-SLAM/devel/lib/libopencv_highgui.so.3.2
Symlinking /home/mataiyuan/ASD-SLAM/devel/lib/libopencv_imgproc.so.3.2.0
Symlinking /home/mataiyuan/ASD-SLAM/devel/lib/libopencv_videostab.so
Symlinking /home/mataiyuan/ASD-SLAM/devel/lib/libopencv_core.so.3.2
Symlinking /home/mataiyuan/ASD-SLAM/devel/lib/libopencv_saliency.so.3.2.0
Symlinking /home/mataiyuan/ASD-SLAM/devel/lib/pkgconfig/opencv.pc
Symlinking /home/mataiyuan/ASD-SLAM/devel/lib/pkgconfig/opencv3_catkin.pc
Symlinking /home/mataiyuan/ASD-SLAM/devel/lib/python2.7/dist-packages/cv2.so
