Symlinking /home/mataiyuan/ASD-SLAM/devel/share/suitesparse/cmake/suitesparse-extras.cmake
Symlinking /home/mataiyuan/ASD-SLAM/devel/share/suitesparse/cmake/suitesparseConfig-version.cmake
Symlinking /home/mataiyuan/ASD-SLAM/devel/share/suitesparse/cmake/suitesparseConfig.cmake
Symlinking /home/mataiyuan/ASD-SLAM/devel/include/suitesparse/cholmod_check.h
Symlinking /home/mataiyuan/ASD-SLAM/devel/include/suitesparse/umfpack_qsymbolic.h
Symlinking /home/mataiyuan/ASD-SLAM/devel/include/suitesparse/umfpack_save_symbolic.h
Symlinking /home/mataiyuan/ASD-SLAM/devel/include/suitesparse/cholmod_template.h
Symlinking /home/mataiyuan/ASD-SLAM/devel/include/suitesparse/SuiteSparseQR_definitions.h
Symlinking /home/mataiyuan/ASD-SLAM/devel/include/suitesparse/klu.h
Symlinking /home/mataiyuan/ASD-SLAM/devel/include/suitesparse/umfpack_tictoc.h
Symlinking /home/mataiyuan/ASD-SLAM/devel/include/suitesparse/umfpack_solve.h
Symlinking /home/mataiyuan/ASD-SLAM/devel/include/suitesparse/umfpack_free_numeric.h
Symlinking /home/mataiyuan/ASD-SLAM/devel/include/suitesparse/umfpack_get_determinant.h
Symlinking /home/mataiyuan/ASD-SLAM/devel/include/suitesparse/umfpack_free_symbolic.h
Symlinking /home/mataiyuan/ASD-SLAM/devel/include/suitesparse/umfpack_triplet_to_col.h
Symlinking /home/mataiyuan/ASD-SLAM/devel/include/suitesparse/umfpack_report_perm.h
Symlinking /home/mataiyuan/ASD-SLAM/devel/include/suitesparse/umfpack_get_symbolic.h
Symlinking /home/mataiyuan/ASD-SLAM/devel/include/suitesparse/umfpack_symbolic.h
Symlinking /home/mataiyuan/ASD-SLAM/devel/include/suitesparse/colamd.h
Symlinking /home/mataiyuan/ASD-SLAM/devel/include/suitesparse/umfpack_load_symbolic.h
Symlinking /home/mataiyuan/ASD-SLAM/devel/include/suitesparse/umfpack_col_to_triplet.h
Symlinking /home/mataiyuan/ASD-SLAM/devel/include/suitesparse/umfpack_save_numeric.h
Symlinking /home/mataiyuan/ASD-SLAM/devel/include/suitesparse/cholmod_blas.h
Symlinking /home/mataiyuan/ASD-SLAM/devel/include/suitesparse/umfpack_report_info.h
Symlinking /home/mataiyuan/ASD-SLAM/devel/include/suitesparse/SuiteSparseQR_C.h
Symlinking /home/mataiyuan/ASD-SLAM/devel/include/suitesparse/umfpack_report_numeric.h
Symlinking /home/mataiyuan/ASD-SLAM/devel/include/suitesparse/cholmod_partition.h
Symlinking /home/mataiyuan/ASD-SLAM/devel/include/suitesparse/cholmod_camd.h
Symlinking /home/mataiyuan/ASD-SLAM/devel/include/suitesparse/spqr.hpp
Symlinking /home/mataiyuan/ASD-SLAM/devel/include/suitesparse/ldl.h
Symlinking /home/mataiyuan/ASD-SLAM/devel/include/suitesparse/SuiteSparse_config.h
Symlinking /home/mataiyuan/ASD-SLAM/devel/include/suitesparse/umfpack_wsolve.h
Symlinking /home/mataiyuan/ASD-SLAM/devel/include/suitesparse/cholmod_complexity.h
Symlinking /home/mataiyuan/ASD-SLAM/devel/include/suitesparse/cholmod_core.h
Symlinking /home/mataiyuan/ASD-SLAM/devel/include/suitesparse/umfpack_report_triplet.h
Symlinking /home/mataiyuan/ASD-SLAM/devel/include/suitesparse/umfpack_report_vector.h
Symlinking /home/mataiyuan/ASD-SLAM/devel/include/suitesparse/umfpack_transpose.h
Symlinking /home/mataiyuan/ASD-SLAM/devel/include/suitesparse/cholmod.h
Symlinking /home/mataiyuan/ASD-SLAM/devel/include/suitesparse/umfpack_defaults.h
Symlinking /home/mataiyuan/ASD-SLAM/devel/include/suitesparse/umfpack_scale.h
Symlinking /home/mataiyuan/ASD-SLAM/devel/include/suitesparse/umfpack_report_symbolic.h
Symlinking /home/mataiyuan/ASD-SLAM/devel/include/suitesparse/cs.h
Symlinking /home/mataiyuan/ASD-SLAM/devel/include/suitesparse/cholmod_supernodal.h
Symlinking /home/mataiyuan/ASD-SLAM/devel/include/suitesparse/cholmod_config.h
Symlinking /home/mataiyuan/ASD-SLAM/devel/include/suitesparse/umfpack_numeric.h
Symlinking /home/mataiyuan/ASD-SLAM/devel/include/suitesparse/cholmod_cholesky.h
Symlinking /home/mataiyuan/ASD-SLAM/devel/include/suitesparse/umfpack.h
Symlinking /home/mataiyuan/ASD-SLAM/devel/include/suitesparse/cholmod_io64.h
Symlinking /home/mataiyuan/ASD-SLAM/devel/include/suitesparse/RBio.h
Symlinking /home/mataiyuan/ASD-SLAM/devel/include/suitesparse/camd.h
Symlinking /home/mataiyuan/ASD-SLAM/devel/include/suitesparse/umfpack_report_status.h
Symlinking /home/mataiyuan/ASD-SLAM/devel/include/suitesparse/umfpack_get_numeric.h
Symlinking /home/mataiyuan/ASD-SLAM/devel/include/suitesparse/amd.h
Symlinking /home/mataiyuan/ASD-SLAM/devel/include/suitesparse/umfpack_report_control.h
Symlinking /home/mataiyuan/ASD-SLAM/devel/include/suitesparse/umfpack_report_matrix.h
Symlinking /home/mataiyuan/ASD-SLAM/devel/include/suitesparse/ccolamd.h
Symlinking /home/mataiyuan/ASD-SLAM/devel/include/suitesparse/umfpack_timer.h
Symlinking /home/mataiyuan/ASD-SLAM/devel/include/suitesparse/umfpack_load_numeric.h
Symlinking /home/mataiyuan/ASD-SLAM/devel/include/suitesparse/umfpack_get_lunz.h
Symlinking /home/mataiyuan/ASD-SLAM/devel/include/suitesparse/cholmod_modify.h
Symlinking /home/mataiyuan/ASD-SLAM/devel/include/suitesparse/SuiteSparseQR.hpp
Symlinking /home/mataiyuan/ASD-SLAM/devel/include/suitesparse/btf.h
Symlinking /home/mataiyuan/ASD-SLAM/devel/include/suitesparse/umfpack_global.h
Symlinking /home/mataiyuan/ASD-SLAM/devel/include/suitesparse/cholmod_matrixops.h
Symlinking /home/mataiyuan/ASD-SLAM/devel/lib/libumfpack.a
Symlinking /home/mataiyuan/ASD-SLAM/devel/lib/libspqr.1.3.1.a
Symlinking /home/mataiyuan/ASD-SLAM/devel/lib/libcamd.2.3.1.a
Symlinking /home/mataiyuan/ASD-SLAM/devel/lib/libcamd.a
Symlinking /home/mataiyuan/ASD-SLAM/devel/lib/libsuitesparse.so
Symlinking /home/mataiyuan/ASD-SLAM/devel/lib/libcolamd.a
Symlinking /home/mataiyuan/ASD-SLAM/devel/lib/libldl.2.1.0.a
Symlinking /home/mataiyuan/ASD-SLAM/devel/lib/libcxsparse.3.1.2.a
Symlinking /home/mataiyuan/ASD-SLAM/devel/lib/libamd.2.3.1.a
Symlinking /home/mataiyuan/ASD-SLAM/devel/lib/libamd.a
Symlinking /home/mataiyuan/ASD-SLAM/devel/lib/librbio.a
Symlinking /home/mataiyuan/ASD-SLAM/devel/lib/libcholmod.2.1.2.a
Symlinking /home/mataiyuan/ASD-SLAM/devel/lib/libccolamd.2.8.0.a
Symlinking /home/mataiyuan/ASD-SLAM/devel/lib/libcholmod.a
Symlinking /home/mataiyuan/ASD-SLAM/devel/lib/libldl.a
Symlinking /home/mataiyuan/ASD-SLAM/devel/lib/libcolamd.2.8.0.a
Symlinking /home/mataiyuan/ASD-SLAM/devel/lib/libspqr.a
Symlinking /home/mataiyuan/ASD-SLAM/devel/lib/libklu.1.2.1.a
Symlinking /home/mataiyuan/ASD-SLAM/devel/lib/libklu.a
Symlinking /home/mataiyuan/ASD-SLAM/devel/lib/libsuitesparseconfig.4.2.1.a
Symlinking /home/mataiyuan/ASD-SLAM/devel/lib/libccolamd.a
Symlinking /home/mataiyuan/ASD-SLAM/devel/lib/libumfpack.5.6.2.a
Symlinking /home/mataiyuan/ASD-SLAM/devel/lib/libsuitesparseconfig.a
Symlinking /home/mataiyuan/ASD-SLAM/devel/lib/libbtf.1.2.0.a
Symlinking /home/mataiyuan/ASD-SLAM/devel/lib/libbtf.a
Symlinking /home/mataiyuan/ASD-SLAM/devel/lib/libcxsparse.a
Symlinking /home/mataiyuan/ASD-SLAM/devel/lib/librbio.2.1.1.a
Symlinking /home/mataiyuan/ASD-SLAM/devel/lib/pkgconfig/suitesparse.pc
