Linked: (/home/mataiyuan/ASD-SLAM/devel/.private/suitesparse/share/suitesparse/cmake/suitesparse-extras.cmake, /home/mataiyuan/ASD-SLAM/devel/share/suitesparse/cmake/suitesparse-extras.cmake)
Linked: (/home/mataiyuan/ASD-SLAM/devel/.private/suitesparse/share/suitesparse/cmake/suitesparseConfig-version.cmake, /home/mataiyuan/ASD-SLAM/devel/share/suitesparse/cmake/suitesparseConfig-version.cmake)
Linked: (/home/mataiyuan/ASD-SLAM/devel/.private/suitesparse/share/suitesparse/cmake/suitesparseConfig.cmake, /home/mataiyuan/ASD-SLAM/devel/share/suitesparse/cmake/suitesparseConfig.cmake)
Linked: (/home/mataiyuan/ASD-SLAM/devel/.private/suitesparse/include/suitesparse/cholmod_check.h, /home/mataiyuan/ASD-SLAM/devel/include/suitesparse/cholmod_check.h)
Linked: (/home/mataiyuan/ASD-SLAM/devel/.private/suitesparse/include/suitesparse/umfpack_qsymbolic.h, /home/mataiyuan/ASD-SLAM/devel/include/suitesparse/umfpack_qsymbolic.h)
Linked: (/home/mataiyuan/ASD-SLAM/devel/.private/suitesparse/include/suitesparse/umfpack_save_symbolic.h, /home/mataiyuan/ASD-SLAM/devel/include/suitesparse/umfpack_save_symbolic.h)
Linked: (/home/mataiyuan/ASD-SLAM/devel/.private/suitesparse/include/suitesparse/cholmod_template.h, /home/mataiyuan/ASD-SLAM/devel/include/suitesparse/cholmod_template.h)
Linked: (/home/mataiyuan/ASD-SLAM/devel/.private/suitesparse/include/suitesparse/SuiteSparseQR_definitions.h, /home/mataiyuan/ASD-SLAM/devel/include/suitesparse/SuiteSparseQR_definitions.h)
Linked: (/home/mataiyuan/ASD-SLAM/devel/.private/suitesparse/include/suitesparse/klu.h, /home/mataiyuan/ASD-SLAM/devel/include/suitesparse/klu.h)
Linked: (/home/mataiyuan/ASD-SLAM/devel/.private/suitesparse/include/suitesparse/umfpack_tictoc.h, /home/mataiyuan/ASD-SLAM/devel/include/suitesparse/umfpack_tictoc.h)
Linked: (/home/mataiyuan/ASD-SLAM/devel/.private/suitesparse/include/suitesparse/umfpack_solve.h, /home/mataiyuan/ASD-SLAM/devel/include/suitesparse/umfpack_solve.h)
Linked: (/home/mataiyuan/ASD-SLAM/devel/.private/suitesparse/include/suitesparse/umfpack_free_numeric.h, /home/mataiyuan/ASD-SLAM/devel/include/suitesparse/umfpack_free_numeric.h)
Linked: (/home/mataiyuan/ASD-SLAM/devel/.private/suitesparse/include/suitesparse/umfpack_get_determinant.h, /home/mataiyuan/ASD-SLAM/devel/include/suitesparse/umfpack_get_determinant.h)
Linked: (/home/mataiyuan/ASD-SLAM/devel/.private/suitesparse/include/suitesparse/umfpack_free_symbolic.h, /home/mataiyuan/ASD-SLAM/devel/include/suitesparse/umfpack_free_symbolic.h)
Linked: (/home/mataiyuan/ASD-SLAM/devel/.private/suitesparse/include/suitesparse/umfpack_triplet_to_col.h, /home/mataiyuan/ASD-SLAM/devel/include/suitesparse/umfpack_triplet_to_col.h)
Linked: (/home/mataiyuan/ASD-SLAM/devel/.private/suitesparse/include/suitesparse/umfpack_report_perm.h, /home/mataiyuan/ASD-SLAM/devel/include/suitesparse/umfpack_report_perm.h)
Linked: (/home/mataiyuan/ASD-SLAM/devel/.private/suitesparse/include/suitesparse/umfpack_get_symbolic.h, /home/mataiyuan/ASD-SLAM/devel/include/suitesparse/umfpack_get_symbolic.h)
Linked: (/home/mataiyuan/ASD-SLAM/devel/.private/suitesparse/include/suitesparse/umfpack_symbolic.h, /home/mataiyuan/ASD-SLAM/devel/include/suitesparse/umfpack_symbolic.h)
Linked: (/home/mataiyuan/ASD-SLAM/devel/.private/suitesparse/include/suitesparse/colamd.h, /home/mataiyuan/ASD-SLAM/devel/include/suitesparse/colamd.h)
Linked: (/home/mataiyuan/ASD-SLAM/devel/.private/suitesparse/include/suitesparse/umfpack_load_symbolic.h, /home/mataiyuan/ASD-SLAM/devel/include/suitesparse/umfpack_load_symbolic.h)
Linked: (/home/mataiyuan/ASD-SLAM/devel/.private/suitesparse/include/suitesparse/umfpack_col_to_triplet.h, /home/mataiyuan/ASD-SLAM/devel/include/suitesparse/umfpack_col_to_triplet.h)
Linked: (/home/mataiyuan/ASD-SLAM/devel/.private/suitesparse/include/suitesparse/umfpack_save_numeric.h, /home/mataiyuan/ASD-SLAM/devel/include/suitesparse/umfpack_save_numeric.h)
Linked: (/home/mataiyuan/ASD-SLAM/devel/.private/suitesparse/include/suitesparse/cholmod_blas.h, /home/mataiyuan/ASD-SLAM/devel/include/suitesparse/cholmod_blas.h)
Linked: (/home/mataiyuan/ASD-SLAM/devel/.private/suitesparse/include/suitesparse/umfpack_report_info.h, /home/mataiyuan/ASD-SLAM/devel/include/suitesparse/umfpack_report_info.h)
Linked: (/home/mataiyuan/ASD-SLAM/devel/.private/suitesparse/include/suitesparse/SuiteSparseQR_C.h, /home/mataiyuan/ASD-SLAM/devel/include/suitesparse/SuiteSparseQR_C.h)
Linked: (/home/mataiyuan/ASD-SLAM/devel/.private/suitesparse/include/suitesparse/umfpack_report_numeric.h, /home/mataiyuan/ASD-SLAM/devel/include/suitesparse/umfpack_report_numeric.h)
Linked: (/home/mataiyuan/ASD-SLAM/devel/.private/suitesparse/include/suitesparse/cholmod_partition.h, /home/mataiyuan/ASD-SLAM/devel/include/suitesparse/cholmod_partition.h)
Linked: (/home/mataiyuan/ASD-SLAM/devel/.private/suitesparse/include/suitesparse/cholmod_camd.h, /home/mataiyuan/ASD-SLAM/devel/include/suitesparse/cholmod_camd.h)
Linked: (/home/mataiyuan/ASD-SLAM/devel/.private/suitesparse/include/suitesparse/spqr.hpp, /home/mataiyuan/ASD-SLAM/devel/include/suitesparse/spqr.hpp)
Linked: (/home/mataiyuan/ASD-SLAM/devel/.private/suitesparse/include/suitesparse/ldl.h, /home/mataiyuan/ASD-SLAM/devel/include/suitesparse/ldl.h)
Linked: (/home/mataiyuan/ASD-SLAM/devel/.private/suitesparse/include/suitesparse/SuiteSparse_config.h, /home/mataiyuan/ASD-SLAM/devel/include/suitesparse/SuiteSparse_config.h)
Linked: (/home/mataiyuan/ASD-SLAM/devel/.private/suitesparse/include/suitesparse/umfpack_wsolve.h, /home/mataiyuan/ASD-SLAM/devel/include/suitesparse/umfpack_wsolve.h)
Linked: (/home/mataiyuan/ASD-SLAM/devel/.private/suitesparse/include/suitesparse/cholmod_complexity.h, /home/mataiyuan/ASD-SLAM/devel/include/suitesparse/cholmod_complexity.h)
Linked: (/home/mataiyuan/ASD-SLAM/devel/.private/suitesparse/include/suitesparse/cholmod_core.h, /home/mataiyuan/ASD-SLAM/devel/include/suitesparse/cholmod_core.h)
Linked: (/home/mataiyuan/ASD-SLAM/devel/.private/suitesparse/include/suitesparse/umfpack_report_triplet.h, /home/mataiyuan/ASD-SLAM/devel/include/suitesparse/umfpack_report_triplet.h)
Linked: (/home/mataiyuan/ASD-SLAM/devel/.private/suitesparse/include/suitesparse/umfpack_report_vector.h, /home/mataiyuan/ASD-SLAM/devel/include/suitesparse/umfpack_report_vector.h)
Linked: (/home/mataiyuan/ASD-SLAM/devel/.private/suitesparse/include/suitesparse/umfpack_transpose.h, /home/mataiyuan/ASD-SLAM/devel/include/suitesparse/umfpack_transpose.h)
Linked: (/home/mataiyuan/ASD-SLAM/devel/.private/suitesparse/include/suitesparse/cholmod.h, /home/mataiyuan/ASD-SLAM/devel/include/suitesparse/cholmod.h)
Linked: (/home/mataiyuan/ASD-SLAM/devel/.private/suitesparse/include/suitesparse/umfpack_defaults.h, /home/mataiyuan/ASD-SLAM/devel/include/suitesparse/umfpack_defaults.h)
Linked: (/home/mataiyuan/ASD-SLAM/devel/.private/suitesparse/include/suitesparse/umfpack_scale.h, /home/mataiyuan/ASD-SLAM/devel/include/suitesparse/umfpack_scale.h)
Linked: (/home/mataiyuan/ASD-SLAM/devel/.private/suitesparse/include/suitesparse/umfpack_report_symbolic.h, /home/mataiyuan/ASD-SLAM/devel/include/suitesparse/umfpack_report_symbolic.h)
Linked: (/home/mataiyuan/ASD-SLAM/devel/.private/suitesparse/include/suitesparse/cs.h, /home/mataiyuan/ASD-SLAM/devel/include/suitesparse/cs.h)
Linked: (/home/mataiyuan/ASD-SLAM/devel/.private/suitesparse/include/suitesparse/cholmod_supernodal.h, /home/mataiyuan/ASD-SLAM/devel/include/suitesparse/cholmod_supernodal.h)
Linked: (/home/mataiyuan/ASD-SLAM/devel/.private/suitesparse/include/suitesparse/cholmod_config.h, /home/mataiyuan/ASD-SLAM/devel/include/suitesparse/cholmod_config.h)
Linked: (/home/mataiyuan/ASD-SLAM/devel/.private/suitesparse/include/suitesparse/umfpack_numeric.h, /home/mataiyuan/ASD-SLAM/devel/include/suitesparse/umfpack_numeric.h)
Linked: (/home/mataiyuan/ASD-SLAM/devel/.private/suitesparse/include/suitesparse/cholmod_cholesky.h, /home/mataiyuan/ASD-SLAM/devel/include/suitesparse/cholmod_cholesky.h)
Linked: (/home/mataiyuan/ASD-SLAM/devel/.private/suitesparse/include/suitesparse/umfpack.h, /home/mataiyuan/ASD-SLAM/devel/include/suitesparse/umfpack.h)
Linked: (/home/mataiyuan/ASD-SLAM/devel/.private/suitesparse/include/suitesparse/cholmod_io64.h, /home/mataiyuan/ASD-SLAM/devel/include/suitesparse/cholmod_io64.h)
Linked: (/home/mataiyuan/ASD-SLAM/devel/.private/suitesparse/include/suitesparse/RBio.h, /home/mataiyuan/ASD-SLAM/devel/include/suitesparse/RBio.h)
Linked: (/home/mataiyuan/ASD-SLAM/devel/.private/suitesparse/include/suitesparse/camd.h, /home/mataiyuan/ASD-SLAM/devel/include/suitesparse/camd.h)
Linked: (/home/mataiyuan/ASD-SLAM/devel/.private/suitesparse/include/suitesparse/umfpack_report_status.h, /home/mataiyuan/ASD-SLAM/devel/include/suitesparse/umfpack_report_status.h)
Linked: (/home/mataiyuan/ASD-SLAM/devel/.private/suitesparse/include/suitesparse/umfpack_get_numeric.h, /home/mataiyuan/ASD-SLAM/devel/include/suitesparse/umfpack_get_numeric.h)
Linked: (/home/mataiyuan/ASD-SLAM/devel/.private/suitesparse/include/suitesparse/amd.h, /home/mataiyuan/ASD-SLAM/devel/include/suitesparse/amd.h)
Linked: (/home/mataiyuan/ASD-SLAM/devel/.private/suitesparse/include/suitesparse/umfpack_report_control.h, /home/mataiyuan/ASD-SLAM/devel/include/suitesparse/umfpack_report_control.h)
Linked: (/home/mataiyuan/ASD-SLAM/devel/.private/suitesparse/include/suitesparse/umfpack_report_matrix.h, /home/mataiyuan/ASD-SLAM/devel/include/suitesparse/umfpack_report_matrix.h)
Linked: (/home/mataiyuan/ASD-SLAM/devel/.private/suitesparse/include/suitesparse/ccolamd.h, /home/mataiyuan/ASD-SLAM/devel/include/suitesparse/ccolamd.h)
Linked: (/home/mataiyuan/ASD-SLAM/devel/.private/suitesparse/include/suitesparse/umfpack_timer.h, /home/mataiyuan/ASD-SLAM/devel/include/suitesparse/umfpack_timer.h)
Linked: (/home/mataiyuan/ASD-SLAM/devel/.private/suitesparse/include/suitesparse/umfpack_load_numeric.h, /home/mataiyuan/ASD-SLAM/devel/include/suitesparse/umfpack_load_numeric.h)
Linked: (/home/mataiyuan/ASD-SLAM/devel/.private/suitesparse/include/suitesparse/umfpack_get_lunz.h, /home/mataiyuan/ASD-SLAM/devel/include/suitesparse/umfpack_get_lunz.h)
Linked: (/home/mataiyuan/ASD-SLAM/devel/.private/suitesparse/include/suitesparse/cholmod_modify.h, /home/mataiyuan/ASD-SLAM/devel/include/suitesparse/cholmod_modify.h)
Linked: (/home/mataiyuan/ASD-SLAM/devel/.private/suitesparse/include/suitesparse/SuiteSparseQR.hpp, /home/mataiyuan/ASD-SLAM/devel/include/suitesparse/SuiteSparseQR.hpp)
Linked: (/home/mataiyuan/ASD-SLAM/devel/.private/suitesparse/include/suitesparse/btf.h, /home/mataiyuan/ASD-SLAM/devel/include/suitesparse/btf.h)
Linked: (/home/mataiyuan/ASD-SLAM/devel/.private/suitesparse/include/suitesparse/umfpack_global.h, /home/mataiyuan/ASD-SLAM/devel/include/suitesparse/umfpack_global.h)
Linked: (/home/mataiyuan/ASD-SLAM/devel/.private/suitesparse/include/suitesparse/cholmod_matrixops.h, /home/mataiyuan/ASD-SLAM/devel/include/suitesparse/cholmod_matrixops.h)
Linked: (/home/mataiyuan/ASD-SLAM/devel/.private/suitesparse/lib/libumfpack.a, /home/mataiyuan/ASD-SLAM/devel/lib/libumfpack.a)
Linked: (/home/mataiyuan/ASD-SLAM/devel/.private/suitesparse/lib/libspqr.1.3.1.a, /home/mataiyuan/ASD-SLAM/devel/lib/libspqr.1.3.1.a)
Linked: (/home/mataiyuan/ASD-SLAM/devel/.private/suitesparse/lib/libcamd.2.3.1.a, /home/mataiyuan/ASD-SLAM/devel/lib/libcamd.2.3.1.a)
Linked: (/home/mataiyuan/ASD-SLAM/devel/.private/suitesparse/lib/libcamd.a, /home/mataiyuan/ASD-SLAM/devel/lib/libcamd.a)
Linked: (/home/mataiyuan/ASD-SLAM/devel/.private/suitesparse/lib/libsuitesparse.so, /home/mataiyuan/ASD-SLAM/devel/lib/libsuitesparse.so)
Linked: (/home/mataiyuan/ASD-SLAM/devel/.private/suitesparse/lib/libcolamd.a, /home/mataiyuan/ASD-SLAM/devel/lib/libcolamd.a)
Linked: (/home/mataiyuan/ASD-SLAM/devel/.private/suitesparse/lib/libldl.2.1.0.a, /home/mataiyuan/ASD-SLAM/devel/lib/libldl.2.1.0.a)
Linked: (/home/mataiyuan/ASD-SLAM/devel/.private/suitesparse/lib/libcxsparse.3.1.2.a, /home/mataiyuan/ASD-SLAM/devel/lib/libcxsparse.3.1.2.a)
Linked: (/home/mataiyuan/ASD-SLAM/devel/.private/suitesparse/lib/libamd.2.3.1.a, /home/mataiyuan/ASD-SLAM/devel/lib/libamd.2.3.1.a)
Linked: (/home/mataiyuan/ASD-SLAM/devel/.private/suitesparse/lib/libamd.a, /home/mataiyuan/ASD-SLAM/devel/lib/libamd.a)
Linked: (/home/mataiyuan/ASD-SLAM/devel/.private/suitesparse/lib/librbio.a, /home/mataiyuan/ASD-SLAM/devel/lib/librbio.a)
Linked: (/home/mataiyuan/ASD-SLAM/devel/.private/suitesparse/lib/libcholmod.2.1.2.a, /home/mataiyuan/ASD-SLAM/devel/lib/libcholmod.2.1.2.a)
Linked: (/home/mataiyuan/ASD-SLAM/devel/.private/suitesparse/lib/libccolamd.2.8.0.a, /home/mataiyuan/ASD-SLAM/devel/lib/libccolamd.2.8.0.a)
Linked: (/home/mataiyuan/ASD-SLAM/devel/.private/suitesparse/lib/libcholmod.a, /home/mataiyuan/ASD-SLAM/devel/lib/libcholmod.a)
Linked: (/home/mataiyuan/ASD-SLAM/devel/.private/suitesparse/lib/libldl.a, /home/mataiyuan/ASD-SLAM/devel/lib/libldl.a)
Linked: (/home/mataiyuan/ASD-SLAM/devel/.private/suitesparse/lib/libcolamd.2.8.0.a, /home/mataiyuan/ASD-SLAM/devel/lib/libcolamd.2.8.0.a)
Linked: (/home/mataiyuan/ASD-SLAM/devel/.private/suitesparse/lib/libspqr.a, /home/mataiyuan/ASD-SLAM/devel/lib/libspqr.a)
Linked: (/home/mataiyuan/ASD-SLAM/devel/.private/suitesparse/lib/libklu.1.2.1.a, /home/mataiyuan/ASD-SLAM/devel/lib/libklu.1.2.1.a)
Linked: (/home/mataiyuan/ASD-SLAM/devel/.private/suitesparse/lib/libklu.a, /home/mataiyuan/ASD-SLAM/devel/lib/libklu.a)
Linked: (/home/mataiyuan/ASD-SLAM/devel/.private/suitesparse/lib/libsuitesparseconfig.4.2.1.a, /home/mataiyuan/ASD-SLAM/devel/lib/libsuitesparseconfig.4.2.1.a)
Linked: (/home/mataiyuan/ASD-SLAM/devel/.private/suitesparse/lib/libccolamd.a, /home/mataiyuan/ASD-SLAM/devel/lib/libccolamd.a)
Linked: (/home/mataiyuan/ASD-SLAM/devel/.private/suitesparse/lib/libumfpack.5.6.2.a, /home/mataiyuan/ASD-SLAM/devel/lib/libumfpack.5.6.2.a)
Linked: (/home/mataiyuan/ASD-SLAM/devel/.private/suitesparse/lib/libsuitesparseconfig.a, /home/mataiyuan/ASD-SLAM/devel/lib/libsuitesparseconfig.a)
Linked: (/home/mataiyuan/ASD-SLAM/devel/.private/suitesparse/lib/libbtf.1.2.0.a, /home/mataiyuan/ASD-SLAM/devel/lib/libbtf.1.2.0.a)
Linked: (/home/mataiyuan/ASD-SLAM/devel/.private/suitesparse/lib/libbtf.a, /home/mataiyuan/ASD-SLAM/devel/lib/libbtf.a)
Linked: (/home/mataiyuan/ASD-SLAM/devel/.private/suitesparse/lib/libcxsparse.a, /home/mataiyuan/ASD-SLAM/devel/lib/libcxsparse.a)
Linked: (/home/mataiyuan/ASD-SLAM/devel/.private/suitesparse/lib/librbio.2.1.1.a, /home/mataiyuan/ASD-SLAM/devel/lib/librbio.2.1.1.a)
Linked: (/home/mataiyuan/ASD-SLAM/devel/.private/suitesparse/lib/pkgconfig/suitesparse.pc, /home/mataiyuan/ASD-SLAM/devel/lib/pkgconfig/suitesparse.pc)
