[35m[1mScanning dependencies of target suitesparse_src[0m
[ 10%] [34m[1mCreating directories for 'suitesparse_src'[0m
[ 20%] [34m[1mPerforming download step for 'suitesparse_src'[0m
[ 40%] [34m[1mNo update step for 'suitesparse_src'[0m
[ 40%] [34m[1mPerforming patch step for 'suitesparse_src'[0m
[ 50%] [34m[1mNo configure step for 'suitesparse_src'[0m
[ 60%] [34m[1mPerforming build step for 'suitesparse_src'[0m
make[3]: warning: -jN forced in submake: disabling jobserver mode.
ar: creating libcerbla.a
a - xerbla.o
ar: creating libsuitesparseconfig.a
a - SuiteSparse_config.o
ar: creating libamd.a
a - amd_global.o
a - amd_i_aat.o
a - amd_i_1.o
a - amd_i_2.o
a - amd_i_dump.o
a - amd_i_postorder.o
a - amd_i_post_tree.o
a - amd_i_defaults.o
a - amd_i_order.o
a - amd_i_control.o
a - amd_i_info.o
a - amd_i_valid.o
a - amd_i_preprocess.o
a - amd_l_aat.o
a - amd_l_1.o
a - amd_l_2.o
a - amd_l_dump.o
a - amd_l_postorder.o
a - amd_l_post_tree.o
a - amd_l_defaults.o
a - amd_l_order.o
a - amd_l_control.o
a - amd_l_info.o
a - amd_l_valid.o
a - amd_l_preprocess.o
ar: creating libbtf.a
a - btf_order.o
a - btf_maxtrans.o
a - btf_strongcomp.o
a - btf_l_order.o
a - btf_l_maxtrans.o
a - btf_l_strongcomp.o
ar: creating libcamd.a
a - camd_global.o
a - camd_i_aat.o
a - camd_i_1.o
a - camd_i_2.o
a - camd_i_dump.o
a - camd_i_postorder.o
a - camd_i_defaults.o
a - camd_i_order.o
a - camd_i_control.o
a - camd_i_info.o
a - camd_i_valid.o
a - camd_i_preprocess.o
a - camd_l_aat.o
a - camd_l_1.o
a - camd_l_2.o
a - camd_l_dump.o
a - camd_l_postorder.o
a - camd_l_defaults.o
a - camd_l_order.o
a - camd_l_control.o
a - camd_l_info.o
a - camd_l_valid.o
a - camd_l_preprocess.o
ar: creating libccolamd.a
a - ccolamd.o
a - ccolamd_l.o
a - ccolamd_global.o
ar: creating libcolamd.a
a - colamd.o
a - colamd_l.o
a - colamd_global.o
ar: creating libcholmod.a
a - cholmod_aat.o
a - cholmod_add.o
a - cholmod_band.o
a - cholmod_change_factor.o
a - cholmod_common.o
a - cholmod_complex.o
a - cholmod_copy.o
a - cholmod_dense.o
a - cholmod_error.o
a - cholmod_factor.o
a - cholmod_memory.o
a - cholmod_sparse.o
a - cholmod_transpose.o
a - cholmod_triplet.o
a - cholmod_version.o
a - cholmod_check.o
a - cholmod_read.o
a - cholmod_write.o
a - cholmod_amd.o
a - cholmod_analyze.o
a - cholmod_colamd.o
a - cholmod_etree.o
a - cholmod_factorize.o
a - cholmod_postorder.o
a - cholmod_rcond.o
a - cholmod_resymbol.o
a - cholmod_rowcolcounts.o
a - cholmod_rowfac.o
a - cholmod_solve.o
a - cholmod_spsolve.o
a - cholmod_drop.o
a - cholmod_horzcat.o
a - cholmod_norm.o
a - cholmod_scale.o
a - cholmod_sdmult.o
a - cholmod_ssmult.o
a - cholmod_submatrix.o
a - cholmod_vertcat.o
a - cholmod_symmetry.o
a - cholmod_rowadd.o
a - cholmod_rowdel.o
a - cholmod_updown.o
a - cholmod_super_numeric.o
a - cholmod_super_solve.o
a - cholmod_super_symbolic.o
a - cholmod_ccolamd.o
a - cholmod_csymamd.o
a - cholmod_metis.o
a - cholmod_nesdis.o
a - cholmod_camd.o
a - cholmod_l_aat.o
a - cholmod_l_add.o
a - cholmod_l_band.o
a - cholmod_l_change_factor.o
a - cholmod_l_common.o
a - cholmod_l_complex.o
a - cholmod_l_copy.o
a - cholmod_l_dense.o
a - cholmod_l_error.o
a - cholmod_l_factor.o
a - cholmod_l_memory.o
a - cholmod_l_sparse.o
a - cholmod_l_transpose.o
a - cholmod_l_triplet.o
a - cholmod_l_version.o
a - cholmod_l_check.o
a - cholmod_l_read.o
a - cholmod_l_write.o
a - cholmod_l_amd.o
a - cholmod_l_analyze.o
a - cholmod_l_colamd.o
a - cholmod_l_etree.o
a - cholmod_l_factorize.o
a - cholmod_l_postorder.o
a - cholmod_l_rcond.o
a - cholmod_l_resymbol.o
a - cholmod_l_rowcolcounts.o
a - cholmod_l_rowfac.o
a - cholmod_l_solve.o
a - cholmod_l_spsolve.o
a - cholmod_l_drop.o
a - cholmod_l_horzcat.o
a - cholmod_l_norm.o
a - cholmod_l_scale.o
a - cholmod_l_sdmult.o
a - cholmod_l_ssmult.o
a - cholmod_l_submatrix.o
a - cholmod_l_vertcat.o
a - cholmod_l_symmetry.o
a - cholmod_l_rowadd.o
a - cholmod_l_rowdel.o
a - cholmod_l_updown.o
a - cholmod_l_super_numeric.o
a - cholmod_l_super_solve.o
a - cholmod_l_super_symbolic.o
a - cholmod_l_ccolamd.o
a - cholmod_l_csymamd.o
a - cholmod_l_metis.o
a - cholmod_l_nesdis.o
a - cholmod_l_camd.o
ar: creating libklu.a
a - klu_free_symbolic.o
a - klu_defaults.o
a - klu_analyze_given.o
a - klu_analyze.o
a - klu_memory.o
a - klu_l_free_symbolic.o
a - klu_l_defaults.o
a - klu_l_analyze_given.o
a - klu_l_analyze.o
a - klu_l_memory.o
a - klu_d.o
a - klu_d_kernel.o
a - klu_d_dump.o
a - klu_d_factor.o
a - klu_d_free_numeric.o
a - klu_d_solve.o
a - klu_d_scale.o
a - klu_d_refactor.o
a - klu_d_tsolve.o
a - klu_d_diagnostics.o
a - klu_d_sort.o
a - klu_d_extract.o
a - klu_z.o
a - klu_z_kernel.o
a - klu_z_dump.o
a - klu_z_factor.o
a - klu_z_free_numeric.o
a - klu_z_solve.o
a - klu_z_scale.o
a - klu_z_refactor.o
a - klu_z_tsolve.o
a - klu_z_diagnostics.o
a - klu_z_sort.o
a - klu_z_extract.o
a - klu_l.o
a - klu_l_kernel.o
a - klu_l_dump.o
a - klu_l_factor.o
a - klu_l_free_numeric.o
a - klu_l_solve.o
a - klu_l_scale.o
a - klu_l_refactor.o
a - klu_l_tsolve.o
a - klu_l_diagnostics.o
a - klu_l_sort.o
a - klu_l_extract.o
a - klu_zl.o
a - klu_zl_kernel.o
a - klu_zl_dump.o
a - klu_zl_factor.o
a - klu_zl_free_numeric.o
a - klu_zl_solve.o
a - klu_zl_scale.o
a - klu_zl_refactor.o
a - klu_zl_tsolve.o
a - klu_zl_diagnostics.o
a - klu_zl_sort.o
a - klu_zl_extract.o
ar: creating libldl.a
a - ldl.o
a - ldll.o
ar: creating libumfpack.a
a - umf_i_analyze.o
a - umf_i_apply_order.o
a - umf_i_colamd.o
a - umf_i_free.o
a - umf_i_fsize.o
a - umf_i_is_permutation.o
a - umf_i_malloc.o
a - umf_i_realloc.o
a - umf_i_report_perm.o
a - umf_i_singletons.o
a - umf_i_cholmod.o
a - umf_l_analyze.o
a - umf_l_apply_order.o
a - umf_l_colamd.o
a - umf_l_free.o
a - umf_l_fsize.o
a - umf_l_is_permutation.o
a - umf_l_malloc.o
a - umf_l_realloc.o
a - umf_l_report_perm.o
a - umf_l_singletons.o
a - umf_l_cholmod.o
a - umfpack_gn_timer.o
a - umfpack_gn_tictoc.o
a - umfpack_gn_global.o
a - umf_di_lhsolve.o
a - umf_di_uhsolve.o
a - umf_di_triplet_map_nox.o
a - umf_di_triplet_nomap_x.o
a - umf_di_triplet_nomap_nox.o
a - umf_di_triplet_map_x.o
a - umf_di_assemble_fixq.o
a - umf_di_store_lu_drop.o
a - umf_di_assemble.o
a - umf_di_blas3_update.o
a - umf_di_build_tuples.o
a - umf_di_create_element.o
a - umf_di_dump.o
a - umf_di_extend_front.o
a - umf_di_garbage_collection.o
a - umf_di_get_memory.o
a - umf_di_init_front.o
a - umf_di_kernel.o
a - umf_di_kernel_init.o
a - umf_di_kernel_wrapup.o
a - umf_di_local_search.o
a - umf_di_lsolve.o
a - umf_di_ltsolve.o
a - umf_di_mem_alloc_element.o
a - umf_di_mem_alloc_head_block.o
a - umf_di_mem_alloc_tail_block.o
a - umf_di_mem_free_tail_block.o
a - umf_di_mem_init_memoryspace.o
a - umf_di_report_vector.o
a - umf_di_row_search.o
a - umf_di_scale_column.o
a - umf_di_set_stats.o
a - umf_di_solve.o
a - umf_di_symbolic_usage.o
a - umf_di_transpose.o
a - umf_di_tuple_lengths.o
a - umf_di_usolve.o
a - umf_di_utsolve.o
a - umf_di_valid_numeric.o
a - umf_di_valid_symbolic.o
a - umf_di_grow_front.o
a - umf_di_start_front.o
a - umf_di_store_lu.o
a - umf_di_scale.o
a - umfpack_di_wsolve.o
a - umfpack_di_col_to_triplet.o
a - umfpack_di_defaults.o
a - umfpack_di_free_numeric.o
a - umfpack_di_free_symbolic.o
a - umfpack_di_get_numeric.o
a - umfpack_di_get_lunz.o
a - umfpack_di_get_symbolic.o
a - umfpack_di_get_determinant.o
a - umfpack_di_numeric.o
a - umfpack_di_qsymbolic.o
a - umfpack_di_report_control.o
a - umfpack_di_report_info.o
a - umfpack_di_report_matrix.o
a - umfpack_di_report_numeric.o
a - umfpack_di_report_perm.o
a - umfpack_di_report_status.o
a - umfpack_di_report_symbolic.o
a - umfpack_di_report_triplet.o
a - umfpack_di_report_vector.o
a - umfpack_di_solve.o
a - umfpack_di_symbolic.o
a - umfpack_di_transpose.o
a - umfpack_di_triplet_to_col.o
a - umfpack_di_scale.o
a - umfpack_di_load_numeric.o
a - umfpack_di_save_numeric.o
a - umfpack_di_load_symbolic.o
a - umfpack_di_save_symbolic.o
a - umf_dl_lhsolve.o
a - umf_dl_uhsolve.o
a - umf_dl_triplet_map_nox.o
a - umf_dl_triplet_nomap_x.o
a - umf_dl_triplet_nomap_nox.o
a - umf_dl_triplet_map_x.o
a - umf_dl_assemble_fixq.o
a - umf_dl_store_lu_drop.o
a - umf_dl_assemble.o
a - umf_dl_blas3_update.o
a - umf_dl_build_tuples.o
a - umf_dl_create_element.o
a - umf_dl_dump.o
a - umf_dl_extend_front.o
a - umf_dl_garbage_collection.o
a - umf_dl_get_memory.o
a - umf_dl_init_front.o
a - umf_dl_kernel.o
a - umf_dl_kernel_init.o
a - umf_dl_kernel_wrapup.o
a - umf_dl_local_search.o
a - umf_dl_lsolve.o
a - umf_dl_ltsolve.o
a - umf_dl_mem_alloc_element.o
a - umf_dl_mem_alloc_head_block.o
a - umf_dl_mem_alloc_tail_block.o
a - umf_dl_mem_free_tail_block.o
a - umf_dl_mem_init_memoryspace.o
a - umf_dl_report_vector.o
a - umf_dl_row_search.o
a - umf_dl_scale_column.o
a - umf_dl_set_stats.o
a - umf_dl_solve.o
a - umf_dl_symbolic_usage.o
a - umf_dl_transpose.o
a - umf_dl_tuple_lengths.o
a - umf_dl_usolve.o
a - umf_dl_utsolve.o
a - umf_dl_valid_numeric.o
a - umf_dl_valid_symbolic.o
a - umf_dl_grow_front.o
a - umf_dl_start_front.o
a - umf_dl_store_lu.o
a - umf_dl_scale.o
a - umfpack_dl_wsolve.o
a - umfpack_dl_col_to_triplet.o
a - umfpack_dl_defaults.o
a - umfpack_dl_free_numeric.o
a - umfpack_dl_free_symbolic.o
a - umfpack_dl_get_numeric.o
a - umfpack_dl_get_lunz.o
a - umfpack_dl_get_symbolic.o
a - umfpack_dl_get_determinant.o
a - umfpack_dl_numeric.o
a - umfpack_dl_qsymbolic.o
a - umfpack_dl_report_control.o
a - umfpack_dl_report_info.o
a - umfpack_dl_report_matrix.o
a - umfpack_dl_report_numeric.o
a - umfpack_dl_report_perm.o
a - umfpack_dl_report_status.o
a - umfpack_dl_report_symbolic.o
a - umfpack_dl_report_triplet.o
a - umfpack_dl_report_vector.o
a - umfpack_dl_solve.o
a - umfpack_dl_symbolic.o
a - umfpack_dl_transpose.o
a - umfpack_dl_triplet_to_col.o
a - umfpack_dl_scale.o
a - umfpack_dl_load_numeric.o
a - umfpack_dl_save_numeric.o
a - umfpack_dl_load_symbolic.o
a - umfpack_dl_save_symbolic.o
a - umf_zi_lhsolve.o
a - umf_zi_uhsolve.o
a - umf_zi_triplet_map_nox.o
a - umf_zi_triplet_nomap_x.o
a - umf_zi_triplet_nomap_nox.o
a - umf_zi_triplet_map_x.o
a - umf_zi_assemble_fixq.o
a - umf_zi_store_lu_drop.o
a - umf_zi_assemble.o
a - umf_zi_blas3_update.o
a - umf_zi_build_tuples.o
a - umf_zi_create_element.o
a - umf_zi_dump.o
a - umf_zi_extend_front.o
a - umf_zi_garbage_collection.o
a - umf_zi_get_memory.o
a - umf_zi_init_front.o
a - umf_zi_kernel.o
a - umf_zi_kernel_init.o
a - umf_zi_kernel_wrapup.o
a - umf_zi_local_search.o
a - umf_zi_lsolve.o
a - umf_zi_ltsolve.o
a - umf_zi_mem_alloc_element.o
a - umf_zi_mem_alloc_head_block.o
a - umf_zi_mem_alloc_tail_block.o
a - umf_zi_mem_free_tail_block.o
a - umf_zi_mem_init_memoryspace.o
a - umf_zi_report_vector.o
a - umf_zi_row_search.o
a - umf_zi_scale_column.o
a - umf_zi_set_stats.o
a - umf_zi_solve.o
a - umf_zi_symbolic_usage.o
a - umf_zi_transpose.o
a - umf_zi_tuple_lengths.o
a - umf_zi_usolve.o
a - umf_zi_utsolve.o
a - umf_zi_valid_numeric.o
a - umf_zi_valid_symbolic.o
a - umf_zi_grow_front.o
a - umf_zi_start_front.o
a - umf_zi_store_lu.o
a - umf_zi_scale.o
a - umfpack_zi_wsolve.o
a - umfpack_zi_col_to_triplet.o
a - umfpack_zi_defaults.o
a - umfpack_zi_free_numeric.o
a - umfpack_zi_free_symbolic.o
a - umfpack_zi_get_numeric.o
a - umfpack_zi_get_lunz.o
a - umfpack_zi_get_symbolic.o
a - umfpack_zi_get_determinant.o
a - umfpack_zi_numeric.o
a - umfpack_zi_qsymbolic.o
a - umfpack_zi_report_control.o
a - umfpack_zi_report_info.o
a - umfpack_zi_report_matrix.o
a - umfpack_zi_report_numeric.o
a - umfpack_zi_report_perm.o
a - umfpack_zi_report_status.o
a - umfpack_zi_report_symbolic.o
a - umfpack_zi_report_triplet.o
a - umfpack_zi_report_vector.o
a - umfpack_zi_solve.o
a - umfpack_zi_symbolic.o
a - umfpack_zi_transpose.o
a - umfpack_zi_triplet_to_col.o
a - umfpack_zi_scale.o
a - umfpack_zi_load_numeric.o
a - umfpack_zi_save_numeric.o
a - umfpack_zi_load_symbolic.o
a - umfpack_zi_save_symbolic.o
a - umf_zl_lhsolve.o
a - umf_zl_uhsolve.o
a - umf_zl_triplet_map_nox.o
a - umf_zl_triplet_nomap_x.o
a - umf_zl_triplet_nomap_nox.o
a - umf_zl_triplet_map_x.o
a - umf_zl_assemble_fixq.o
a - umf_zl_store_lu_drop.o
a - umf_zl_assemble.o
a - umf_zl_blas3_update.o
a - umf_zl_build_tuples.o
a - umf_zl_create_element.o
a - umf_zl_dump.o
a - umf_zl_extend_front.o
a - umf_zl_garbage_collection.o
a - umf_zl_get_memory.o
a - umf_zl_init_front.o
a - umf_zl_kernel.o
a - umf_zl_kernel_init.o
a - umf_zl_kernel_wrapup.o
a - umf_zl_local_search.o
a - umf_zl_lsolve.o
a - umf_zl_ltsolve.o
a - umf_zl_mem_alloc_element.o
a - umf_zl_mem_alloc_head_block.o
a - umf_zl_mem_alloc_tail_block.o
a - umf_zl_mem_free_tail_block.o
a - umf_zl_mem_init_memoryspace.o
a - umf_zl_report_vector.o
a - umf_zl_row_search.o
a - umf_zl_scale_column.o
a - umf_zl_set_stats.o
a - umf_zl_solve.o
a - umf_zl_symbolic_usage.o
a - umf_zl_transpose.o
a - umf_zl_tuple_lengths.o
a - umf_zl_usolve.o
a - umf_zl_utsolve.o
a - umf_zl_valid_numeric.o
a - umf_zl_valid_symbolic.o
a - umf_zl_grow_front.o
a - umf_zl_start_front.o
a - umf_zl_store_lu.o
a - umf_zl_scale.o
a - umfpack_zl_wsolve.o
a - umfpack_zl_col_to_triplet.o
a - umfpack_zl_defaults.o
a - umfpack_zl_free_numeric.o
a - umfpack_zl_free_symbolic.o
a - umfpack_zl_get_numeric.o
a - umfpack_zl_get_lunz.o
a - umfpack_zl_get_symbolic.o
a - umfpack_zl_get_determinant.o
a - umfpack_zl_numeric.o
a - umfpack_zl_qsymbolic.o
a - umfpack_zl_report_control.o
a - umfpack_zl_report_info.o
a - umfpack_zl_report_matrix.o
a - umfpack_zl_report_numeric.o
a - umfpack_zl_report_perm.o
a - umfpack_zl_report_status.o
a - umfpack_zl_report_symbolic.o
a - umfpack_zl_report_triplet.o
a - umfpack_zl_report_vector.o
a - umfpack_zl_solve.o
a - umfpack_zl_symbolic.o
a - umfpack_zl_transpose.o
a - umfpack_zl_triplet_to_col.o
a - umfpack_zl_scale.o
a - umfpack_zl_load_numeric.o
a - umfpack_zl_save_numeric.o
a - umfpack_zl_load_symbolic.o
a - umfpack_zl_save_symbolic.o
ar: creating libcsparse.a
a - cs_add.o
a - cs_amd.o
a - cs_chol.o
a - cs_cholsol.o
a - cs_counts.o
a - cs_cumsum.o
a - cs_droptol.o
a - cs_dropzeros.o
a - cs_dupl.o
a - cs_entry.o
a - cs_etree.o
a - cs_fkeep.o
a - cs_gaxpy.o
a - cs_happly.o
a - cs_house.o
a - cs_ipvec.o
a - cs_lsolve.o
a - cs_ltsolve.o
a - cs_lu.o
a - cs_lusol.o
a - cs_util.o
a - cs_multiply.o
a - cs_permute.o
a - cs_pinv.o
a - cs_post.o
a - cs_pvec.o
a - cs_qr.o
a - cs_qrsol.o
a - cs_scatter.o
a - cs_schol.o
a - cs_sqr.o
a - cs_symperm.o
a - cs_tdfs.o
a - cs_malloc.o
a - cs_transpose.o
a - cs_compress.o
a - cs_usolve.o
a - cs_utsolve.o
a - cs_scc.o
a - cs_maxtrans.o
a - cs_dmperm.o
a - cs_updown.o
a - cs_print.o
a - cs_norm.o
a - cs_load.o
a - cs_dfs.o
a - cs_reach.o
a - cs_spsolve.o
a - cs_ereach.o
a - cs_leaf.o
a - cs_randperm.o
ar: creating libcxsparse.a
a - cs_convert.o
a - cs_add_di.o
a - cs_amd_di.o
a - cs_chol_di.o
a - cs_cholsol_di.o
a - cs_counts_di.o
a - cs_cumsum_di.o
a - cs_droptol_di.o
a - cs_dropzeros_di.o
a - cs_dupl_di.o
a - cs_entry_di.o
a - cs_etree_di.o
a - cs_fkeep_di.o
a - cs_gaxpy_di.o
a - cs_happly_di.o
a - cs_house_di.o
a - cs_ipvec_di.o
a - cs_lsolve_di.o
a - cs_ltsolve_di.o
a - cs_lu_di.o
a - cs_lusol_di.o
a - cs_util_di.o
a - cs_multiply_di.o
a - cs_permute_di.o
a - cs_pinv_di.o
a - cs_post_di.o
a - cs_pvec_di.o
a - cs_qr_di.o
a - cs_qrsol_di.o
a - cs_scatter_di.o
a - cs_schol_di.o
a - cs_sqr_di.o
a - cs_symperm_di.o
a - cs_tdfs_di.o
a - cs_malloc_di.o
a - cs_transpose_di.o
a - cs_compress_di.o
a - cs_usolve_di.o
a - cs_utsolve_di.o
a - cs_scc_di.o
a - cs_maxtrans_di.o
a - cs_dmperm_di.o
a - cs_updown_di.o
a - cs_print_di.o
a - cs_norm_di.o
a - cs_load_di.o
a - cs_dfs_di.o
a - cs_reach_di.o
a - cs_spsolve_di.o
a - cs_leaf_di.o
a - cs_ereach_di.o
a - cs_randperm_di.o
a - cs_add_dl.o
a - cs_amd_dl.o
a - cs_chol_dl.o
a - cs_cholsol_dl.o
a - cs_counts_dl.o
a - cs_cumsum_dl.o
a - cs_droptol_dl.o
a - cs_dropzeros_dl.o
a - cs_dupl_dl.o
a - cs_entry_dl.o
a - cs_etree_dl.o
a - cs_fkeep_dl.o
a - cs_gaxpy_dl.o
a - cs_happly_dl.o
a - cs_house_dl.o
a - cs_ipvec_dl.o
a - cs_lsolve_dl.o
a - cs_ltsolve_dl.o
a - cs_lu_dl.o
a - cs_lusol_dl.o
a - cs_util_dl.o
a - cs_multiply_dl.o
a - cs_permute_dl.o
a - cs_pinv_dl.o
a - cs_post_dl.o
a - cs_pvec_dl.o
a - cs_qr_dl.o
a - cs_qrsol_dl.o
a - cs_scatter_dl.o
a - cs_schol_dl.o
a - cs_sqr_dl.o
a - cs_symperm_dl.o
a - cs_tdfs_dl.o
a - cs_malloc_dl.o
a - cs_transpose_dl.o
a - cs_compress_dl.o
a - cs_usolve_dl.o
a - cs_utsolve_dl.o
a - cs_scc_dl.o
a - cs_maxtrans_dl.o
a - cs_dmperm_dl.o
a - cs_updown_dl.o
a - cs_print_dl.o
a - cs_norm_dl.o
a - cs_load_dl.o
a - cs_dfs_dl.o
a - cs_reach_dl.o
a - cs_spsolve_dl.o
a - cs_leaf_dl.o
a - cs_ereach_dl.o
a - cs_randperm_dl.o
a - cs_add_ci.o
a - cs_amd_ci.o
a - cs_chol_ci.o
a - cs_cholsol_ci.o
a - cs_counts_ci.o
a - cs_cumsum_ci.o
a - cs_droptol_ci.o
a - cs_dropzeros_ci.o
a - cs_dupl_ci.o
a - cs_entry_ci.o
a - cs_etree_ci.o
a - cs_fkeep_ci.o
a - cs_gaxpy_ci.o
a - cs_happly_ci.o
a - cs_house_ci.o
a - cs_ipvec_ci.o
a - cs_lsolve_ci.o
a - cs_ltsolve_ci.o
a - cs_lu_ci.o
a - cs_lusol_ci.o
a - cs_util_ci.o
a - cs_multiply_ci.o
a - cs_permute_ci.o
a - cs_pinv_ci.o
a - cs_post_ci.o
a - cs_pvec_ci.o
a - cs_qr_ci.o
a - cs_qrsol_ci.o
a - cs_scatter_ci.o
a - cs_schol_ci.o
a - cs_sqr_ci.o
a - cs_symperm_ci.o
a - cs_tdfs_ci.o
a - cs_malloc_ci.o
a - cs_transpose_ci.o
a - cs_compress_ci.o
a - cs_usolve_ci.o
a - cs_utsolve_ci.o
a - cs_scc_ci.o
a - cs_maxtrans_ci.o
a - cs_dmperm_ci.o
a - cs_updown_ci.o
a - cs_print_ci.o
a - cs_norm_ci.o
a - cs_load_ci.o
a - cs_dfs_ci.o
a - cs_reach_ci.o
a - cs_spsolve_ci.o
a - cs_leaf_ci.o
a - cs_ereach_ci.o
a - cs_randperm_ci.o
a - cs_add_cl.o
a - cs_amd_cl.o
a - cs_chol_cl.o
a - cs_cholsol_cl.o
a - cs_counts_cl.o
a - cs_cumsum_cl.o
a - cs_droptol_cl.o
a - cs_dropzeros_cl.o
a - cs_dupl_cl.o
a - cs_entry_cl.o
a - cs_etree_cl.o
a - cs_fkeep_cl.o
a - cs_gaxpy_cl.o
a - cs_happly_cl.o
a - cs_house_cl.o
a - cs_ipvec_cl.o
a - cs_lsolve_cl.o
a - cs_ltsolve_cl.o
a - cs_lu_cl.o
a - cs_lusol_cl.o
a - cs_util_cl.o
a - cs_multiply_cl.o
a - cs_permute_cl.o
a - cs_pinv_cl.o
a - cs_post_cl.o
a - cs_pvec_cl.o
a - cs_qr_cl.o
a - cs_qrsol_cl.o
a - cs_scatter_cl.o
a - cs_schol_cl.o
a - cs_sqr_cl.o
a - cs_symperm_cl.o
a - cs_tdfs_cl.o
a - cs_malloc_cl.o
a - cs_transpose_cl.o
a - cs_compress_cl.o
a - cs_usolve_cl.o
a - cs_utsolve_cl.o
a - cs_scc_cl.o
a - cs_maxtrans_cl.o
a - cs_dmperm_cl.o
a - cs_updown_cl.o
a - cs_print_cl.o
a - cs_norm_cl.o
a - cs_load_cl.o
a - cs_dfs_cl.o
a - cs_reach_cl.o
a - cs_spsolve_cl.o
a - cs_leaf_cl.o
a - cs_ereach_cl.o
a - cs_randperm_cl.o
ar: creating libspqr.a
a - spqr_rmap.o
a - SuiteSparseQR_C.o
a - SuiteSparseQR_expert.o
a - spqr_parallel.o
a - spqr_kernel.o
a - spqr_analyze.o
a - spqr_assemble.o
a - spqr_cpack.o
a - spqr_csize.o
a - spqr_fcsize.o
a - spqr_debug.o
a - spqr_front.o
a - spqr_factorize.o
a - spqr_freenum.o
a - spqr_freesym.o
a - spqr_freefac.o
a - spqr_fsize.o
a - spqr_maxcolnorm.o
a - spqr_rconvert.o
a - spqr_rcount.o
a - spqr_rhpack.o
a - spqr_rsolve.o
a - spqr_stranspose1.o
a - spqr_stranspose2.o
a - spqr_hpinv.o
a - spqr_1fixed.o
a - spqr_1colamd.o
a - SuiteSparseQR.o
a - spqr_1factor.o
a - spqr_cumsum.o
a - spqr_shift.o
a - spqr_happly.o
a - spqr_panel.o
a - spqr_happly_work.o
a - SuiteSparseQR_qmult.o
a - spqr_trapezoidal.o
a - spqr_larftb.o
a - spqr_append.o
a - spqr_type.o
a - spqr_tol.o
ar: creating librbio.a
a - RBio.o
[ 70%] [34m[1mPerforming install step for 'suitesparse_src'[0m
make[3]: warning: jobserver unavailable: using -j1.  Add '+' to parent make rule.
[ 80%] [34m[1mCompleted 'suitesparse_src'[0m
[ 80%] Built target suitesparse_src
[35m[1mScanning dependencies of target suitesparse[0m
[ 90%] [32mBuilding CXX object CMakeFiles/suitesparse.dir/src/export_lib_hack.cc.o[0m
[100%] [32m[1mLinking CXX shared library /home/mataiyuan/ASD-SLAM/devel/.private/suitesparse/lib/libsuitesparse.so[0m
[100%] Built target suitesparse
