Symlinking /home/mataiyuan/ASD-SLAM/devel/share/protobuf_catkin/cmake/protobuf-generate-cpp.cmake
Symlinking /home/mataiyuan/ASD-SLAM/devel/share/protobuf_catkin/cmake/protobuf_catkinConfig.cmake
Symlinking /home/mataiyuan/ASD-SLAM/devel/share/protobuf_catkin/cmake/protobuf_catkinConfig-version.cmake
Symlinking /home/mataiyuan/ASD-SLAM/devel/share/protobuf_catkin/cmake/protobuf-extras.cmake
Symlinking /home/mataiyuan/ASD-SLAM/devel/bin/protoc
Symlinking /home/mataiyuan/ASD-SLAM/devel/include/google/protobuf/map_entry_lite.h
Symlinking /home/mataiyuan/ASD-SLAM/devel/include/google/protobuf/map_entry.h
Symlinking /home/mataiyuan/ASD-SLAM/devel/include/google/protobuf/wire_format_lite.h
Symlinking /home/mataiyuan/ASD-SLAM/devel/include/google/protobuf/has_bits.h
Symlinking /home/mataiyuan/ASD-SLAM/devel/include/google/protobuf/any.pb.h
Symlinking /home/mataiyuan/ASD-SLAM/devel/include/google/protobuf/dynamic_message.h
Symlinking /home/mataiyuan/ASD-SLAM/devel/include/google/protobuf/descriptor.pb.h
Symlinking /home/mataiyuan/ASD-SLAM/devel/include/google/protobuf/timestamp.proto
Symlinking /home/mataiyuan/ASD-SLAM/devel/include/google/protobuf/service.h
Symlinking /home/mataiyuan/ASD-SLAM/devel/include/google/protobuf/api.pb.h
Symlinking /home/mataiyuan/ASD-SLAM/devel/include/google/protobuf/struct.proto
Symlinking /home/mataiyuan/ASD-SLAM/devel/include/google/protobuf/message_lite.h
Symlinking /home/mataiyuan/ASD-SLAM/devel/include/google/protobuf/descriptor.proto
Symlinking /home/mataiyuan/ASD-SLAM/devel/include/google/protobuf/arena.h
Symlinking /home/mataiyuan/ASD-SLAM/devel/include/google/protobuf/timestamp.pb.h
Symlinking /home/mataiyuan/ASD-SLAM/devel/include/google/protobuf/arenastring.h
Symlinking /home/mataiyuan/ASD-SLAM/devel/include/google/protobuf/wrappers.pb.h
Symlinking /home/mataiyuan/ASD-SLAM/devel/include/google/protobuf/type.pb.h
Symlinking /home/mataiyuan/ASD-SLAM/devel/include/google/protobuf/arena_impl.h
Symlinking /home/mataiyuan/ASD-SLAM/devel/include/google/protobuf/wire_format.h
Symlinking /home/mataiyuan/ASD-SLAM/devel/include/google/protobuf/unknown_field_set.h
Symlinking /home/mataiyuan/ASD-SLAM/devel/include/google/protobuf/metadata_lite.h
Symlinking /home/mataiyuan/ASD-SLAM/devel/include/google/protobuf/source_context.proto
Symlinking /home/mataiyuan/ASD-SLAM/devel/include/google/protobuf/metadata.h
Symlinking /home/mataiyuan/ASD-SLAM/devel/include/google/protobuf/reflection_ops.h
Symlinking /home/mataiyuan/ASD-SLAM/devel/include/google/protobuf/map.h
Symlinking /home/mataiyuan/ASD-SLAM/devel/include/google/protobuf/any.proto
Symlinking /home/mataiyuan/ASD-SLAM/devel/include/google/protobuf/wrappers.proto
Symlinking /home/mataiyuan/ASD-SLAM/devel/include/google/protobuf/duration.pb.h
Symlinking /home/mataiyuan/ASD-SLAM/devel/include/google/protobuf/map_field.h
Symlinking /home/mataiyuan/ASD-SLAM/devel/include/google/protobuf/field_mask.proto
Symlinking /home/mataiyuan/ASD-SLAM/devel/include/google/protobuf/generated_message_reflection.h
Symlinking /home/mataiyuan/ASD-SLAM/devel/include/google/protobuf/duration.proto
Symlinking /home/mataiyuan/ASD-SLAM/devel/include/google/protobuf/text_format.h
Symlinking /home/mataiyuan/ASD-SLAM/devel/include/google/protobuf/source_context.pb.h
Symlinking /home/mataiyuan/ASD-SLAM/devel/include/google/protobuf/map_field_inl.h
Symlinking /home/mataiyuan/ASD-SLAM/devel/include/google/protobuf/map_field_lite.h
Symlinking /home/mataiyuan/ASD-SLAM/devel/include/google/protobuf/generated_message_table_driven.h
Symlinking /home/mataiyuan/ASD-SLAM/devel/include/google/protobuf/inlined_string_field.h
Symlinking /home/mataiyuan/ASD-SLAM/devel/include/google/protobuf/type.proto
Symlinking /home/mataiyuan/ASD-SLAM/devel/include/google/protobuf/field_mask.pb.h
Symlinking /home/mataiyuan/ASD-SLAM/devel/include/google/protobuf/generated_message_util.h
Symlinking /home/mataiyuan/ASD-SLAM/devel/include/google/protobuf/empty.pb.h
Symlinking /home/mataiyuan/ASD-SLAM/devel/include/google/protobuf/empty.proto
Symlinking /home/mataiyuan/ASD-SLAM/devel/include/google/protobuf/reflection.h
Symlinking /home/mataiyuan/ASD-SLAM/devel/include/google/protobuf/generated_enum_util.h
Symlinking /home/mataiyuan/ASD-SLAM/devel/include/google/protobuf/implicit_weak_message.h
Symlinking /home/mataiyuan/ASD-SLAM/devel/include/google/protobuf/message.h
Symlinking /home/mataiyuan/ASD-SLAM/devel/include/google/protobuf/descriptor_database.h
Symlinking /home/mataiyuan/ASD-SLAM/devel/include/google/protobuf/api.proto
Symlinking /home/mataiyuan/ASD-SLAM/devel/include/google/protobuf/wire_format_lite_inl.h
Symlinking /home/mataiyuan/ASD-SLAM/devel/include/google/protobuf/generated_enum_reflection.h
Symlinking /home/mataiyuan/ASD-SLAM/devel/include/google/protobuf/any.h
Symlinking /home/mataiyuan/ASD-SLAM/devel/include/google/protobuf/repeated_field.h
Symlinking /home/mataiyuan/ASD-SLAM/devel/include/google/protobuf/struct.pb.h
Symlinking /home/mataiyuan/ASD-SLAM/devel/include/google/protobuf/descriptor.h
Symlinking /home/mataiyuan/ASD-SLAM/devel/include/google/protobuf/map_type_handler.h
Symlinking /home/mataiyuan/ASD-SLAM/devel/include/google/protobuf/extension_set.h
Symlinking /home/mataiyuan/ASD-SLAM/devel/include/google/protobuf/compiler/importer.h
Symlinking /home/mataiyuan/ASD-SLAM/devel/include/google/protobuf/compiler/plugin.pb.h
Symlinking /home/mataiyuan/ASD-SLAM/devel/include/google/protobuf/compiler/plugin.proto
Symlinking /home/mataiyuan/ASD-SLAM/devel/include/google/protobuf/compiler/parser.h
Symlinking /home/mataiyuan/ASD-SLAM/devel/include/google/protobuf/compiler/code_generator.h
Symlinking /home/mataiyuan/ASD-SLAM/devel/include/google/protobuf/compiler/command_line_interface.h
Symlinking /home/mataiyuan/ASD-SLAM/devel/include/google/protobuf/compiler/plugin.h
Symlinking /home/mataiyuan/ASD-SLAM/devel/include/google/protobuf/compiler/cpp/cpp_generator.h
Symlinking /home/mataiyuan/ASD-SLAM/devel/include/google/protobuf/compiler/js/well_known_types_embed.h
Symlinking /home/mataiyuan/ASD-SLAM/devel/include/google/protobuf/compiler/js/js_generator.h
Symlinking /home/mataiyuan/ASD-SLAM/devel/include/google/protobuf/compiler/python/python_generator.h
Symlinking /home/mataiyuan/ASD-SLAM/devel/include/google/protobuf/compiler/php/php_generator.h
Symlinking /home/mataiyuan/ASD-SLAM/devel/include/google/protobuf/compiler/java/java_names.h
Symlinking /home/mataiyuan/ASD-SLAM/devel/include/google/protobuf/compiler/java/java_generator.h
Symlinking /home/mataiyuan/ASD-SLAM/devel/include/google/protobuf/compiler/objectivec/objectivec_generator.h
Symlinking /home/mataiyuan/ASD-SLAM/devel/include/google/protobuf/compiler/objectivec/objectivec_helpers.h
Symlinking /home/mataiyuan/ASD-SLAM/devel/include/google/protobuf/compiler/ruby/ruby_generator.h
Symlinking /home/mataiyuan/ASD-SLAM/devel/include/google/protobuf/compiler/csharp/csharp_names.h
Symlinking /home/mataiyuan/ASD-SLAM/devel/include/google/protobuf/compiler/csharp/csharp_generator.h
Symlinking /home/mataiyuan/ASD-SLAM/devel/include/google/protobuf/stubs/template_util.h
Symlinking /home/mataiyuan/ASD-SLAM/devel/include/google/protobuf/stubs/common.h
Symlinking /home/mataiyuan/ASD-SLAM/devel/include/google/protobuf/stubs/stringpiece.h
Symlinking /home/mataiyuan/ASD-SLAM/devel/include/google/protobuf/stubs/mutex.h
Symlinking /home/mataiyuan/ASD-SLAM/devel/include/google/protobuf/stubs/macros.h
Symlinking /home/mataiyuan/ASD-SLAM/devel/include/google/protobuf/stubs/once.h
Symlinking /home/mataiyuan/ASD-SLAM/devel/include/google/protobuf/stubs/singleton.h
Symlinking /home/mataiyuan/ASD-SLAM/devel/include/google/protobuf/stubs/fastmem.h
Symlinking /home/mataiyuan/ASD-SLAM/devel/include/google/protobuf/stubs/platform_macros.h
Symlinking /home/mataiyuan/ASD-SLAM/devel/include/google/protobuf/stubs/port.h
Symlinking /home/mataiyuan/ASD-SLAM/devel/include/google/protobuf/stubs/stl_util.h
Symlinking /home/mataiyuan/ASD-SLAM/devel/include/google/protobuf/stubs/casts.h
Symlinking /home/mataiyuan/ASD-SLAM/devel/include/google/protobuf/stubs/callback.h
Symlinking /home/mataiyuan/ASD-SLAM/devel/include/google/protobuf/stubs/logging.h
Symlinking /home/mataiyuan/ASD-SLAM/devel/include/google/protobuf/stubs/status.h
Symlinking /home/mataiyuan/ASD-SLAM/devel/include/google/protobuf/stubs/hash.h
Symlinking /home/mataiyuan/ASD-SLAM/devel/include/google/protobuf/stubs/bytestream.h
Symlinking /home/mataiyuan/ASD-SLAM/devel/include/google/protobuf/io/zero_copy_stream_impl.h
Symlinking /home/mataiyuan/ASD-SLAM/devel/include/google/protobuf/io/zero_copy_stream.h
Symlinking /home/mataiyuan/ASD-SLAM/devel/include/google/protobuf/io/strtod.h
Symlinking /home/mataiyuan/ASD-SLAM/devel/include/google/protobuf/io/zero_copy_stream_impl_lite.h
Symlinking /home/mataiyuan/ASD-SLAM/devel/include/google/protobuf/io/tokenizer.h
Symlinking /home/mataiyuan/ASD-SLAM/devel/include/google/protobuf/io/printer.h
Symlinking /home/mataiyuan/ASD-SLAM/devel/include/google/protobuf/io/coded_stream.h
Symlinking /home/mataiyuan/ASD-SLAM/devel/include/google/protobuf/io/gzip_stream.h
Symlinking /home/mataiyuan/ASD-SLAM/devel/include/google/protobuf/util/field_mask_util.h
Symlinking /home/mataiyuan/ASD-SLAM/devel/include/google/protobuf/util/delimited_message_util.h
Symlinking /home/mataiyuan/ASD-SLAM/devel/include/google/protobuf/util/field_comparator.h
Symlinking /home/mataiyuan/ASD-SLAM/devel/include/google/protobuf/util/type_resolver.h
Symlinking /home/mataiyuan/ASD-SLAM/devel/include/google/protobuf/util/message_differencer.h
Symlinking /home/mataiyuan/ASD-SLAM/devel/include/google/protobuf/util/type_resolver_util.h
Symlinking /home/mataiyuan/ASD-SLAM/devel/include/google/protobuf/util/time_util.h
Symlinking /home/mataiyuan/ASD-SLAM/devel/include/google/protobuf/util/json_util.h
Symlinking /home/mataiyuan/ASD-SLAM/devel/lib/libprotobuf.a
Symlinking /home/mataiyuan/ASD-SLAM/devel/lib/libprotobuf.so.17.0.0
Symlinking /home/mataiyuan/ASD-SLAM/devel/lib/libprotobuf-lite.a
Symlinking /home/mataiyuan/ASD-SLAM/devel/lib/libprotobuf.so
Symlinking /home/mataiyuan/ASD-SLAM/devel/lib/libprotoc.so
Symlinking /home/mataiyuan/ASD-SLAM/devel/lib/libprotoc.a
Symlinking /home/mataiyuan/ASD-SLAM/devel/lib/libprotoc.so.17.0.0
Symlinking /home/mataiyuan/ASD-SLAM/devel/lib/libprotoc.la
Symlinking /home/mataiyuan/ASD-SLAM/devel/lib/libprotobuf-lite.so.17.0.0
Symlinking /home/mataiyuan/ASD-SLAM/devel/lib/libprotobuf.la
Symlinking /home/mataiyuan/ASD-SLAM/devel/lib/libprotoc.so.17
Symlinking /home/mataiyuan/ASD-SLAM/devel/lib/libprotobuf-lite.la
Symlinking /home/mataiyuan/ASD-SLAM/devel/lib/libprotobuf-lite.so.17
Symlinking /home/mataiyuan/ASD-SLAM/devel/lib/libprotobuf_catkin.so
Symlinking /home/mataiyuan/ASD-SLAM/devel/lib/libprotobuf-lite.so
Symlinking /home/mataiyuan/ASD-SLAM/devel/lib/libprotobuf.so.17
Symlinking /home/mataiyuan/ASD-SLAM/devel/lib/pkgconfig/protobuf-lite.pc
Symlinking /home/mataiyuan/ASD-SLAM/devel/lib/pkgconfig/protobuf.pc
Symlinking /home/mataiyuan/ASD-SLAM/devel/lib/pkgconfig/protobuf_catkin.pc
