Linked: (/home/mataiyuan/ASD-SLAM/devel/.private/protobuf_catkin/share/protobuf_catkin/cmake/protobuf-generate-cpp.cmake, /home/mataiyuan/ASD-SLAM/devel/share/protobuf_catkin/cmake/protobuf-generate-cpp.cmake)
Linked: (/home/mataiyuan/ASD-SLAM/devel/.private/protobuf_catkin/share/protobuf_catkin/cmake/protobuf_catkinConfig.cmake, /home/mataiyuan/ASD-SLAM/devel/share/protobuf_catkin/cmake/protobuf_catkinConfig.cmake)
Linked: (/home/mataiyuan/ASD-SLAM/devel/.private/protobuf_catkin/share/protobuf_catkin/cmake/protobuf_catkinConfig-version.cmake, /home/mataiyuan/ASD-SLAM/devel/share/protobuf_catkin/cmake/protobuf_catkinConfig-version.cmake)
Linked: (/home/mataiyuan/ASD-SLAM/devel/.private/protobuf_catkin/share/protobuf_catkin/cmake/protobuf-extras.cmake, /home/mataiyuan/ASD-SLAM/devel/share/protobuf_catkin/cmake/protobuf-extras.cmake)
Linked: (/home/mataiyuan/ASD-SLAM/devel/.private/protobuf_catkin/bin/protoc, /home/mataiyuan/ASD-SLAM/devel/bin/protoc)
Linked: (/home/mataiyuan/ASD-SLAM/devel/.private/protobuf_catkin/include/google/protobuf/map_entry_lite.h, /home/mataiyuan/ASD-SLAM/devel/include/google/protobuf/map_entry_lite.h)
Linked: (/home/mataiyuan/ASD-SLAM/devel/.private/protobuf_catkin/include/google/protobuf/map_entry.h, /home/mataiyuan/ASD-SLAM/devel/include/google/protobuf/map_entry.h)
Linked: (/home/mataiyuan/ASD-SLAM/devel/.private/protobuf_catkin/include/google/protobuf/wire_format_lite.h, /home/mataiyuan/ASD-SLAM/devel/include/google/protobuf/wire_format_lite.h)
Linked: (/home/mataiyuan/ASD-SLAM/devel/.private/protobuf_catkin/include/google/protobuf/has_bits.h, /home/mataiyuan/ASD-SLAM/devel/include/google/protobuf/has_bits.h)
Linked: (/home/mataiyuan/ASD-SLAM/devel/.private/protobuf_catkin/include/google/protobuf/any.pb.h, /home/mataiyuan/ASD-SLAM/devel/include/google/protobuf/any.pb.h)
Linked: (/home/mataiyuan/ASD-SLAM/devel/.private/protobuf_catkin/include/google/protobuf/dynamic_message.h, /home/mataiyuan/ASD-SLAM/devel/include/google/protobuf/dynamic_message.h)
Linked: (/home/mataiyuan/ASD-SLAM/devel/.private/protobuf_catkin/include/google/protobuf/descriptor.pb.h, /home/mataiyuan/ASD-SLAM/devel/include/google/protobuf/descriptor.pb.h)
Linked: (/home/mataiyuan/ASD-SLAM/devel/.private/protobuf_catkin/include/google/protobuf/timestamp.proto, /home/mataiyuan/ASD-SLAM/devel/include/google/protobuf/timestamp.proto)
Linked: (/home/mataiyuan/ASD-SLAM/devel/.private/protobuf_catkin/include/google/protobuf/service.h, /home/mataiyuan/ASD-SLAM/devel/include/google/protobuf/service.h)
Linked: (/home/mataiyuan/ASD-SLAM/devel/.private/protobuf_catkin/include/google/protobuf/api.pb.h, /home/mataiyuan/ASD-SLAM/devel/include/google/protobuf/api.pb.h)
Linked: (/home/mataiyuan/ASD-SLAM/devel/.private/protobuf_catkin/include/google/protobuf/struct.proto, /home/mataiyuan/ASD-SLAM/devel/include/google/protobuf/struct.proto)
Linked: (/home/mataiyuan/ASD-SLAM/devel/.private/protobuf_catkin/include/google/protobuf/message_lite.h, /home/mataiyuan/ASD-SLAM/devel/include/google/protobuf/message_lite.h)
Linked: (/home/mataiyuan/ASD-SLAM/devel/.private/protobuf_catkin/include/google/protobuf/descriptor.proto, /home/mataiyuan/ASD-SLAM/devel/include/google/protobuf/descriptor.proto)
Linked: (/home/mataiyuan/ASD-SLAM/devel/.private/protobuf_catkin/include/google/protobuf/arena.h, /home/mataiyuan/ASD-SLAM/devel/include/google/protobuf/arena.h)
Linked: (/home/mataiyuan/ASD-SLAM/devel/.private/protobuf_catkin/include/google/protobuf/timestamp.pb.h, /home/mataiyuan/ASD-SLAM/devel/include/google/protobuf/timestamp.pb.h)
Linked: (/home/mataiyuan/ASD-SLAM/devel/.private/protobuf_catkin/include/google/protobuf/arenastring.h, /home/mataiyuan/ASD-SLAM/devel/include/google/protobuf/arenastring.h)
Linked: (/home/mataiyuan/ASD-SLAM/devel/.private/protobuf_catkin/include/google/protobuf/wrappers.pb.h, /home/mataiyuan/ASD-SLAM/devel/include/google/protobuf/wrappers.pb.h)
Linked: (/home/mataiyuan/ASD-SLAM/devel/.private/protobuf_catkin/include/google/protobuf/type.pb.h, /home/mataiyuan/ASD-SLAM/devel/include/google/protobuf/type.pb.h)
Linked: (/home/mataiyuan/ASD-SLAM/devel/.private/protobuf_catkin/include/google/protobuf/arena_impl.h, /home/mataiyuan/ASD-SLAM/devel/include/google/protobuf/arena_impl.h)
Linked: (/home/mataiyuan/ASD-SLAM/devel/.private/protobuf_catkin/include/google/protobuf/wire_format.h, /home/mataiyuan/ASD-SLAM/devel/include/google/protobuf/wire_format.h)
Linked: (/home/mataiyuan/ASD-SLAM/devel/.private/protobuf_catkin/include/google/protobuf/unknown_field_set.h, /home/mataiyuan/ASD-SLAM/devel/include/google/protobuf/unknown_field_set.h)
Linked: (/home/mataiyuan/ASD-SLAM/devel/.private/protobuf_catkin/include/google/protobuf/metadata_lite.h, /home/mataiyuan/ASD-SLAM/devel/include/google/protobuf/metadata_lite.h)
Linked: (/home/mataiyuan/ASD-SLAM/devel/.private/protobuf_catkin/include/google/protobuf/source_context.proto, /home/mataiyuan/ASD-SLAM/devel/include/google/protobuf/source_context.proto)
Linked: (/home/mataiyuan/ASD-SLAM/devel/.private/protobuf_catkin/include/google/protobuf/metadata.h, /home/mataiyuan/ASD-SLAM/devel/include/google/protobuf/metadata.h)
Linked: (/home/mataiyuan/ASD-SLAM/devel/.private/protobuf_catkin/include/google/protobuf/reflection_ops.h, /home/mataiyuan/ASD-SLAM/devel/include/google/protobuf/reflection_ops.h)
Linked: (/home/mataiyuan/ASD-SLAM/devel/.private/protobuf_catkin/include/google/protobuf/map.h, /home/mataiyuan/ASD-SLAM/devel/include/google/protobuf/map.h)
Linked: (/home/mataiyuan/ASD-SLAM/devel/.private/protobuf_catkin/include/google/protobuf/any.proto, /home/mataiyuan/ASD-SLAM/devel/include/google/protobuf/any.proto)
Linked: (/home/mataiyuan/ASD-SLAM/devel/.private/protobuf_catkin/include/google/protobuf/wrappers.proto, /home/mataiyuan/ASD-SLAM/devel/include/google/protobuf/wrappers.proto)
Linked: (/home/mataiyuan/ASD-SLAM/devel/.private/protobuf_catkin/include/google/protobuf/duration.pb.h, /home/mataiyuan/ASD-SLAM/devel/include/google/protobuf/duration.pb.h)
Linked: (/home/mataiyuan/ASD-SLAM/devel/.private/protobuf_catkin/include/google/protobuf/map_field.h, /home/mataiyuan/ASD-SLAM/devel/include/google/protobuf/map_field.h)
Linked: (/home/mataiyuan/ASD-SLAM/devel/.private/protobuf_catkin/include/google/protobuf/field_mask.proto, /home/mataiyuan/ASD-SLAM/devel/include/google/protobuf/field_mask.proto)
Linked: (/home/mataiyuan/ASD-SLAM/devel/.private/protobuf_catkin/include/google/protobuf/generated_message_reflection.h, /home/mataiyuan/ASD-SLAM/devel/include/google/protobuf/generated_message_reflection.h)
Linked: (/home/mataiyuan/ASD-SLAM/devel/.private/protobuf_catkin/include/google/protobuf/duration.proto, /home/mataiyuan/ASD-SLAM/devel/include/google/protobuf/duration.proto)
Linked: (/home/mataiyuan/ASD-SLAM/devel/.private/protobuf_catkin/include/google/protobuf/text_format.h, /home/mataiyuan/ASD-SLAM/devel/include/google/protobuf/text_format.h)
Linked: (/home/mataiyuan/ASD-SLAM/devel/.private/protobuf_catkin/include/google/protobuf/source_context.pb.h, /home/mataiyuan/ASD-SLAM/devel/include/google/protobuf/source_context.pb.h)
Linked: (/home/mataiyuan/ASD-SLAM/devel/.private/protobuf_catkin/include/google/protobuf/map_field_inl.h, /home/mataiyuan/ASD-SLAM/devel/include/google/protobuf/map_field_inl.h)
Linked: (/home/mataiyuan/ASD-SLAM/devel/.private/protobuf_catkin/include/google/protobuf/map_field_lite.h, /home/mataiyuan/ASD-SLAM/devel/include/google/protobuf/map_field_lite.h)
Linked: (/home/mataiyuan/ASD-SLAM/devel/.private/protobuf_catkin/include/google/protobuf/generated_message_table_driven.h, /home/mataiyuan/ASD-SLAM/devel/include/google/protobuf/generated_message_table_driven.h)
Linked: (/home/mataiyuan/ASD-SLAM/devel/.private/protobuf_catkin/include/google/protobuf/inlined_string_field.h, /home/mataiyuan/ASD-SLAM/devel/include/google/protobuf/inlined_string_field.h)
Linked: (/home/mataiyuan/ASD-SLAM/devel/.private/protobuf_catkin/include/google/protobuf/type.proto, /home/mataiyuan/ASD-SLAM/devel/include/google/protobuf/type.proto)
Linked: (/home/mataiyuan/ASD-SLAM/devel/.private/protobuf_catkin/include/google/protobuf/field_mask.pb.h, /home/mataiyuan/ASD-SLAM/devel/include/google/protobuf/field_mask.pb.h)
Linked: (/home/mataiyuan/ASD-SLAM/devel/.private/protobuf_catkin/include/google/protobuf/generated_message_util.h, /home/mataiyuan/ASD-SLAM/devel/include/google/protobuf/generated_message_util.h)
Linked: (/home/mataiyuan/ASD-SLAM/devel/.private/protobuf_catkin/include/google/protobuf/empty.pb.h, /home/mataiyuan/ASD-SLAM/devel/include/google/protobuf/empty.pb.h)
Linked: (/home/mataiyuan/ASD-SLAM/devel/.private/protobuf_catkin/include/google/protobuf/empty.proto, /home/mataiyuan/ASD-SLAM/devel/include/google/protobuf/empty.proto)
Linked: (/home/mataiyuan/ASD-SLAM/devel/.private/protobuf_catkin/include/google/protobuf/reflection.h, /home/mataiyuan/ASD-SLAM/devel/include/google/protobuf/reflection.h)
Linked: (/home/mataiyuan/ASD-SLAM/devel/.private/protobuf_catkin/include/google/protobuf/generated_enum_util.h, /home/mataiyuan/ASD-SLAM/devel/include/google/protobuf/generated_enum_util.h)
Linked: (/home/mataiyuan/ASD-SLAM/devel/.private/protobuf_catkin/include/google/protobuf/implicit_weak_message.h, /home/mataiyuan/ASD-SLAM/devel/include/google/protobuf/implicit_weak_message.h)
Linked: (/home/mataiyuan/ASD-SLAM/devel/.private/protobuf_catkin/include/google/protobuf/message.h, /home/mataiyuan/ASD-SLAM/devel/include/google/protobuf/message.h)
Linked: (/home/mataiyuan/ASD-SLAM/devel/.private/protobuf_catkin/include/google/protobuf/descriptor_database.h, /home/mataiyuan/ASD-SLAM/devel/include/google/protobuf/descriptor_database.h)
Linked: (/home/mataiyuan/ASD-SLAM/devel/.private/protobuf_catkin/include/google/protobuf/api.proto, /home/mataiyuan/ASD-SLAM/devel/include/google/protobuf/api.proto)
Linked: (/home/mataiyuan/ASD-SLAM/devel/.private/protobuf_catkin/include/google/protobuf/wire_format_lite_inl.h, /home/mataiyuan/ASD-SLAM/devel/include/google/protobuf/wire_format_lite_inl.h)
Linked: (/home/mataiyuan/ASD-SLAM/devel/.private/protobuf_catkin/include/google/protobuf/generated_enum_reflection.h, /home/mataiyuan/ASD-SLAM/devel/include/google/protobuf/generated_enum_reflection.h)
Linked: (/home/mataiyuan/ASD-SLAM/devel/.private/protobuf_catkin/include/google/protobuf/any.h, /home/mataiyuan/ASD-SLAM/devel/include/google/protobuf/any.h)
Linked: (/home/mataiyuan/ASD-SLAM/devel/.private/protobuf_catkin/include/google/protobuf/repeated_field.h, /home/mataiyuan/ASD-SLAM/devel/include/google/protobuf/repeated_field.h)
Linked: (/home/mataiyuan/ASD-SLAM/devel/.private/protobuf_catkin/include/google/protobuf/struct.pb.h, /home/mataiyuan/ASD-SLAM/devel/include/google/protobuf/struct.pb.h)
Linked: (/home/mataiyuan/ASD-SLAM/devel/.private/protobuf_catkin/include/google/protobuf/descriptor.h, /home/mataiyuan/ASD-SLAM/devel/include/google/protobuf/descriptor.h)
Linked: (/home/mataiyuan/ASD-SLAM/devel/.private/protobuf_catkin/include/google/protobuf/map_type_handler.h, /home/mataiyuan/ASD-SLAM/devel/include/google/protobuf/map_type_handler.h)
Linked: (/home/mataiyuan/ASD-SLAM/devel/.private/protobuf_catkin/include/google/protobuf/extension_set.h, /home/mataiyuan/ASD-SLAM/devel/include/google/protobuf/extension_set.h)
Linked: (/home/mataiyuan/ASD-SLAM/devel/.private/protobuf_catkin/include/google/protobuf/compiler/importer.h, /home/mataiyuan/ASD-SLAM/devel/include/google/protobuf/compiler/importer.h)
Linked: (/home/mataiyuan/ASD-SLAM/devel/.private/protobuf_catkin/include/google/protobuf/compiler/plugin.pb.h, /home/mataiyuan/ASD-SLAM/devel/include/google/protobuf/compiler/plugin.pb.h)
Linked: (/home/mataiyuan/ASD-SLAM/devel/.private/protobuf_catkin/include/google/protobuf/compiler/plugin.proto, /home/mataiyuan/ASD-SLAM/devel/include/google/protobuf/compiler/plugin.proto)
Linked: (/home/mataiyuan/ASD-SLAM/devel/.private/protobuf_catkin/include/google/protobuf/compiler/parser.h, /home/mataiyuan/ASD-SLAM/devel/include/google/protobuf/compiler/parser.h)
Linked: (/home/mataiyuan/ASD-SLAM/devel/.private/protobuf_catkin/include/google/protobuf/compiler/code_generator.h, /home/mataiyuan/ASD-SLAM/devel/include/google/protobuf/compiler/code_generator.h)
Linked: (/home/mataiyuan/ASD-SLAM/devel/.private/protobuf_catkin/include/google/protobuf/compiler/command_line_interface.h, /home/mataiyuan/ASD-SLAM/devel/include/google/protobuf/compiler/command_line_interface.h)
Linked: (/home/mataiyuan/ASD-SLAM/devel/.private/protobuf_catkin/include/google/protobuf/compiler/plugin.h, /home/mataiyuan/ASD-SLAM/devel/include/google/protobuf/compiler/plugin.h)
Linked: (/home/mataiyuan/ASD-SLAM/devel/.private/protobuf_catkin/include/google/protobuf/compiler/cpp/cpp_generator.h, /home/mataiyuan/ASD-SLAM/devel/include/google/protobuf/compiler/cpp/cpp_generator.h)
Linked: (/home/mataiyuan/ASD-SLAM/devel/.private/protobuf_catkin/include/google/protobuf/compiler/js/well_known_types_embed.h, /home/mataiyuan/ASD-SLAM/devel/include/google/protobuf/compiler/js/well_known_types_embed.h)
Linked: (/home/mataiyuan/ASD-SLAM/devel/.private/protobuf_catkin/include/google/protobuf/compiler/js/js_generator.h, /home/mataiyuan/ASD-SLAM/devel/include/google/protobuf/compiler/js/js_generator.h)
Linked: (/home/mataiyuan/ASD-SLAM/devel/.private/protobuf_catkin/include/google/protobuf/compiler/python/python_generator.h, /home/mataiyuan/ASD-SLAM/devel/include/google/protobuf/compiler/python/python_generator.h)
Linked: (/home/mataiyuan/ASD-SLAM/devel/.private/protobuf_catkin/include/google/protobuf/compiler/php/php_generator.h, /home/mataiyuan/ASD-SLAM/devel/include/google/protobuf/compiler/php/php_generator.h)
Linked: (/home/mataiyuan/ASD-SLAM/devel/.private/protobuf_catkin/include/google/protobuf/compiler/java/java_names.h, /home/mataiyuan/ASD-SLAM/devel/include/google/protobuf/compiler/java/java_names.h)
Linked: (/home/mataiyuan/ASD-SLAM/devel/.private/protobuf_catkin/include/google/protobuf/compiler/java/java_generator.h, /home/mataiyuan/ASD-SLAM/devel/include/google/protobuf/compiler/java/java_generator.h)
Linked: (/home/mataiyuan/ASD-SLAM/devel/.private/protobuf_catkin/include/google/protobuf/compiler/objectivec/objectivec_generator.h, /home/mataiyuan/ASD-SLAM/devel/include/google/protobuf/compiler/objectivec/objectivec_generator.h)
Linked: (/home/mataiyuan/ASD-SLAM/devel/.private/protobuf_catkin/include/google/protobuf/compiler/objectivec/objectivec_helpers.h, /home/mataiyuan/ASD-SLAM/devel/include/google/protobuf/compiler/objectivec/objectivec_helpers.h)
Linked: (/home/mataiyuan/ASD-SLAM/devel/.private/protobuf_catkin/include/google/protobuf/compiler/ruby/ruby_generator.h, /home/mataiyuan/ASD-SLAM/devel/include/google/protobuf/compiler/ruby/ruby_generator.h)
Linked: (/home/mataiyuan/ASD-SLAM/devel/.private/protobuf_catkin/include/google/protobuf/compiler/csharp/csharp_names.h, /home/mataiyuan/ASD-SLAM/devel/include/google/protobuf/compiler/csharp/csharp_names.h)
Linked: (/home/mataiyuan/ASD-SLAM/devel/.private/protobuf_catkin/include/google/protobuf/compiler/csharp/csharp_generator.h, /home/mataiyuan/ASD-SLAM/devel/include/google/protobuf/compiler/csharp/csharp_generator.h)
Linked: (/home/mataiyuan/ASD-SLAM/devel/.private/protobuf_catkin/include/google/protobuf/stubs/template_util.h, /home/mataiyuan/ASD-SLAM/devel/include/google/protobuf/stubs/template_util.h)
Linked: (/home/mataiyuan/ASD-SLAM/devel/.private/protobuf_catkin/include/google/protobuf/stubs/common.h, /home/mataiyuan/ASD-SLAM/devel/include/google/protobuf/stubs/common.h)
Linked: (/home/mataiyuan/ASD-SLAM/devel/.private/protobuf_catkin/include/google/protobuf/stubs/stringpiece.h, /home/mataiyuan/ASD-SLAM/devel/include/google/protobuf/stubs/stringpiece.h)
Linked: (/home/mataiyuan/ASD-SLAM/devel/.private/protobuf_catkin/include/google/protobuf/stubs/mutex.h, /home/mataiyuan/ASD-SLAM/devel/include/google/protobuf/stubs/mutex.h)
Linked: (/home/mataiyuan/ASD-SLAM/devel/.private/protobuf_catkin/include/google/protobuf/stubs/macros.h, /home/mataiyuan/ASD-SLAM/devel/include/google/protobuf/stubs/macros.h)
Linked: (/home/mataiyuan/ASD-SLAM/devel/.private/protobuf_catkin/include/google/protobuf/stubs/once.h, /home/mataiyuan/ASD-SLAM/devel/include/google/protobuf/stubs/once.h)
Linked: (/home/mataiyuan/ASD-SLAM/devel/.private/protobuf_catkin/include/google/protobuf/stubs/singleton.h, /home/mataiyuan/ASD-SLAM/devel/include/google/protobuf/stubs/singleton.h)
Linked: (/home/mataiyuan/ASD-SLAM/devel/.private/protobuf_catkin/include/google/protobuf/stubs/fastmem.h, /home/mataiyuan/ASD-SLAM/devel/include/google/protobuf/stubs/fastmem.h)
Linked: (/home/mataiyuan/ASD-SLAM/devel/.private/protobuf_catkin/include/google/protobuf/stubs/platform_macros.h, /home/mataiyuan/ASD-SLAM/devel/include/google/protobuf/stubs/platform_macros.h)
Linked: (/home/mataiyuan/ASD-SLAM/devel/.private/protobuf_catkin/include/google/protobuf/stubs/port.h, /home/mataiyuan/ASD-SLAM/devel/include/google/protobuf/stubs/port.h)
Linked: (/home/mataiyuan/ASD-SLAM/devel/.private/protobuf_catkin/include/google/protobuf/stubs/stl_util.h, /home/mataiyuan/ASD-SLAM/devel/include/google/protobuf/stubs/stl_util.h)
Linked: (/home/mataiyuan/ASD-SLAM/devel/.private/protobuf_catkin/include/google/protobuf/stubs/casts.h, /home/mataiyuan/ASD-SLAM/devel/include/google/protobuf/stubs/casts.h)
Linked: (/home/mataiyuan/ASD-SLAM/devel/.private/protobuf_catkin/include/google/protobuf/stubs/callback.h, /home/mataiyuan/ASD-SLAM/devel/include/google/protobuf/stubs/callback.h)
Linked: (/home/mataiyuan/ASD-SLAM/devel/.private/protobuf_catkin/include/google/protobuf/stubs/logging.h, /home/mataiyuan/ASD-SLAM/devel/include/google/protobuf/stubs/logging.h)
Linked: (/home/mataiyuan/ASD-SLAM/devel/.private/protobuf_catkin/include/google/protobuf/stubs/status.h, /home/mataiyuan/ASD-SLAM/devel/include/google/protobuf/stubs/status.h)
Linked: (/home/mataiyuan/ASD-SLAM/devel/.private/protobuf_catkin/include/google/protobuf/stubs/hash.h, /home/mataiyuan/ASD-SLAM/devel/include/google/protobuf/stubs/hash.h)
Linked: (/home/mataiyuan/ASD-SLAM/devel/.private/protobuf_catkin/include/google/protobuf/stubs/bytestream.h, /home/mataiyuan/ASD-SLAM/devel/include/google/protobuf/stubs/bytestream.h)
Linked: (/home/mataiyuan/ASD-SLAM/devel/.private/protobuf_catkin/include/google/protobuf/io/zero_copy_stream_impl.h, /home/mataiyuan/ASD-SLAM/devel/include/google/protobuf/io/zero_copy_stream_impl.h)
Linked: (/home/mataiyuan/ASD-SLAM/devel/.private/protobuf_catkin/include/google/protobuf/io/zero_copy_stream.h, /home/mataiyuan/ASD-SLAM/devel/include/google/protobuf/io/zero_copy_stream.h)
Linked: (/home/mataiyuan/ASD-SLAM/devel/.private/protobuf_catkin/include/google/protobuf/io/strtod.h, /home/mataiyuan/ASD-SLAM/devel/include/google/protobuf/io/strtod.h)
Linked: (/home/mataiyuan/ASD-SLAM/devel/.private/protobuf_catkin/include/google/protobuf/io/zero_copy_stream_impl_lite.h, /home/mataiyuan/ASD-SLAM/devel/include/google/protobuf/io/zero_copy_stream_impl_lite.h)
Linked: (/home/mataiyuan/ASD-SLAM/devel/.private/protobuf_catkin/include/google/protobuf/io/tokenizer.h, /home/mataiyuan/ASD-SLAM/devel/include/google/protobuf/io/tokenizer.h)
Linked: (/home/mataiyuan/ASD-SLAM/devel/.private/protobuf_catkin/include/google/protobuf/io/printer.h, /home/mataiyuan/ASD-SLAM/devel/include/google/protobuf/io/printer.h)
Linked: (/home/mataiyuan/ASD-SLAM/devel/.private/protobuf_catkin/include/google/protobuf/io/coded_stream.h, /home/mataiyuan/ASD-SLAM/devel/include/google/protobuf/io/coded_stream.h)
Linked: (/home/mataiyuan/ASD-SLAM/devel/.private/protobuf_catkin/include/google/protobuf/io/gzip_stream.h, /home/mataiyuan/ASD-SLAM/devel/include/google/protobuf/io/gzip_stream.h)
Linked: (/home/mataiyuan/ASD-SLAM/devel/.private/protobuf_catkin/include/google/protobuf/util/field_mask_util.h, /home/mataiyuan/ASD-SLAM/devel/include/google/protobuf/util/field_mask_util.h)
Linked: (/home/mataiyuan/ASD-SLAM/devel/.private/protobuf_catkin/include/google/protobuf/util/delimited_message_util.h, /home/mataiyuan/ASD-SLAM/devel/include/google/protobuf/util/delimited_message_util.h)
Linked: (/home/mataiyuan/ASD-SLAM/devel/.private/protobuf_catkin/include/google/protobuf/util/field_comparator.h, /home/mataiyuan/ASD-SLAM/devel/include/google/protobuf/util/field_comparator.h)
Linked: (/home/mataiyuan/ASD-SLAM/devel/.private/protobuf_catkin/include/google/protobuf/util/type_resolver.h, /home/mataiyuan/ASD-SLAM/devel/include/google/protobuf/util/type_resolver.h)
Linked: (/home/mataiyuan/ASD-SLAM/devel/.private/protobuf_catkin/include/google/protobuf/util/message_differencer.h, /home/mataiyuan/ASD-SLAM/devel/include/google/protobuf/util/message_differencer.h)
Linked: (/home/mataiyuan/ASD-SLAM/devel/.private/protobuf_catkin/include/google/protobuf/util/type_resolver_util.h, /home/mataiyuan/ASD-SLAM/devel/include/google/protobuf/util/type_resolver_util.h)
Linked: (/home/mataiyuan/ASD-SLAM/devel/.private/protobuf_catkin/include/google/protobuf/util/time_util.h, /home/mataiyuan/ASD-SLAM/devel/include/google/protobuf/util/time_util.h)
Linked: (/home/mataiyuan/ASD-SLAM/devel/.private/protobuf_catkin/include/google/protobuf/util/json_util.h, /home/mataiyuan/ASD-SLAM/devel/include/google/protobuf/util/json_util.h)
Linked: (/home/mataiyuan/ASD-SLAM/devel/.private/protobuf_catkin/lib/libprotobuf.a, /home/mataiyuan/ASD-SLAM/devel/lib/libprotobuf.a)
Linked: (/home/mataiyuan/ASD-SLAM/devel/.private/protobuf_catkin/lib/libprotobuf.so.17.0.0, /home/mataiyuan/ASD-SLAM/devel/lib/libprotobuf.so.17.0.0)
Linked: (/home/mataiyuan/ASD-SLAM/devel/.private/protobuf_catkin/lib/libprotobuf-lite.a, /home/mataiyuan/ASD-SLAM/devel/lib/libprotobuf-lite.a)
Linked: (/home/mataiyuan/ASD-SLAM/devel/.private/protobuf_catkin/lib/libprotobuf.so, /home/mataiyuan/ASD-SLAM/devel/lib/libprotobuf.so)
Linked: (/home/mataiyuan/ASD-SLAM/devel/.private/protobuf_catkin/lib/libprotoc.so, /home/mataiyuan/ASD-SLAM/devel/lib/libprotoc.so)
Linked: (/home/mataiyuan/ASD-SLAM/devel/.private/protobuf_catkin/lib/libprotoc.a, /home/mataiyuan/ASD-SLAM/devel/lib/libprotoc.a)
Linked: (/home/mataiyuan/ASD-SLAM/devel/.private/protobuf_catkin/lib/libprotoc.so.17.0.0, /home/mataiyuan/ASD-SLAM/devel/lib/libprotoc.so.17.0.0)
Linked: (/home/mataiyuan/ASD-SLAM/devel/.private/protobuf_catkin/lib/libprotoc.la, /home/mataiyuan/ASD-SLAM/devel/lib/libprotoc.la)
Linked: (/home/mataiyuan/ASD-SLAM/devel/.private/protobuf_catkin/lib/libprotobuf-lite.so.17.0.0, /home/mataiyuan/ASD-SLAM/devel/lib/libprotobuf-lite.so.17.0.0)
Linked: (/home/mataiyuan/ASD-SLAM/devel/.private/protobuf_catkin/lib/libprotobuf.la, /home/mataiyuan/ASD-SLAM/devel/lib/libprotobuf.la)
Linked: (/home/mataiyuan/ASD-SLAM/devel/.private/protobuf_catkin/lib/libprotoc.so.17, /home/mataiyuan/ASD-SLAM/devel/lib/libprotoc.so.17)
Linked: (/home/mataiyuan/ASD-SLAM/devel/.private/protobuf_catkin/lib/libprotobuf-lite.la, /home/mataiyuan/ASD-SLAM/devel/lib/libprotobuf-lite.la)
Linked: (/home/mataiyuan/ASD-SLAM/devel/.private/protobuf_catkin/lib/libprotobuf-lite.so.17, /home/mataiyuan/ASD-SLAM/devel/lib/libprotobuf-lite.so.17)
Linked: (/home/mataiyuan/ASD-SLAM/devel/.private/protobuf_catkin/lib/libprotobuf_catkin.so, /home/mataiyuan/ASD-SLAM/devel/lib/libprotobuf_catkin.so)
Linked: (/home/mataiyuan/ASD-SLAM/devel/.private/protobuf_catkin/lib/libprotobuf-lite.so, /home/mataiyuan/ASD-SLAM/devel/lib/libprotobuf-lite.so)
Linked: (/home/mataiyuan/ASD-SLAM/devel/.private/protobuf_catkin/lib/libprotobuf.so.17, /home/mataiyuan/ASD-SLAM/devel/lib/libprotobuf.so.17)
Linked: (/home/mataiyuan/ASD-SLAM/devel/.private/protobuf_catkin/lib/pkgconfig/protobuf-lite.pc, /home/mataiyuan/ASD-SLAM/devel/lib/pkgconfig/protobuf-lite.pc)
Linked: (/home/mataiyuan/ASD-SLAM/devel/.private/protobuf_catkin/lib/pkgconfig/protobuf.pc, /home/mataiyuan/ASD-SLAM/devel/lib/pkgconfig/protobuf.pc)
Linked: (/home/mataiyuan/ASD-SLAM/devel/.private/protobuf_catkin/lib/pkgconfig/protobuf_catkin.pc, /home/mataiyuan/ASD-SLAM/devel/lib/pkgconfig/protobuf_catkin.pc)
