[  6%] [34m[1mRunning C++ protocol buffer compiler on proto/maplab-common/id.proto.[0m
[  6%] [34m[1mRunning C++ protocol buffer compiler on proto/maplab-common/eigen.proto.[0m
[35m[1mScanning dependencies of target maplab_common[0m
[ 10%] [32mBuilding CXX object CMakeFiles/maplab_common.dir/src/condition.cc.o[0m
[ 13%] [32mBuilding CXX object CMakeFiles/maplab_common.dir/src/combinatorial.cc.o[0m
[ 17%] [32mBuilding CXX object CMakeFiles/maplab_common.dir/src/delayed-notification.cc.o[0m
[ 20%] [32mBuilding CXX object CMakeFiles/maplab_common.dir/src/binary-serialization.cc.o[0m
[ 27%] [32mBuilding CXX object CMakeFiles/maplab_common.dir/src/cubic-spline.cc.o[0m
[ 27%] [32mBuilding CXX object CMakeFiles/maplab_common.dir/src/file-lock.cc.o[0m
[ 31%] [32mBuilding CXX object CMakeFiles/maplab_common.dir/src/file-logger.cc.o[0m
[ 34%] [32mBuilding CXX object CMakeFiles/maplab_common.dir/src/file-system-tools.cc.o[0m
[ 37%] [32mBuilding CXX object CMakeFiles/maplab_common.dir/src/feature-descriptor-ref.cc.o[0m
[ 41%] [32mBuilding CXX object CMakeFiles/maplab_common.dir/src/breakpoints.cc.o[0m
[ 44%] [32mBuilding CXX object CMakeFiles/maplab_common.dir/src/global-coordinate-tools.cc.o[0m
[ 48%] [32mBuilding CXX object CMakeFiles/maplab_common.dir/src/geometry.cc.o[0m
[ 51%] [32mBuilding CXX object CMakeFiles/maplab_common.dir/src/gnuplot-interface.cc.o[0m
[ 55%] [32mBuilding CXX object CMakeFiles/maplab_common.dir/src/gravity-provider.cc.o[0m
[ 58%] [32mBuilding CXX object CMakeFiles/maplab_common.dir/src/histograms.cc.o[0m
[ 62%] [32mBuilding CXX object CMakeFiles/maplab_common.dir/src/multi-threaded-progress-bar.cc.o[0m
[ 65%] [32mBuilding CXX object CMakeFiles/maplab_common.dir/src/progress-bar.cc.o[0m
[ 68%] [32mBuilding CXX object CMakeFiles/maplab_common.dir/src/shared-gflags.cc.o[0m
[ 72%] [32mBuilding CXX object CMakeFiles/maplab_common.dir/src/proto-serialization-helper.cc.o[0m
[ 75%] [32mBuilding CXX object CMakeFiles/maplab_common.dir/src/sigint-breaker.cc.o[0m
[ 79%] [32mBuilding CXX object CMakeFiles/maplab_common.dir/src/stringprintf.cc.o[0m
[ 82%] [32mBuilding CXX object CMakeFiles/maplab_common.dir/src/threading-helpers.cc.o[0m
[ 86%] [32mBuilding CXX object CMakeFiles/maplab_common.dir/src/tridiagonal-matrix.cc.o[0m
[ 89%] [32mBuilding CXX object CMakeFiles/maplab_common.dir/src/unique-id.cc.o[0m
[01m[K/home/mataiyuan/ASD-SLAM/src/maplab-common/src/stringprintf.cc:[m[K In function ‘[01m[Kvoid common::StringAppendV(std::__cxx11::string*, const char*, __va_list_tag*)[m[K’:
[01m[K/home/mataiyuan/ASD-SLAM/src/maplab-common/src/stringprintf.cc:55:14:[m[K [01;35m[Kwarning: [m[Kcomparison between signed and unsigned integer expressions [-Wsign-compare]
   if (result < sizeof(space)) {
[01;32m[K              ^[m[K
[ 89%] [34m[1mRunning C++ protocol buffer compiler on proto/maplab-common/eigen.proto.[0m
[ 89%] [34m[1mRunning C++ protocol buffer compiler on proto/maplab-common/id.proto.[0m
[ 93%] [32mBuilding CXX object CMakeFiles/maplab_common.dir/compiled_proto/maplab-common/eigen.pb.cc.o[0m
[ 96%] [32mBuilding CXX object CMakeFiles/maplab_common.dir/compiled_proto/maplab-common/id.pb.cc.o[0m
In file included from [01m[K/home/mataiyuan/ASD-SLAM/src/maplab-common/include/maplab-common/id.pb.h:27:0[m[K,
                 from [01m[K/home/mataiyuan/ASD-SLAM/src/maplab-common/include/maplab-common/internal/unique-id.h:7[m[K,
                 from [01m[K/home/mataiyuan/ASD-SLAM/src/maplab-common/src/unique-id.cc:1[m[K:
[01m[K/home/mataiyuan/ASD-SLAM/devel/.private/protobuf_catkin/include/google/protobuf/inlined_string_field.h:64:64:[m[K [01;35m[Kwarning: [m[Kunused parameter ‘[01m[Karena[m[K’ [-Wunused-parameter]
   void ClearToEmpty(const ::std::string* default_value, Arena* arena)
[01;32m[K                                                                ^[m[K
[01m[K/home/mataiyuan/ASD-SLAM/devel/.private/protobuf_catkin/include/google/protobuf/inlined_string_field.h:71:49:[m[K [01;35m[Kwarning: [m[Kunused parameter ‘[01m[Kdefault_value[m[K’ [-Wunused-parameter]
   void ClearToEmptyNoArena(const ::std::string* default_value)
[01;32m[K                                                 ^[m[K
[01m[K/home/mataiyuan/ASD-SLAM/devel/.private/protobuf_catkin/include/google/protobuf/inlined_string_field.h:78:66:[m[K [01;35m[Kwarning: [m[Kunused parameter ‘[01m[Karena[m[K’ [-Wunused-parameter]
   void ClearToDefault(const ::std::string* default_value, Arena* arena)
[01;32m[K                                                                  ^[m[K
[01m[K/home/mataiyuan/ASD-SLAM/devel/.private/protobuf_catkin/include/google/protobuf/inlined_string_field.h:85:59:[m[K [01;35m[Kwarning: [m[Kunused parameter ‘[01m[Karena[m[K’ [-Wunused-parameter]
   void Destroy(const ::std::string* default_value, Arena* arena)
[01;32m[K                                                           ^[m[K
[01m[K/home/mataiyuan/ASD-SLAM/devel/.private/protobuf_catkin/include/google/protobuf/inlined_string_field.h:97:69:[m[K [01;35m[Kwarning: [m[Kunused parameter ‘[01m[Karena[m[K’ [-Wunused-parameter]
   ::std::string* Mutable(const ::std::string* default_value, Arena* arena)
[01;32m[K                                                                     ^[m[K
[01m[K/home/mataiyuan/ASD-SLAM/devel/.private/protobuf_catkin/include/google/protobuf/inlined_string_field.h:104:69:[m[K [01;35m[Kwarning: [m[Kunused parameter ‘[01m[Karena[m[K’ [-Wunused-parameter]
   ::std::string* Release(const ::std::string* default_value, Arena* arena) {
[01;32m[K                                                                     ^[m[K
[01m[K/home/mataiyuan/ASD-SLAM/devel/.private/protobuf_catkin/include/google/protobuf/inlined_string_field.h:107:79:[m[K [01;35m[Kwarning: [m[Kunused parameter ‘[01m[Karena[m[K’ [-Wunused-parameter]
   ::std::string* ReleaseNonDefault(const ::std::string* default_value, Arena* arena) {
[01;32m[K                                                                               ^[m[K
[01m[K/home/mataiyuan/ASD-SLAM/devel/.private/protobuf_catkin/include/google/protobuf/inlined_string_field.h:117:19:[m[K [01;35m[Kwarning: [m[Kunused parameter ‘[01m[Karena[m[K’ [-Wunused-parameter]
            Arena* arena) GOOGLE_PROTOBUF_ATTRIBUTE_ALWAYS_INLINE {
[01;32m[K                   ^[m[K
[01m[K/home/mataiyuan/ASD-SLAM/devel/.private/protobuf_catkin/include/google/protobuf/inlined_string_field.h:122:23:[m[K [01;35m[Kwarning: [m[Kunused parameter ‘[01m[Karena[m[K’ [-Wunused-parameter]
                Arena* arena) GOOGLE_PROTOBUF_ATTRIBUTE_ALWAYS_INLINE {
[01;32m[K                       ^[m[K
[01m[K/home/mataiyuan/ASD-SLAM/devel/.private/protobuf_catkin/include/google/protobuf/inlined_string_field.h:130:19:[m[K [01;35m[Kwarning: [m[Kunused parameter ‘[01m[Karena[m[K’ [-Wunused-parameter]
            Arena* arena) GOOGLE_PROTOBUF_ATTRIBUTE_ALWAYS_INLINE {
[01;32m[K                   ^[m[K
[01m[K/home/mataiyuan/ASD-SLAM/devel/.private/protobuf_catkin/include/google/protobuf/inlined_string_field.h:135:23:[m[K [01;35m[Kwarning: [m[Kunused parameter ‘[01m[Karena[m[K’ [-Wunused-parameter]
                Arena* arena) GOOGLE_PROTOBUF_ATTRIBUTE_ALWAYS_INLINE {
[01;32m[K                       ^[m[K
[01m[K/home/mataiyuan/ASD-SLAM/devel/.private/protobuf_catkin/include/google/protobuf/inlined_string_field.h:149:28:[m[K [01;35m[Kwarning: [m[Kunused parameter ‘[01m[Karena[m[K’ [-Wunused-parameter]
                     Arena* arena) {
[01;32m[K                            ^[m[K
[01m[K/home/mataiyuan/ASD-SLAM/devel/.private/protobuf_catkin/include/google/protobuf/inlined_string_field.h:162:39:[m[K [01;35m[Kwarning: [m[Kunused parameter ‘[01m[Kdefault_value[m[K’ [-Wunused-parameter]
   bool IsDefault(const ::std::string* default_value) {
[01;32m[K                                       ^[m[K
[01m[K/home/mataiyuan/ASD-SLAM/devel/.private/protobuf_catkin/include/google/protobuf/inlined_string_field.h:175:26:[m[K [01;35m[Kwarning: [m[Kunused parameter ‘[01m[Kdefault_value[m[K’ [-Wunused-parameter]
     const ::std::string* default_value, const InlinedStringField& from) {
[01;32m[K                          ^[m[K
[01m[K/home/mataiyuan/ASD-SLAM/devel/.private/protobuf_catkin/include/google/protobuf/inlined_string_field.h:224:26:[m[K [01;35m[Kwarning: [m[Kunused parameter ‘[01m[Kdefault_value[m[K’ [-Wunused-parameter]
     const ::std::string* default_value, StringPiece value) {
[01;32m[K                          ^[m[K
[01m[K/home/mataiyuan/ASD-SLAM/devel/.private/protobuf_catkin/include/google/protobuf/inlined_string_field.h:229:26:[m[K [01;35m[Kwarning: [m[Kunused parameter ‘[01m[Kdefault_value[m[K’ [-Wunused-parameter]
     const ::std::string* default_value, const ::std::string& value) {
[01;32m[K                          ^[m[K
[01m[K/home/mataiyuan/ASD-SLAM/devel/.private/protobuf_catkin/include/google/protobuf/inlined_string_field.h:235:26:[m[K [01;35m[Kwarning: [m[Kunused parameter ‘[01m[Kdefault_value[m[K’ [-Wunused-parameter]
     const ::std::string* default_value, ::std::string&& value) {
[01;32m[K                          ^[m[K
[01m[K/home/mataiyuan/ASD-SLAM/devel/.private/protobuf_catkin/include/google/protobuf/inlined_string_field.h:254:48:[m[K [01;35m[Kwarning: [m[Kunused parameter ‘[01m[Karena[m[K’ [-Wunused-parameter]
     const ::std::string* default_value, Arena* arena) {
[01;32m[K                                                ^[m[K
[01m[K/home/mataiyuan/ASD-SLAM/devel/.private/protobuf_catkin/include/google/protobuf/inlined_string_field.h:259:70:[m[K [01;35m[Kwarning: [m[Kunused parameter ‘[01m[Karena[m[K’ [-Wunused-parameter]
     const ::std::string* default_value, ::std::string* value, Arena* arena) {
[01;32m[K                                                                      ^[m[K
In file included from [01m[K/home/mataiyuan/ASD-SLAM/src/maplab-common/include/maplab-common/eigen.pb.h:27:0[m[K,
                 from [01m[K/home/mataiyuan/ASD-SLAM/build/maplab_common/compiled_proto/maplab-common/eigen.pb.cc:4[m[K:
[01m[K/home/mataiyuan/ASD-SLAM/devel/.private/protobuf_catkin/include/google/protobuf/inlined_string_field.h:64:64:[m[K [01;35m[Kwarning: [m[Kunused parameter ‘[01m[Karena[m[K’ [-Wunused-parameter]
   void ClearToEmpty(const ::std::string* default_value, Arena* arena)
[01;32m[K                                                                ^[m[K
[01m[K/home/mataiyuan/ASD-SLAM/devel/.private/protobuf_catkin/include/google/protobuf/inlined_string_field.h:71:49:[m[K [01;35m[Kwarning: [m[Kunused parameter ‘[01m[Kdefault_value[m[K’ [-Wunused-parameter]
   void ClearToEmptyNoArena(const ::std::string* default_value)
[01;32m[K                                                 ^[m[K
[01m[K/home/mataiyuan/ASD-SLAM/devel/.private/protobuf_catkin/include/google/protobuf/inlined_string_field.h:78:66:[m[K [01;35m[Kwarning: [m[Kunused parameter ‘[01m[Karena[m[K’ [-Wunused-parameter]
   void ClearToDefault(const ::std::string* default_value, Arena* arena)
[01;32m[K                                                                  ^[m[K
[01m[K/home/mataiyuan/ASD-SLAM/devel/.private/protobuf_catkin/include/google/protobuf/inlined_string_field.h:85:59:[m[K [01;35m[Kwarning: [m[Kunused parameter ‘[01m[Karena[m[K’ [-Wunused-parameter]
   void Destroy(const ::std::string* default_value, Arena* arena)
[01;32m[K                                                           ^[m[K
[01m[K/home/mataiyuan/ASD-SLAM/devel/.private/protobuf_catkin/include/google/protobuf/inlined_string_field.h:97:69:[m[K [01;35m[Kwarning: [m[Kunused parameter ‘[01m[Karena[m[K’ [-Wunused-parameter]
   ::std::string* Mutable(const ::std::string* default_value, Arena* arena)
[01;32m[K                                                                     ^[m[K
[01m[K/home/mataiyuan/ASD-SLAM/devel/.private/protobuf_catkin/include/google/protobuf/inlined_string_field.h:104:69:[m[K [01;35m[Kwarning: [m[Kunused parameter ‘[01m[Karena[m[K’ [-Wunused-parameter]
   ::std::string* Release(const ::std::string* default_value, Arena* arena) {
[01;32m[K                                                                     ^[m[K
[01m[K/home/mataiyuan/ASD-SLAM/devel/.private/protobuf_catkin/include/google/protobuf/inlined_string_field.h:107:79:[m[K [01;35m[Kwarning: [m[Kunused parameter ‘[01m[Karena[m[K’ [-Wunused-parameter]
   ::std::string* ReleaseNonDefault(const ::std::string* default_value, Arena* arena) {
[01;32m[K                                                                               ^[m[K
[01m[K/home/mataiyuan/ASD-SLAM/devel/.private/protobuf_catkin/include/google/protobuf/inlined_string_field.h:117:19:[m[K [01;35m[Kwarning: [m[Kunused parameter ‘[01m[Karena[m[K’ [-Wunused-parameter]
            Arena* arena) GOOGLE_PROTOBUF_ATTRIBUTE_ALWAYS_INLINE {
[01;32m[K                   ^[m[K
[01m[K/home/mataiyuan/ASD-SLAM/devel/.private/protobuf_catkin/include/google/protobuf/inlined_string_field.h:122:23:[m[K [01;35m[Kwarning: [m[Kunused parameter ‘[01m[Karena[m[K’ [-Wunused-parameter]
                Arena* arena) GOOGLE_PROTOBUF_ATTRIBUTE_ALWAYS_INLINE {
[01;32m[K                       ^[m[K
[01m[K/home/mataiyuan/ASD-SLAM/devel/.private/protobuf_catkin/include/google/protobuf/inlined_string_field.h:130:19:[m[K [01;35m[Kwarning: [m[Kunused parameter ‘[01m[Karena[m[K’ [-Wunused-parameter]
            Arena* arena) GOOGLE_PROTOBUF_ATTRIBUTE_ALWAYS_INLINE {
[01;32m[K                   ^[m[K
[01m[K/home/mataiyuan/ASD-SLAM/devel/.private/protobuf_catkin/include/google/protobuf/inlined_string_field.h:135:23:[m[K [01;35m[Kwarning: [m[Kunused parameter ‘[01m[Karena[m[K’ [-Wunused-parameter]
                Arena* arena) GOOGLE_PROTOBUF_ATTRIBUTE_ALWAYS_INLINE {
[01;32m[K                       ^[m[K
[01m[K/home/mataiyuan/ASD-SLAM/devel/.private/protobuf_catkin/include/google/protobuf/inlined_string_field.h:149:28:[m[K [01;35m[Kwarning: [m[Kunused parameter ‘[01m[Karena[m[K’ [-Wunused-parameter]
                     Arena* arena) {
[01;32m[K                            ^[m[K
[01m[K/home/mataiyuan/ASD-SLAM/devel/.private/protobuf_catkin/include/google/protobuf/inlined_string_field.h:162:39:[m[K [01;35m[Kwarning: [m[Kunused parameter ‘[01m[Kdefault_value[m[K’ [-Wunused-parameter]
   bool IsDefault(const ::std::string* default_value) {
[01;32m[K                                       ^[m[K
[01m[K/home/mataiyuan/ASD-SLAM/devel/.private/protobuf_catkin/include/google/protobuf/inlined_string_field.h:175:26:[m[K [01;35m[Kwarning: [m[Kunused parameter ‘[01m[Kdefault_value[m[K’ [-Wunused-parameter]
     const ::std::string* default_value, const InlinedStringField& from) {
[01;32m[K                          ^[m[K
[01m[K/home/mataiyuan/ASD-SLAM/devel/.private/protobuf_catkin/include/google/protobuf/inlined_string_field.h:224:26:[m[K [01;35m[Kwarning: [m[Kunused parameter ‘[01m[Kdefault_value[m[K’ [-Wunused-parameter]
     const ::std::string* default_value, StringPiece value) {
[01;32m[K                          ^[m[K
[01m[K/home/mataiyuan/ASD-SLAM/devel/.private/protobuf_catkin/include/google/protobuf/inlined_string_field.h:229:26:[m[K [01;35m[Kwarning: [m[Kunused parameter ‘[01m[Kdefault_value[m[K’ [-Wunused-parameter]
     const ::std::string* default_value, const ::std::string& value) {
[01;32m[K                          ^[m[K
[01m[K/home/mataiyuan/ASD-SLAM/devel/.private/protobuf_catkin/include/google/protobuf/inlined_string_field.h:235:26:[m[K [01;35m[Kwarning: [m[Kunused parameter ‘[01m[Kdefault_value[m[K’ [-Wunused-parameter]
     const ::std::string* default_value, ::std::string&& value) {
[01;32m[K                          ^[m[K
[01m[K/home/mataiyuan/ASD-SLAM/devel/.private/protobuf_catkin/include/google/protobuf/inlined_string_field.h:254:48:[m[K [01;35m[Kwarning: [m[Kunused parameter ‘[01m[Karena[m[K’ [-Wunused-parameter]
     const ::std::string* default_value, Arena* arena) {
[01;32m[K                                                ^[m[K
[01m[K/home/mataiyuan/ASD-SLAM/devel/.private/protobuf_catkin/include/google/protobuf/inlined_string_field.h:259:70:[m[K [01;35m[Kwarning: [m[Kunused parameter ‘[01m[Karena[m[K’ [-Wunused-parameter]
     const ::std::string* default_value, ::std::string* value, Arena* arena) {
[01;32m[K                                                                      ^[m[K
In file included from [01m[K/home/mataiyuan/ASD-SLAM/src/maplab-common/include/maplab-common/id.pb.h:27:0[m[K,
                 from [01m[K/home/mataiyuan/ASD-SLAM/build/maplab_common/compiled_proto/maplab-common/id.pb.cc:4[m[K:
[01m[K/home/mataiyuan/ASD-SLAM/devel/.private/protobuf_catkin/include/google/protobuf/inlined_string_field.h:64:64:[m[K [01;35m[Kwarning: [m[Kunused parameter ‘[01m[Karena[m[K’ [-Wunused-parameter]
   void ClearToEmpty(const ::std::string* default_value, Arena* arena)
[01;32m[K                                                                ^[m[K
[01m[K/home/mataiyuan/ASD-SLAM/devel/.private/protobuf_catkin/include/google/protobuf/inlined_string_field.h:71:49:[m[K [01;35m[Kwarning: [m[Kunused parameter ‘[01m[Kdefault_value[m[K’ [-Wunused-parameter]
   void ClearToEmptyNoArena(const ::std::string* default_value)
[01;32m[K                                                 ^[m[K
[01m[K/home/mataiyuan/ASD-SLAM/devel/.private/protobuf_catkin/include/google/protobuf/inlined_string_field.h:78:66:[m[K [01;35m[Kwarning: [m[Kunused parameter ‘[01m[Karena[m[K’ [-Wunused-parameter]
   void ClearToDefault(const ::std::string* default_value, Arena* arena)
[01;32m[K                                                                  ^[m[K
[01m[K/home/mataiyuan/ASD-SLAM/devel/.private/protobuf_catkin/include/google/protobuf/inlined_string_field.h:85:59:[m[K [01;35m[Kwarning: [m[Kunused parameter ‘[01m[Karena[m[K’ [-Wunused-parameter]
   void Destroy(const ::std::string* default_value, Arena* arena)
[01;32m[K                                                           ^[m[K
[01m[K/home/mataiyuan/ASD-SLAM/devel/.private/protobuf_catkin/include/google/protobuf/inlined_string_field.h:97:69:[m[K [01;35m[Kwarning: [m[Kunused parameter ‘[01m[Karena[m[K’ [-Wunused-parameter]
   ::std::string* Mutable(const ::std::string* default_value, Arena* arena)
[01;32m[K                                                                     ^[m[K
[01m[K/home/mataiyuan/ASD-SLAM/devel/.private/protobuf_catkin/include/google/protobuf/inlined_string_field.h:104:69:[m[K [01;35m[Kwarning: [m[Kunused parameter ‘[01m[Karena[m[K’ [-Wunused-parameter]
   ::std::string* Release(const ::std::string* default_value, Arena* arena) {
[01;32m[K                                                                     ^[m[K
[01m[K/home/mataiyuan/ASD-SLAM/devel/.private/protobuf_catkin/include/google/protobuf/inlined_string_field.h:107:79:[m[K [01;35m[Kwarning: [m[Kunused parameter ‘[01m[Karena[m[K’ [-Wunused-parameter]
   ::std::string* ReleaseNonDefault(const ::std::string* default_value, Arena* arena) {
[01;32m[K                                                                               ^[m[K
[01m[K/home/mataiyuan/ASD-SLAM/devel/.private/protobuf_catkin/include/google/protobuf/inlined_string_field.h:117:19:[m[K [01;35m[Kwarning: [m[Kunused parameter ‘[01m[Karena[m[K’ [-Wunused-parameter]
            Arena* arena) GOOGLE_PROTOBUF_ATTRIBUTE_ALWAYS_INLINE {
[01;32m[K                   ^[m[K
[01m[K/home/mataiyuan/ASD-SLAM/devel/.private/protobuf_catkin/include/google/protobuf/inlined_string_field.h:122:23:[m[K [01;35m[Kwarning: [m[Kunused parameter ‘[01m[Karena[m[K’ [-Wunused-parameter]
                Arena* arena) GOOGLE_PROTOBUF_ATTRIBUTE_ALWAYS_INLINE {
[01;32m[K                       ^[m[K
[01m[K/home/mataiyuan/ASD-SLAM/devel/.private/protobuf_catkin/include/google/protobuf/inlined_string_field.h:130:19:[m[K [01;35m[Kwarning: [m[Kunused parameter ‘[01m[Karena[m[K’ [-Wunused-parameter]
            Arena* arena) GOOGLE_PROTOBUF_ATTRIBUTE_ALWAYS_INLINE {
[01;32m[K                   ^[m[K
[01m[K/home/mataiyuan/ASD-SLAM/devel/.private/protobuf_catkin/include/google/protobuf/inlined_string_field.h:135:23:[m[K [01;35m[Kwarning: [m[Kunused parameter ‘[01m[Karena[m[K’ [-Wunused-parameter]
                Arena* arena) GOOGLE_PROTOBUF_ATTRIBUTE_ALWAYS_INLINE {
[01;32m[K                       ^[m[K
[01m[K/home/mataiyuan/ASD-SLAM/devel/.private/protobuf_catkin/include/google/protobuf/inlined_string_field.h:149:28:[m[K [01;35m[Kwarning: [m[Kunused parameter ‘[01m[Karena[m[K’ [-Wunused-parameter]
                     Arena* arena) {
[01;32m[K                            ^[m[K
[01m[K/home/mataiyuan/ASD-SLAM/devel/.private/protobuf_catkin/include/google/protobuf/inlined_string_field.h:162:39:[m[K [01;35m[Kwarning: [m[Kunused parameter ‘[01m[Kdefault_value[m[K’ [-Wunused-parameter]
   bool IsDefault(const ::std::string* default_value) {
[01;32m[K                                       ^[m[K
[01m[K/home/mataiyuan/ASD-SLAM/devel/.private/protobuf_catkin/include/google/protobuf/inlined_string_field.h:175:26:[m[K [01;35m[Kwarning: [m[Kunused parameter ‘[01m[Kdefault_value[m[K’ [-Wunused-parameter]
     const ::std::string* default_value, const InlinedStringField& from) {
[01;32m[K                          ^[m[K
[01m[K/home/mataiyuan/ASD-SLAM/devel/.private/protobuf_catkin/include/google/protobuf/inlined_string_field.h:224:26:[m[K [01;35m[Kwarning: [m[Kunused parameter ‘[01m[Kdefault_value[m[K’ [-Wunused-parameter]
     const ::std::string* default_value, StringPiece value) {
[01;32m[K                          ^[m[K
[01m[K/home/mataiyuan/ASD-SLAM/devel/.private/protobuf_catkin/include/google/protobuf/inlined_string_field.h:229:26:[m[K [01;35m[Kwarning: [m[Kunused parameter ‘[01m[Kdefault_value[m[K’ [-Wunused-parameter]
     const ::std::string* default_value, const ::std::string& value) {
[01;32m[K                          ^[m[K
[01m[K/home/mataiyuan/ASD-SLAM/devel/.private/protobuf_catkin/include/google/protobuf/inlined_string_field.h:235:26:[m[K [01;35m[Kwarning: [m[Kunused parameter ‘[01m[Kdefault_value[m[K’ [-Wunused-parameter]
     const ::std::string* default_value, ::std::string&& value) {
[01;32m[K                          ^[m[K
[01m[K/home/mataiyuan/ASD-SLAM/devel/.private/protobuf_catkin/include/google/protobuf/inlined_string_field.h:254:48:[m[K [01;35m[Kwarning: [m[Kunused parameter ‘[01m[Karena[m[K’ [-Wunused-parameter]
     const ::std::string* default_value, Arena* arena) {
[01;32m[K                                                ^[m[K
[01m[K/home/mataiyuan/ASD-SLAM/devel/.private/protobuf_catkin/include/google/protobuf/inlined_string_field.h:259:70:[m[K [01;35m[Kwarning: [m[Kunused parameter ‘[01m[Karena[m[K’ [-Wunused-parameter]
     const ::std::string* default_value, ::std::string* value, Arena* arena) {
[01;32m[K                                                                      ^[m[K
[100%] [32m[1mLinking CXX shared library /home/mataiyuan/ASD-SLAM/devel/.private/maplab_common/lib/libmaplab_common.so[0m
[100%] Built target maplab_common
