Linked: (/home/mataiyuan/ASD-SLAM/devel/.private/maplab_common/share/proto/maplab-common/id.proto, /home/mataiyuan/ASD-SLAM/devel/share/proto/maplab-common/id.proto)
Linked: (/home/mataiyuan/ASD-SLAM/devel/.private/maplab_common/share/proto/maplab-common/eigen.proto, /home/mataiyuan/ASD-SLAM/devel/share/proto/maplab-common/eigen.proto)
Linked: (/home/mataiyuan/ASD-SLAM/devel/.private/maplab_common/share/maplab_common/cmake/maplab_commonConfig.cmake, /home/mataiyuan/ASD-SLAM/devel/share/maplab_common/cmake/maplab_commonConfig.cmake)
Linked: (/home/mataiyuan/ASD-SLAM/devel/.private/maplab_common/share/maplab_common/cmake/maplab_commonConfig-version.cmake, /home/mataiyuan/ASD-SLAM/devel/share/maplab_common/cmake/maplab_commonConfig-version.cmake)
Linked: (/home/mataiyuan/ASD-SLAM/devel/.private/maplab_common/share/maplab_common/cmake/maplab_common-extras.cmake, /home/mataiyuan/ASD-SLAM/devel/share/maplab_common/cmake/maplab_common-extras.cmake)
Linked: (/home/mataiyuan/ASD-SLAM/devel/.private/maplab_common/include/maplab-common/traits.h, /home/mataiyuan/ASD-SLAM/devel/include/maplab-common/traits.h)
Linked: (/home/mataiyuan/ASD-SLAM/devel/.private/maplab_common/include/maplab-common/stupid-warnings-reenable.h, /home/mataiyuan/ASD-SLAM/devel/include/maplab-common/stupid-warnings-reenable.h)
Linked: (/home/mataiyuan/ASD-SLAM/devel/.private/maplab_common/include/maplab-common/accessors.h, /home/mataiyuan/ASD-SLAM/devel/include/maplab-common/accessors.h)
Linked: (/home/mataiyuan/ASD-SLAM/devel/.private/maplab_common/include/maplab-common/map-traits.h, /home/mataiyuan/ASD-SLAM/devel/include/maplab-common/map-traits.h)
Linked: (/home/mataiyuan/ASD-SLAM/devel/.private/maplab_common/include/maplab-common/parallel-process.h, /home/mataiyuan/ASD-SLAM/devel/include/maplab-common/parallel-process.h)
Linked: (/home/mataiyuan/ASD-SLAM/devel/.private/maplab_common/include/maplab-common/yaml-file-serializable.h, /home/mataiyuan/ASD-SLAM/devel/include/maplab-common/yaml-file-serializable.h)
Linked: (/home/mataiyuan/ASD-SLAM/devel/.private/maplab_common/include/maplab-common/file-logger-inl.h, /home/mataiyuan/ASD-SLAM/devel/include/maplab-common/file-logger-inl.h)
Linked: (/home/mataiyuan/ASD-SLAM/devel/.private/maplab_common/include/maplab-common/eigen-yaml-serialization.h, /home/mataiyuan/ASD-SLAM/devel/include/maplab-common/eigen-yaml-serialization.h)
Linked: (/home/mataiyuan/ASD-SLAM/devel/.private/maplab_common/include/maplab-common/ui-utility.h, /home/mataiyuan/ASD-SLAM/devel/include/maplab-common/ui-utility.h)
Linked: (/home/mataiyuan/ASD-SLAM/devel/.private/maplab_common/include/maplab-common/conversions.h, /home/mataiyuan/ASD-SLAM/devel/include/maplab-common/conversions.h)
Linked: (/home/mataiyuan/ASD-SLAM/devel/.private/maplab_common/include/maplab-common/gnuplot-interface.h, /home/mataiyuan/ASD-SLAM/devel/include/maplab-common/gnuplot-interface.h)
Linked: (/home/mataiyuan/ASD-SLAM/devel/.private/maplab_common/include/maplab-common/readable-serialization.h, /home/mataiyuan/ASD-SLAM/devel/include/maplab-common/readable-serialization.h)
Linked: (/home/mataiyuan/ASD-SLAM/devel/.private/maplab_common/include/maplab-common/proto-helpers.h, /home/mataiyuan/ASD-SLAM/devel/include/maplab-common/proto-helpers.h)
Linked: (/home/mataiyuan/ASD-SLAM/devel/.private/maplab_common/include/maplab-common/vector-window-operations.h, /home/mataiyuan/ASD-SLAM/devel/include/maplab-common/vector-window-operations.h)
Linked: (/home/mataiyuan/ASD-SLAM/devel/.private/maplab_common/include/maplab-common/condition.h, /home/mataiyuan/ASD-SLAM/devel/include/maplab-common/condition.h)
Linked: (/home/mataiyuan/ASD-SLAM/devel/.private/maplab_common/include/maplab-common/macros.h, /home/mataiyuan/ASD-SLAM/devel/include/maplab-common/macros.h)
Linked: (/home/mataiyuan/ASD-SLAM/devel/.private/maplab_common/include/maplab-common/temporal-buffer-inl.h, /home/mataiyuan/ASD-SLAM/devel/include/maplab-common/temporal-buffer-inl.h)
Linked: (/home/mataiyuan/ASD-SLAM/devel/.private/maplab_common/include/maplab-common/backtrace.h, /home/mataiyuan/ASD-SLAM/devel/include/maplab-common/backtrace.h)
Linked: (/home/mataiyuan/ASD-SLAM/devel/.private/maplab_common/include/maplab-common/cubic-spline.h, /home/mataiyuan/ASD-SLAM/devel/include/maplab-common/cubic-spline.h)
Linked: (/home/mataiyuan/ASD-SLAM/devel/.private/maplab_common/include/maplab-common/map-manager-config.h, /home/mataiyuan/ASD-SLAM/devel/include/maplab-common/map-manager-config.h)
Linked: (/home/mataiyuan/ASD-SLAM/devel/.private/maplab_common/include/maplab-common/combinatorial.h, /home/mataiyuan/ASD-SLAM/devel/include/maplab-common/combinatorial.h)
Linked: (/home/mataiyuan/ASD-SLAM/devel/.private/maplab_common/include/maplab-common/monitor.h, /home/mataiyuan/ASD-SLAM/devel/include/maplab-common/monitor.h)
Linked: (/home/mataiyuan/ASD-SLAM/devel/.private/maplab_common/include/maplab-common/histograms.h, /home/mataiyuan/ASD-SLAM/devel/include/maplab-common/histograms.h)
Linked: (/home/mataiyuan/ASD-SLAM/devel/.private/maplab_common/include/maplab-common/network-common.h, /home/mataiyuan/ASD-SLAM/devel/include/maplab-common/network-common.h)
Linked: (/home/mataiyuan/ASD-SLAM/devel/.private/maplab_common/include/maplab-common/threadsafe-queue.h, /home/mataiyuan/ASD-SLAM/devel/include/maplab-common/threadsafe-queue.h)
Linked: (/home/mataiyuan/ASD-SLAM/devel/.private/maplab_common/include/maplab-common/file-system-tools.h, /home/mataiyuan/ASD-SLAM/devel/include/maplab-common/file-system-tools.h)
Linked: (/home/mataiyuan/ASD-SLAM/devel/.private/maplab_common/include/maplab-common/string-tools.h, /home/mataiyuan/ASD-SLAM/devel/include/maplab-common/string-tools.h)
Linked: (/home/mataiyuan/ASD-SLAM/devel/.private/maplab_common/include/maplab-common/threaded-task-queue-processor.h, /home/mataiyuan/ASD-SLAM/devel/include/maplab-common/threaded-task-queue-processor.h)
Linked: (/home/mataiyuan/ASD-SLAM/devel/.private/maplab_common/include/maplab-common/hysteresis.h, /home/mataiyuan/ASD-SLAM/devel/include/maplab-common/hysteresis.h)
Linked: (/home/mataiyuan/ASD-SLAM/devel/.private/maplab_common/include/maplab-common/geometry.h, /home/mataiyuan/ASD-SLAM/devel/include/maplab-common/geometry.h)
Linked: (/home/mataiyuan/ASD-SLAM/devel/.private/maplab_common/include/maplab-common/tridiagonal-matrix.h, /home/mataiyuan/ASD-SLAM/devel/include/maplab-common/tridiagonal-matrix.h)
Linked: (/home/mataiyuan/ASD-SLAM/devel/.private/maplab_common/include/maplab-common/quaternion-math.h, /home/mataiyuan/ASD-SLAM/devel/include/maplab-common/quaternion-math.h)
Linked: (/home/mataiyuan/ASD-SLAM/devel/.private/maplab_common/include/maplab-common/glog-helpers.h, /home/mataiyuan/ASD-SLAM/devel/include/maplab-common/glog-helpers.h)
Linked: (/home/mataiyuan/ASD-SLAM/devel/.private/maplab_common/include/maplab-common/file-serializable.h, /home/mataiyuan/ASD-SLAM/devel/include/maplab-common/file-serializable.h)
Linked: (/home/mataiyuan/ASD-SLAM/devel/.private/maplab_common/include/maplab-common/progress-bar.h, /home/mataiyuan/ASD-SLAM/devel/include/maplab-common/progress-bar.h)
Linked: (/home/mataiyuan/ASD-SLAM/devel/.private/maplab_common/include/maplab-common/gnuplot-interface-inl.h, /home/mataiyuan/ASD-SLAM/devel/include/maplab-common/gnuplot-interface-inl.h)
Linked: (/home/mataiyuan/ASD-SLAM/devel/.private/maplab_common/include/maplab-common/yaml-serialization.h, /home/mataiyuan/ASD-SLAM/devel/include/maplab-common/yaml-serialization.h)
Linked: (/home/mataiyuan/ASD-SLAM/devel/.private/maplab_common/include/maplab-common/pose_types.h, /home/mataiyuan/ASD-SLAM/devel/include/maplab-common/pose_types.h)
Linked: (/home/mataiyuan/ASD-SLAM/devel/.private/maplab_common/include/maplab-common/constants.h, /home/mataiyuan/ASD-SLAM/devel/include/maplab-common/constants.h)
Linked: (/home/mataiyuan/ASD-SLAM/devel/.private/maplab_common/include/maplab-common/python-interface.h, /home/mataiyuan/ASD-SLAM/devel/include/maplab-common/python-interface.h)
Linked: (/home/mataiyuan/ASD-SLAM/devel/.private/maplab_common/include/maplab-common/kruskal-max-span-tree.h, /home/mataiyuan/ASD-SLAM/devel/include/maplab-common/kruskal-max-span-tree.h)
Linked: (/home/mataiyuan/ASD-SLAM/devel/.private/maplab_common/include/maplab-common/capture-std-output.h, /home/mataiyuan/ASD-SLAM/devel/include/maplab-common/capture-std-output.h)
Linked: (/home/mataiyuan/ASD-SLAM/devel/.private/maplab_common/include/maplab-common/multi-threaded-progress-bar.h, /home/mataiyuan/ASD-SLAM/devel/include/maplab-common/multi-threaded-progress-bar.h)
Linked: (/home/mataiyuan/ASD-SLAM/devel/.private/maplab_common/include/maplab-common/feature-descriptor-ref.h, /home/mataiyuan/ASD-SLAM/devel/include/maplab-common/feature-descriptor-ref.h)
Linked: (/home/mataiyuan/ASD-SLAM/devel/.private/maplab_common/include/maplab-common/global-coordinate-tools.h, /home/mataiyuan/ASD-SLAM/devel/include/maplab-common/global-coordinate-tools.h)
Linked: (/home/mataiyuan/ASD-SLAM/devel/.private/maplab_common/include/maplab-common/threading-helpers.h, /home/mataiyuan/ASD-SLAM/devel/include/maplab-common/threading-helpers.h)
Linked: (/home/mataiyuan/ASD-SLAM/devel/.private/maplab_common/include/maplab-common/discrete-low-pass-filter.h, /home/mataiyuan/ASD-SLAM/devel/include/maplab-common/discrete-low-pass-filter.h)
Linked: (/home/mataiyuan/ASD-SLAM/devel/.private/maplab_common/include/maplab-common/eigen-proto.h, /home/mataiyuan/ASD-SLAM/devel/include/maplab-common/eigen-proto.h)
Linked: (/home/mataiyuan/ASD-SLAM/devel/.private/maplab_common/include/maplab-common/proto-serialization-helper.h, /home/mataiyuan/ASD-SLAM/devel/include/maplab-common/proto-serialization-helper.h)
Linked: (/home/mataiyuan/ASD-SLAM/devel/.private/maplab_common/include/maplab-common/delayed-notification.h, /home/mataiyuan/ASD-SLAM/devel/include/maplab-common/delayed-notification.h)
Linked: (/home/mataiyuan/ASD-SLAM/devel/.private/maplab_common/include/maplab-common/sigint-breaker.h, /home/mataiyuan/ASD-SLAM/devel/include/maplab-common/sigint-breaker.h)
Linked: (/home/mataiyuan/ASD-SLAM/devel/.private/maplab_common/include/maplab-common/stupid-warnings-disable.h, /home/mataiyuan/ASD-SLAM/devel/include/maplab-common/stupid-warnings-disable.h)
Linked: (/home/mataiyuan/ASD-SLAM/devel/.private/maplab_common/include/maplab-common/breakpoints.h, /home/mataiyuan/ASD-SLAM/devel/include/maplab-common/breakpoints.h)
Linked: (/home/mataiyuan/ASD-SLAM/devel/.private/maplab_common/include/maplab-common/interpolation-helpers.h, /home/mataiyuan/ASD-SLAM/devel/include/maplab-common/interpolation-helpers.h)
Linked: (/home/mataiyuan/ASD-SLAM/devel/.private/maplab_common/include/maplab-common/id.pb.h, /home/mataiyuan/ASD-SLAM/devel/include/maplab-common/id.pb.h)
Linked: (/home/mataiyuan/ASD-SLAM/devel/.private/maplab_common/include/maplab-common/gravity-provider.h, /home/mataiyuan/ASD-SLAM/devel/include/maplab-common/gravity-provider.h)
Linked: (/home/mataiyuan/ASD-SLAM/devel/.private/maplab_common/include/maplab-common/binary-serialization.h, /home/mataiyuan/ASD-SLAM/devel/include/maplab-common/binary-serialization.h)
Linked: (/home/mataiyuan/ASD-SLAM/devel/.private/maplab_common/include/maplab-common/file-lock.h, /home/mataiyuan/ASD-SLAM/devel/include/maplab-common/file-lock.h)
Linked: (/home/mataiyuan/ASD-SLAM/devel/.private/maplab_common/include/maplab-common/file-logger.h, /home/mataiyuan/ASD-SLAM/devel/include/maplab-common/file-logger.h)
Linked: (/home/mataiyuan/ASD-SLAM/devel/.private/maplab_common/include/maplab-common/ordered-monitors.h, /home/mataiyuan/ASD-SLAM/devel/include/maplab-common/ordered-monitors.h)
Linked: (/home/mataiyuan/ASD-SLAM/devel/.private/maplab_common/include/maplab-common/timeout-counter.h, /home/mataiyuan/ASD-SLAM/devel/include/maplab-common/timeout-counter.h)
Linked: (/home/mataiyuan/ASD-SLAM/devel/.private/maplab_common/include/maplab-common/text-formatting.h, /home/mataiyuan/ASD-SLAM/devel/include/maplab-common/text-formatting.h)
Linked: (/home/mataiyuan/ASD-SLAM/devel/.private/maplab_common/include/maplab-common/aslam-id-proto.h, /home/mataiyuan/ASD-SLAM/devel/include/maplab-common/aslam-id-proto.h)
Linked: (/home/mataiyuan/ASD-SLAM/devel/.private/maplab_common/include/maplab-common/histograms-inl.h, /home/mataiyuan/ASD-SLAM/devel/include/maplab-common/histograms-inl.h)
Linked: (/home/mataiyuan/ASD-SLAM/devel/.private/maplab_common/include/maplab-common/geometry-inl.h, /home/mataiyuan/ASD-SLAM/devel/include/maplab-common/geometry-inl.h)
Linked: (/home/mataiyuan/ASD-SLAM/devel/.private/maplab_common/include/maplab-common/frequency-enforcer.h, /home/mataiyuan/ASD-SLAM/devel/include/maplab-common/frequency-enforcer.h)
Linked: (/home/mataiyuan/ASD-SLAM/devel/.private/maplab_common/include/maplab-common/readable-serialization-inl.h, /home/mataiyuan/ASD-SLAM/devel/include/maplab-common/readable-serialization-inl.h)
Linked: (/home/mataiyuan/ASD-SLAM/devel/.private/maplab_common/include/maplab-common/unique-id.h, /home/mataiyuan/ASD-SLAM/devel/include/maplab-common/unique-id.h)
Linked: (/home/mataiyuan/ASD-SLAM/devel/.private/maplab_common/include/maplab-common/fixed-size-queue.h, /home/mataiyuan/ASD-SLAM/devel/include/maplab-common/fixed-size-queue.h)
Linked: (/home/mataiyuan/ASD-SLAM/devel/.private/maplab_common/include/maplab-common/stringprintf.h, /home/mataiyuan/ASD-SLAM/devel/include/maplab-common/stringprintf.h)
Linked: (/home/mataiyuan/ASD-SLAM/devel/.private/maplab_common/include/maplab-common/temporal-buffer.h, /home/mataiyuan/ASD-SLAM/devel/include/maplab-common/temporal-buffer.h)
Linked: (/home/mataiyuan/ASD-SLAM/devel/.private/maplab_common/include/maplab-common/quaternion-math-inl.h, /home/mataiyuan/ASD-SLAM/devel/include/maplab-common/quaternion-math-inl.h)
Linked: (/home/mataiyuan/ASD-SLAM/devel/.private/maplab_common/include/maplab-common/eigen-proto-inl.h, /home/mataiyuan/ASD-SLAM/devel/include/maplab-common/eigen-proto-inl.h)
Linked: (/home/mataiyuan/ASD-SLAM/devel/.private/maplab_common/include/maplab-common/eigen.pb.h, /home/mataiyuan/ASD-SLAM/devel/include/maplab-common/eigen.pb.h)
Linked: (/home/mataiyuan/ASD-SLAM/devel/.private/maplab_common/include/maplab-common/internal/discrete-low-pass-filter-inl.h, /home/mataiyuan/ASD-SLAM/devel/include/maplab-common/internal/discrete-low-pass-filter-inl.h)
Linked: (/home/mataiyuan/ASD-SLAM/devel/.private/maplab_common/include/maplab-common/internal/hysteresis-inl.h, /home/mataiyuan/ASD-SLAM/devel/include/maplab-common/internal/hysteresis-inl.h)
Linked: (/home/mataiyuan/ASD-SLAM/devel/.private/maplab_common/include/maplab-common/internal/unique-id.h, /home/mataiyuan/ASD-SLAM/devel/include/maplab-common/internal/unique-id.h)
Linked: (/home/mataiyuan/ASD-SLAM/devel/.private/maplab_common/include/maplab-common/test/serialization-macros.h, /home/mataiyuan/ASD-SLAM/devel/include/maplab-common/test/serialization-macros.h)
Linked: (/home/mataiyuan/ASD-SLAM/devel/.private/maplab_common/include/maplab-common/test/testing-entrypoint.h, /home/mataiyuan/ASD-SLAM/devel/include/maplab-common/test/testing-entrypoint.h)
Linked: (/home/mataiyuan/ASD-SLAM/devel/.private/maplab_common/include/maplab-common/test/testing-predicates.h, /home/mataiyuan/ASD-SLAM/devel/include/maplab-common/test/testing-predicates.h)
Linked: (/home/mataiyuan/ASD-SLAM/devel/.private/maplab_common/lib/libmaplab_common.so, /home/mataiyuan/ASD-SLAM/devel/lib/libmaplab_common.so)
Linked: (/home/mataiyuan/ASD-SLAM/devel/.private/maplab_common/lib/pkgconfig/maplab_common.pc, /home/mataiyuan/ASD-SLAM/devel/lib/pkgconfig/maplab_common.pc)
