[libprotobuf WARNING google/protobuf/compiler/parser.cc:562] No syntax specified for the proto file: maplab-common/id.proto. Please use 'syntax = "proto2";' or 'syntax = "proto3";' to specify a syntax version. (Defaulted to proto2 syntax.)
[libprotobuf WARNING google/protobuf/compiler/parser.cc:562] No syntax specified for the proto file: maplab-common/eigen.proto. Please use 'syntax = "proto2";' or 'syntax = "proto3";' to specify a syntax version. (Defaulted to proto2 syntax.)
[01m[K/home/mataiyuan/ASD-SLAM/build/maplab_common/compiled_proto/maplab-common/eigen.pb.cc:4:36:[m[K [01;31m[Kfatal error: [m[Kmaplab-common/eigen.pb.h: No such file or directory
compilation terminated.
make[2]: *** [CMakeFiles/maplab_common.dir/compiled_proto/maplab-common/eigen.pb.cc.o] Error 1
make[2]: *** Waiting for unfinished jobs....
In file included from [01m[K/home/mataiyuan/ASD-SLAM/src/maplab-common/include/maplab-common/internal/unique-id.h:7:0[m[K,
                 from [01m[K/home/mataiyuan/ASD-SLAM/src/maplab-common/src/unique-id.cc:1[m[K:
[01m[K/home/mataiyuan/ASD-SLAM/src/maplab-common/include/maplab-common/id.pb.h:17:2:[m[K [01;31m[Kerror: [m[K#error This file was generated by an older version of protoc which is
 #error This file was generated by an older version of protoc which is
[01;32m[K  ^[m[K
[01m[K/home/mataiyuan/ASD-SLAM/src/maplab-common/include/maplab-common/id.pb.h:18:2:[m[K [01;31m[Kerror: [m[K#error incompatible with your Protocol Buffer headers. Please
 #error incompatible with your Protocol Buffer headers.  Please
[01;32m[K  ^[m[K
[01m[K/home/mataiyuan/ASD-SLAM/src/maplab-common/include/maplab-common/id.pb.h:19:2:[m[K [01;31m[Kerror: [m[K#error regenerate this file with a newer version of protoc.
 #error regenerate this file with a newer version of protoc.
[01;32m[K  ^[m[K
In file included from [01m[K/home/mataiyuan/ASD-SLAM/build/maplab_common/compiled_proto/maplab-common/id.pb.cc:4:0[m[K:
[01m[K/home/mataiyuan/ASD-SLAM/src/maplab-common/include/maplab-common/id.pb.h:17:2:[m[K [01;31m[Kerror: [m[K#error This file was generated by an older version of protoc which is
 #error This file was generated by an older version of protoc which is
[01;32m[K  ^[m[K
[01m[K/home/mataiyuan/ASD-SLAM/src/maplab-common/include/maplab-common/id.pb.h:18:2:[m[K [01;31m[Kerror: [m[K#error incompatible with your Protocol Buffer headers. Please
 #error incompatible with your Protocol Buffer headers.  Please
[01;32m[K  ^[m[K
[01m[K/home/mataiyuan/ASD-SLAM/src/maplab-common/include/maplab-common/id.pb.h:19:2:[m[K [01;31m[Kerror: [m[K#error regenerate this file with a newer version of protoc.
 #error regenerate this file with a newer version of protoc.
[01;32m[K  ^[m[K
[01m[K/home/mataiyuan/ASD-SLAM/build/maplab_common/compiled_proto/maplab-common/id.pb.cc:[m[K In function ‘[01m[Kvoid protobuf_maplab_2dcommon_2fid_2eproto::InitDefaultsId()[m[K’:
[01m[K/home/mataiyuan/ASD-SLAM/build/maplab_common/compiled_proto/maplab-common/id.pb.cc:40:46:[m[K [01;31m[Kerror: [m[Kcannot call member function ‘[01m[Kvoid common::proto::Id::InitAsDefaultInstance()[m[K’ without object
   ::common::proto::Id::InitAsDefaultInstance();
[01;32m[K                                              ^[m[K
[01m[K/home/mataiyuan/ASD-SLAM/build/maplab_common/compiled_proto/maplab-common/id.pb.cc:[m[K At global scope:
[01m[K/home/mataiyuan/ASD-SLAM/build/maplab_common/compiled_proto/maplab-common/id.pb.cc:52:34:[m[K [01;31m[Kerror: [m[K‘[01m[KTableStruct[m[K’ has not been declared
 const ::google::protobuf::uint32 TableStruct::offsets[] GOOGLE_PROTOBUF_ATTRIBUTE_SECTION_VARIABLE(protodesc_cold) = {
[01;32m[K                                  ^[m[K
In file included from [01m[K/home/mataiyuan/ASD-SLAM/build/maplab_common/compiled_proto/maplab-common/id.pb.cc:4:0[m[K:
[01m[K/home/mataiyuan/ASD-SLAM/src/maplab-common/include/maplab-common/id.pb.h:111:42:[m[K [01;31m[Kerror: [m[K‘[01m[Kgoogle::protobuf::uint32 common::proto::Id::_has_bits_ [1][m[K’ is private
   ::google::protobuf::uint32 _has_bits_[1];
[01;32m[K                                          ^[m[K
In file included from [01m[K/home/mataiyuan/ASD-SLAM/src/maplab-common/include/maplab-common/id.pb.h:22:0[m[K,
                 from [01m[K/home/mataiyuan/ASD-SLAM/build/maplab_common/compiled_proto/maplab-common/id.pb.cc:4[m[K:
[01m[K/home/mataiyuan/ASD-SLAM/build/maplab_common/compiled_proto/maplab-common/id.pb.cc:53:71:[m[K [01;31m[Kerror: [m[Kwithin this context
   GOOGLE_PROTOBUF_GENERATED_MESSAGE_FIELD_OFFSET(::common::proto::Id, _has_bits_),
[01;32m[K                                                                       ^[m[K
[01m[K/home/mataiyuan/ASD-SLAM/devel/.private/protobuf_catkin/include/google/protobuf/generated_message_util.h:104:47:[m[K [01;36m[Knote: [m[Kin definition of macro ‘[01m[KGOOGLE_PROTOBUF_GENERATED_MESSAGE_FIELD_OFFSET[m[K’
           &reinterpret_cast<const TYPE*>(16)->FIELD) -               \
[01;32m[K                                               ^[m[K
[01m[K/home/mataiyuan/ASD-SLAM/build/maplab_common/compiled_proto/maplab-common/id.pb.cc:54:71:[m[K [01;31m[Kerror: [m[K‘[01m[Kconst class common::proto::Id[m[K’ has no member named ‘[01m[K_internal_metadata_[m[K’
   GOOGLE_PROTOBUF_GENERATED_MESSAGE_FIELD_OFFSET(::common::proto::Id, _internal_metadata_),
[01;32m[K                                                                       ^[m[K
[01m[K/home/mataiyuan/ASD-SLAM/devel/.private/protobuf_catkin/include/google/protobuf/generated_message_util.h:104:47:[m[K [01;36m[Knote: [m[Kin definition of macro ‘[01m[KGOOGLE_PROTOBUF_GENERATED_MESSAGE_FIELD_OFFSET[m[K’
           &reinterpret_cast<const TYPE*>(16)->FIELD) -               \
[01;32m[K                                               ^[m[K
In file included from [01m[K/home/mataiyuan/ASD-SLAM/build/maplab_common/compiled_proto/maplab-common/id.pb.cc:4:0[m[K:
[01m[K/home/mataiyuan/ASD-SLAM/src/maplab-common/include/maplab-common/id.pb.h:113:67:[m[K [01;31m[Kerror: [m[K‘[01m[Kgoogle::protobuf::RepeatedField<long unsigned int> common::proto::Id::uint_[m[K’ is private
   ::google::protobuf::RepeatedField< ::google::protobuf::uint64 > uint_;
[01;32m[K                                                                   ^[m[K
In file included from [01m[K/home/mataiyuan/ASD-SLAM/src/maplab-common/include/maplab-common/id.pb.h:22:0[m[K,
                 from [01m[K/home/mataiyuan/ASD-SLAM/build/maplab_common/compiled_proto/maplab-common/id.pb.cc:4[m[K:
[01m[K/home/mataiyuan/ASD-SLAM/build/maplab_common/compiled_proto/maplab-common/id.pb.cc:58:71:[m[K [01;31m[Kerror: [m[Kwithin this context
   GOOGLE_PROTOBUF_GENERATED_MESSAGE_FIELD_OFFSET(::common::proto::Id, uint_),
[01;32m[K                                                                       ^[m[K
[01m[K/home/mataiyuan/ASD-SLAM/devel/.private/protobuf_catkin/include/google/protobuf/generated_message_util.h:104:47:[m[K [01;36m[Knote: [m[Kin definition of macro ‘[01m[KGOOGLE_PROTOBUF_GENERATED_MESSAGE_FIELD_OFFSET[m[K’
           &reinterpret_cast<const TYPE*>(16)->FIELD) -               \
[01;32m[K                                               ^[m[K
[01m[K/home/mataiyuan/ASD-SLAM/build/maplab_common/compiled_proto/maplab-common/id.pb.cc:[m[K In function ‘[01m[Kvoid protobuf_maplab_2dcommon_2fid_2eproto::protobuf_AssignDescriptors()[m[K’:
[01m[K/home/mataiyuan/ASD-SLAM/build/maplab_common/compiled_proto/maplab-common/id.pb.cc:70:18:[m[K [01;31m[Kerror: [m[K‘[01m[KAddDescriptors[m[K’ was not declared in this scope
   AddDescriptors();
[01;32m[K                  ^[m[K
[01m[K/home/mataiyuan/ASD-SLAM/build/maplab_common/compiled_proto/maplab-common/id.pb.cc:72:66:[m[K [01;31m[Kerror: [m[K‘[01m[KTableStruct[m[K’ has not been declared
       "maplab-common/id.proto", schemas, file_default_instances, TableStruct::offsets,
[01;32m[K                                                                  ^[m[K
[01m[K/home/mataiyuan/ASD-SLAM/build/maplab_common/compiled_proto/maplab-common/id.pb.cc:[m[K In constructor ‘[01m[Kcommon::proto::Id::Id()[m[K’:
[01m[K/home/mataiyuan/ASD-SLAM/build/maplab_common/compiled_proto/maplab-common/id.pb.cc:122:36:[m[K [01;31m[Kerror: [m[Kclass ‘[01m[Kcommon::proto::Id[m[K’ does not have any field named ‘[01m[K_internal_metadata_[m[K’
   : ::google::protobuf::Message(), _internal_metadata_(NULL) {
[01;32m[K                                    ^[m[K
[01m[K/home/mataiyuan/ASD-SLAM/build/maplab_common/compiled_proto/maplab-common/id.pb.cc:[m[K In copy constructor ‘[01m[Kcommon::proto::Id::Id(const common::proto::Id&)[m[K’:
[01m[K/home/mataiyuan/ASD-SLAM/build/maplab_common/compiled_proto/maplab-common/id.pb.cc:130:7:[m[K [01;31m[Kerror: [m[Kclass ‘[01m[Kcommon::proto::Id[m[K’ does not have any field named ‘[01m[K_internal_metadata_[m[K’
       _internal_metadata_(NULL),
[01;32m[K       ^[m[K
[01m[K/home/mataiyuan/ASD-SLAM/build/maplab_common/compiled_proto/maplab-common/id.pb.cc:132:23:[m[K [01;31m[Kerror: [m[Karray used as initializer
       uint_(from.uint_) {
[01;32m[K                       ^[m[K
[01m[K/home/mataiyuan/ASD-SLAM/build/maplab_common/compiled_proto/maplab-common/id.pb.cc:133:3:[m[K [01;31m[Kerror: [m[K‘[01m[K_internal_metadata_[m[K’ was not declared in this scope
   _internal_metadata_.MergeFrom(from._internal_metadata_);
[01;32m[K   ^[m[K
[01m[K/home/mataiyuan/ASD-SLAM/build/maplab_common/compiled_proto/maplab-common/id.pb.cc:133:38:[m[K [01;31m[Kerror: [m[K‘[01m[Kconst class common::proto::Id[m[K’ has no member named ‘[01m[K_internal_metadata_[m[K’
   _internal_metadata_.MergeFrom(from._internal_metadata_);
[01;32m[K                                      ^[m[K
[01m[K/home/mataiyuan/ASD-SLAM/build/maplab_common/compiled_proto/maplab-common/id.pb.cc:[m[K In member function ‘[01m[Kvirtual void common::proto::Id::SetCachedSize(int) const[m[K’:
[01m[K/home/mataiyuan/ASD-SLAM/build/maplab_common/compiled_proto/maplab-common/id.pb.cc:149:17:[m[K [01;31m[Kerror: [m[Krequest for member ‘[01m[KSet[m[K’ in ‘[01m[K((const common::proto::Id*)this)->common::proto::Id::_cached_size_[m[K’, which is of non-class type ‘[01m[Kint[m[K’
   _cached_size_.Set(size);
[01;32m[K                 ^[m[K
[01m[K/home/mataiyuan/ASD-SLAM/build/maplab_common/compiled_proto/maplab-common/id.pb.cc:[m[K In static member function ‘[01m[Kstatic const google::protobuf::Descriptor* common::proto::Id::descriptor()[m[K’:
[01m[K/home/mataiyuan/ASD-SLAM/build/maplab_common/compiled_proto/maplab-common/id.pb.cc:153:71:[m[K [01;31m[Kerror: [m[K‘[01m[KkIndexInFileMessages[m[K’ was not declared in this scope
   return ::protobuf_maplab_2dcommon_2fid_2eproto::file_level_metadata[kIndexInFileMessages].descriptor;
[01;32m[K                                                                       ^[m[K
[01m[K/home/mataiyuan/ASD-SLAM/build/maplab_common/compiled_proto/maplab-common/id.pb.cc:[m[K In static member function ‘[01m[Kstatic const common::proto::Id& common::proto::Id::default_instance()[m[K’:
[01m[K/home/mataiyuan/ASD-SLAM/build/maplab_common/compiled_proto/maplab-common/id.pb.cc:158:37:[m[K [01;31m[Kerror: [m[K‘[01m[Kinternal_default_instance[m[K’ was not declared in this scope
   return *internal_default_instance();
[01;32m[K                                     ^[m[K
[01m[K/home/mataiyuan/ASD-SLAM/build/maplab_common/compiled_proto/maplab-common/id.pb.cc:[m[K In member function ‘[01m[Kvirtual void common::proto::Id::Clear()[m[K’:
[01m[K/home/mataiyuan/ASD-SLAM/build/maplab_common/compiled_proto/maplab-common/id.pb.cc:169:14:[m[K [01;31m[Kerror: [m[Krequest for member ‘[01m[KClear[m[K’ in ‘[01m[K((common::proto::Id*)this)->common::proto::Id::_has_bits_[m[K’, which is of non-class type ‘[01m[Kgoogle::protobuf::uint32 [1] {aka unsigned int [1]}[m[K’
   _has_bits_.Clear();
[01;32m[K              ^[m[K
[01m[K/home/mataiyuan/ASD-SLAM/build/maplab_common/compiled_proto/maplab-common/id.pb.cc:170:3:[m[K [01;31m[Kerror: [m[K‘[01m[K_internal_metadata_[m[K’ was not declared in this scope
   _internal_metadata_.Clear();
[01;32m[K   ^[m[K
In file included from [01m[K/home/mataiyuan/ASD-SLAM/devel/.private/protobuf_catkin/include/google/protobuf/stubs/common.h:46:0[m[K,
                 from [01m[K/home/mataiyuan/ASD-SLAM/src/maplab-common/include/maplab-common/id.pb.h:9[m[K,
                 from [01m[K/home/mataiyuan/ASD-SLAM/build/maplab_common/compiled_proto/maplab-common/id.pb.cc:4[m[K:
[01m[K/home/mataiyuan/ASD-SLAM/build/maplab_common/compiled_proto/maplab-common/id.pb.cc:[m[K In member function ‘[01m[Kvirtual bool common::proto::Id::MergePartialFromCodedStream(google::protobuf::io::CodedInputStream*)[m[K’:
[01m[K/home/mataiyuan/ASD-SLAM/build/maplab_common/compiled_proto/maplab-common/id.pb.cc:208:27:[m[K [01;31m[Kerror: [m[K‘[01m[K_internal_metadata_[m[K’ was not declared in this scope
               input, tag, _internal_metadata_.mutable_unknown_fields()));
[01;32m[K                           ^[m[K
[01m[K/home/mataiyuan/ASD-SLAM/devel/.private/protobuf_catkin/include/google/protobuf/stubs/port.h:229:53:[m[K [01;36m[Knote: [m[Kin definition of macro ‘[01m[KGOOGLE_PREDICT_TRUE[m[K’
 #define GOOGLE_PREDICT_TRUE(x) (__builtin_expect(!!(x), 1))
[01;32m[K                                                     ^[m[K
[01m[K/home/mataiyuan/ASD-SLAM/build/maplab_common/compiled_proto/maplab-common/id.pb.cc:207:9:[m[K [01;36m[Knote: [m[Kin expansion of macro ‘[01m[KDO_[m[K’
         DO_(::google::protobuf::internal::WireFormat::SkipField(
[01;32m[K         ^[m[K
[01m[K/home/mataiyuan/ASD-SLAM/build/maplab_common/compiled_proto/maplab-common/id.pb.cc:[m[K In member function ‘[01m[Kvirtual void common::proto::Id::SerializeWithCachedSizes(google::protobuf::io::CodedOutputStream*) const[m[K’:
[01m[K/home/mataiyuan/ASD-SLAM/build/maplab_common/compiled_proto/maplab-common/id.pb.cc:234:7:[m[K [01;31m[Kerror: [m[K‘[01m[K_internal_metadata_[m[K’ was not declared in this scope
   if (_internal_metadata_.have_unknown_fields()) {
[01;32m[K       ^[m[K
[01m[K/home/mataiyuan/ASD-SLAM/build/maplab_common/compiled_proto/maplab-common/id.pb.cc:[m[K At global scope:
[01m[K/home/mataiyuan/ASD-SLAM/build/maplab_common/compiled_proto/maplab-common/id.pb.cc:242:60:[m[K [01;31m[Kerror: [m[Kno ‘[01m[Kgoogle::protobuf::uint8* common::proto::Id::InternalSerializeWithCachedSizesToArray(bool, google::protobuf::uint8*) const[m[K’ member function declared in class ‘[01m[Kcommon::proto::Id[m[K’
     bool deterministic, ::google::protobuf::uint8* target) const {
[01;32m[K                                                            ^[m[K
[01m[K/home/mataiyuan/ASD-SLAM/build/maplab_common/compiled_proto/maplab-common/id.pb.cc:260:27:[m[K [01;31m[Kerror: [m[Kno ‘[01m[Ksize_t common::proto::Id::ByteSizeLong() const[m[K’ member function declared in class ‘[01m[Kcommon::proto::Id[m[K’
 size_t Id::ByteSizeLong() const {
[01;32m[K                           ^[m[K
[01m[K/home/mataiyuan/ASD-SLAM/build/maplab_common/compiled_proto/maplab-common/id.pb.cc:[m[K In member function ‘[01m[Kvoid common::proto::Id::MergeFrom(const common::proto::Id&)[m[K’:
[01m[K/home/mataiyuan/ASD-SLAM/build/maplab_common/compiled_proto/maplab-common/id.pb.cc:301:3:[m[K [01;31m[Kerror: [m[K‘[01m[K_internal_metadata_[m[K’ was not declared in this scope
   _internal_metadata_.MergeFrom(from._internal_metadata_);
[01;32m[K   ^[m[K
[01m[K/home/mataiyuan/ASD-SLAM/build/maplab_common/compiled_proto/maplab-common/id.pb.cc:301:38:[m[K [01;31m[Kerror: [m[K‘[01m[Kconst class common::proto::Id[m[K’ has no member named ‘[01m[K_internal_metadata_[m[K’
   _internal_metadata_.MergeFrom(from._internal_metadata_);
[01;32m[K                                      ^[m[K
[01m[K/home/mataiyuan/ASD-SLAM/build/maplab_common/compiled_proto/maplab-common/id.pb.cc:[m[K In member function ‘[01m[Kvoid common::proto::Id::Swap(common::proto::Id*)[m[K’:
[01m[K/home/mataiyuan/ASD-SLAM/build/maplab_common/compiled_proto/maplab-common/id.pb.cc:328:21:[m[K [01;31m[Kerror: [m[K‘[01m[KInternalSwap[m[K’ was not declared in this scope
   InternalSwap(other);
[01;32m[K                     ^[m[K
[01m[K/home/mataiyuan/ASD-SLAM/build/maplab_common/compiled_proto/maplab-common/id.pb.cc:[m[K At global scope:
[01m[K/home/mataiyuan/ASD-SLAM/build/maplab_common/compiled_proto/maplab-common/id.pb.cc:330:32:[m[K [01;31m[Kerror: [m[Kno ‘[01m[Kvoid common::proto::Id::InternalSwap(common::proto::Id*)[m[K’ member function declared in class ‘[01m[Kcommon::proto::Id[m[K’
 void Id::InternalSwap(Id* other) {
[01;32m[K                                ^[m[K
[01m[K/home/mataiyuan/ASD-SLAM/build/maplab_common/compiled_proto/maplab-common/id.pb.cc:[m[K In member function ‘[01m[Kvirtual google::protobuf::Metadata common::proto::Id::GetMetadata() const[m[K’:
[01m[K/home/mataiyuan/ASD-SLAM/build/maplab_common/compiled_proto/maplab-common/id.pb.cc:339:71:[m[K [01;31m[Kerror: [m[K‘[01m[KkIndexInFileMessages[m[K’ was not declared in this scope
   return ::protobuf_maplab_2dcommon_2fid_2eproto::file_level_metadata[kIndexInFileMessages];
[01;32m[K                                                                       ^[m[K
make[2]: *** [CMakeFiles/maplab_common.dir/src/unique-id.cc.o] Error 1
make[2]: *** [CMakeFiles/maplab_common.dir/compiled_proto/maplab-common/id.pb.cc.o] Error 1
make[1]: *** [CMakeFiles/maplab_common.dir/all] Error 2
make: *** [all] Error 2
