Symlinking /home/mataiyuan/ASD-SLAM/devel/share/proto/maplab-common/id.proto
Symlinking /home/mataiyuan/ASD-SLAM/devel/share/proto/maplab-common/eigen.proto
Symlinking /home/mataiyuan/ASD-SLAM/devel/share/maplab_common/cmake/maplab_commonConfig.cmake
Symlinking /home/mataiyuan/ASD-SLAM/devel/share/maplab_common/cmake/maplab_commonConfig-version.cmake
Symlinking /home/mataiyuan/ASD-SLAM/devel/share/maplab_common/cmake/maplab_common-extras.cmake
Symlinking /home/mataiyuan/ASD-SLAM/devel/include/maplab-common/traits.h
Symlinking /home/mataiyuan/ASD-SLAM/devel/include/maplab-common/stupid-warnings-reenable.h
Symlinking /home/mataiyuan/ASD-SLAM/devel/include/maplab-common/accessors.h
Symlinking /home/mataiyuan/ASD-SLAM/devel/include/maplab-common/map-traits.h
Symlinking /home/mataiyuan/ASD-SLAM/devel/include/maplab-common/parallel-process.h
Symlinking /home/mataiyuan/ASD-SLAM/devel/include/maplab-common/yaml-file-serializable.h
Symlinking /home/mataiyuan/ASD-SLAM/devel/include/maplab-common/file-logger-inl.h
Symlinking /home/mataiyuan/ASD-SLAM/devel/include/maplab-common/eigen-yaml-serialization.h
Symlinking /home/mataiyuan/ASD-SLAM/devel/include/maplab-common/ui-utility.h
Symlinking /home/mataiyuan/ASD-SLAM/devel/include/maplab-common/conversions.h
Symlinking /home/mataiyuan/ASD-SLAM/devel/include/maplab-common/gnuplot-interface.h
Symlinking /home/mataiyuan/ASD-SLAM/devel/include/maplab-common/readable-serialization.h
Symlinking /home/mataiyuan/ASD-SLAM/devel/include/maplab-common/proto-helpers.h
Symlinking /home/mataiyuan/ASD-SLAM/devel/include/maplab-common/vector-window-operations.h
Symlinking /home/mataiyuan/ASD-SLAM/devel/include/maplab-common/condition.h
Symlinking /home/mataiyuan/ASD-SLAM/devel/include/maplab-common/macros.h
Symlinking /home/mataiyuan/ASD-SLAM/devel/include/maplab-common/temporal-buffer-inl.h
Symlinking /home/mataiyuan/ASD-SLAM/devel/include/maplab-common/backtrace.h
Symlinking /home/mataiyuan/ASD-SLAM/devel/include/maplab-common/cubic-spline.h
Symlinking /home/mataiyuan/ASD-SLAM/devel/include/maplab-common/map-manager-config.h
Symlinking /home/mataiyuan/ASD-SLAM/devel/include/maplab-common/combinatorial.h
Symlinking /home/mataiyuan/ASD-SLAM/devel/include/maplab-common/monitor.h
Symlinking /home/mataiyuan/ASD-SLAM/devel/include/maplab-common/histograms.h
Symlinking /home/mataiyuan/ASD-SLAM/devel/include/maplab-common/network-common.h
Symlinking /home/mataiyuan/ASD-SLAM/devel/include/maplab-common/threadsafe-queue.h
Symlinking /home/mataiyuan/ASD-SLAM/devel/include/maplab-common/file-system-tools.h
Symlinking /home/mataiyuan/ASD-SLAM/devel/include/maplab-common/string-tools.h
Symlinking /home/mataiyuan/ASD-SLAM/devel/include/maplab-common/threaded-task-queue-processor.h
Symlinking /home/mataiyuan/ASD-SLAM/devel/include/maplab-common/hysteresis.h
Symlinking /home/mataiyuan/ASD-SLAM/devel/include/maplab-common/geometry.h
Symlinking /home/mataiyuan/ASD-SLAM/devel/include/maplab-common/tridiagonal-matrix.h
Symlinking /home/mataiyuan/ASD-SLAM/devel/include/maplab-common/quaternion-math.h
Symlinking /home/mataiyuan/ASD-SLAM/devel/include/maplab-common/glog-helpers.h
Symlinking /home/mataiyuan/ASD-SLAM/devel/include/maplab-common/file-serializable.h
Symlinking /home/mataiyuan/ASD-SLAM/devel/include/maplab-common/progress-bar.h
Symlinking /home/mataiyuan/ASD-SLAM/devel/include/maplab-common/gnuplot-interface-inl.h
Symlinking /home/mataiyuan/ASD-SLAM/devel/include/maplab-common/yaml-serialization.h
Symlinking /home/mataiyuan/ASD-SLAM/devel/include/maplab-common/pose_types.h
Symlinking /home/mataiyuan/ASD-SLAM/devel/include/maplab-common/constants.h
Symlinking /home/mataiyuan/ASD-SLAM/devel/include/maplab-common/python-interface.h
Symlinking /home/mataiyuan/ASD-SLAM/devel/include/maplab-common/kruskal-max-span-tree.h
Symlinking /home/mataiyuan/ASD-SLAM/devel/include/maplab-common/capture-std-output.h
Symlinking /home/mataiyuan/ASD-SLAM/devel/include/maplab-common/multi-threaded-progress-bar.h
Symlinking /home/mataiyuan/ASD-SLAM/devel/include/maplab-common/feature-descriptor-ref.h
Symlinking /home/mataiyuan/ASD-SLAM/devel/include/maplab-common/global-coordinate-tools.h
Symlinking /home/mataiyuan/ASD-SLAM/devel/include/maplab-common/threading-helpers.h
Symlinking /home/mataiyuan/ASD-SLAM/devel/include/maplab-common/discrete-low-pass-filter.h
Symlinking /home/mataiyuan/ASD-SLAM/devel/include/maplab-common/eigen-proto.h
Symlinking /home/mataiyuan/ASD-SLAM/devel/include/maplab-common/proto-serialization-helper.h
Symlinking /home/mataiyuan/ASD-SLAM/devel/include/maplab-common/delayed-notification.h
Symlinking /home/mataiyuan/ASD-SLAM/devel/include/maplab-common/sigint-breaker.h
Symlinking /home/mataiyuan/ASD-SLAM/devel/include/maplab-common/stupid-warnings-disable.h
Symlinking /home/mataiyuan/ASD-SLAM/devel/include/maplab-common/breakpoints.h
Symlinking /home/mataiyuan/ASD-SLAM/devel/include/maplab-common/interpolation-helpers.h
Symlinking /home/mataiyuan/ASD-SLAM/devel/include/maplab-common/id.pb.h
Symlinking /home/mataiyuan/ASD-SLAM/devel/include/maplab-common/gravity-provider.h
Symlinking /home/mataiyuan/ASD-SLAM/devel/include/maplab-common/binary-serialization.h
Symlinking /home/mataiyuan/ASD-SLAM/devel/include/maplab-common/file-lock.h
Symlinking /home/mataiyuan/ASD-SLAM/devel/include/maplab-common/file-logger.h
Symlinking /home/mataiyuan/ASD-SLAM/devel/include/maplab-common/ordered-monitors.h
Symlinking /home/mataiyuan/ASD-SLAM/devel/include/maplab-common/timeout-counter.h
Symlinking /home/mataiyuan/ASD-SLAM/devel/include/maplab-common/text-formatting.h
Symlinking /home/mataiyuan/ASD-SLAM/devel/include/maplab-common/aslam-id-proto.h
Symlinking /home/mataiyuan/ASD-SLAM/devel/include/maplab-common/histograms-inl.h
Symlinking /home/mataiyuan/ASD-SLAM/devel/include/maplab-common/geometry-inl.h
Symlinking /home/mataiyuan/ASD-SLAM/devel/include/maplab-common/frequency-enforcer.h
Symlinking /home/mataiyuan/ASD-SLAM/devel/include/maplab-common/readable-serialization-inl.h
Symlinking /home/mataiyuan/ASD-SLAM/devel/include/maplab-common/unique-id.h
Symlinking /home/mataiyuan/ASD-SLAM/devel/include/maplab-common/fixed-size-queue.h
Symlinking /home/mataiyuan/ASD-SLAM/devel/include/maplab-common/stringprintf.h
Symlinking /home/mataiyuan/ASD-SLAM/devel/include/maplab-common/temporal-buffer.h
Symlinking /home/mataiyuan/ASD-SLAM/devel/include/maplab-common/quaternion-math-inl.h
Symlinking /home/mataiyuan/ASD-SLAM/devel/include/maplab-common/eigen-proto-inl.h
Symlinking /home/mataiyuan/ASD-SLAM/devel/include/maplab-common/eigen.pb.h
Symlinking /home/mataiyuan/ASD-SLAM/devel/include/maplab-common/internal/discrete-low-pass-filter-inl.h
Symlinking /home/mataiyuan/ASD-SLAM/devel/include/maplab-common/internal/hysteresis-inl.h
Symlinking /home/mataiyuan/ASD-SLAM/devel/include/maplab-common/internal/unique-id.h
Symlinking /home/mataiyuan/ASD-SLAM/devel/include/maplab-common/test/serialization-macros.h
Symlinking /home/mataiyuan/ASD-SLAM/devel/include/maplab-common/test/testing-entrypoint.h
Symlinking /home/mataiyuan/ASD-SLAM/devel/include/maplab-common/test/testing-predicates.h
Symlinking /home/mataiyuan/ASD-SLAM/devel/lib/libmaplab_common.so
Symlinking /home/mataiyuan/ASD-SLAM/devel/lib/pkgconfig/maplab_common.pc
